ARM GAS  /var/folders/c6/c789hm653lg9vtl73krp73tm0000gn/T//cc9ajN5v.s 			page 1


   1              		.syntax unified
   2              		.cpu cortex-m4
   3              		.fpu softvfp
   4              		.eabi_attribute 20, 1
   5              		.eabi_attribute 21, 1
   6              		.eabi_attribute 23, 3
   7              		.eabi_attribute 24, 1
   8              		.eabi_attribute 25, 1
   9              		.eabi_attribute 26, 1
  10              		.eabi_attribute 30, 2
  11              		.eabi_attribute 34, 1
  12              		.eabi_attribute 18, 4
  13              		.thumb
  14              		.file	"hal_queues.c"
  15              		.text
  16              	.Ltext0:
  17              		.section	.gnu.lto_.inline.4c9069174933fe0a,"",%progbits
  18 0000 789C6362 		.ascii	"x\234cb`b\300\006\020\242\000\000\272\000\007"
  18      6062C006 
  18      10A20000 
  18      BA0007
  19              		.text
  20              		.section	.gnu.lto_.pureconst.4c9069174933fe0a,"",%progbits
  21 0000 789C6362 		.ascii	"x\234cb`b`d\200\002\000\000F\000\006"
  21      60626064 
  21      80020000 
  21      460006
  22              		.text
  23              		.section	.gnu.lto_.symbol_nodes.4c9069174933fe0a,"",%progbits
  24 0000 789C6362 		.ascii	"x\234cb`\002B\030\000\000\000V\000\007"
  24      60024218 
  24      00000056 
  24      0007
  25              		.text
  26              		.section	.gnu.lto_.refs.4c9069174933fe0a,"",%progbits
  27 0000 789C6362 		.ascii	"x\234cb`b`d\200\002\000\000F\000\006"
  27      60626064 
  27      80020000 
  27      460006
  28              		.text
  29              		.section	.gnu.lto_.decls.4c9069174933fe0a,"",%progbits
  30 0000 789C6362 		.ascii	"x\234cb`bPa``\370\017\004@\212\201\021\212\355\030\010"
  30      60625061 
  30      6060F80F 
  30      04408A81 
  30      118AED18 
  31 0015 0000CE1B 		.ascii	"\000\000\316\033\004e"
  31      0465
  32              		.text
  33              		.section	.gnu.lto_.symtab.4c9069174933fe0a,"",%progbits
  34              		.text
  35              		.section	.gnu.lto_.opts,"",%progbits
  36 0000 272D6D63 		.ascii	"'-mcpu=cortex-m4' '-mno-thumb-interwork' '-mthumb' "
  36      70753D63 
  36      6F727465 
  36      782D6D34 
  36      2720272D 
ARM GAS  /var/folders/c6/c789hm653lg9vtl73krp73tm0000gn/T//cc9ajN5v.s 			page 2


  37 0033 272D6767 		.ascii	"'-ggdb' '-O2' '-fomit-frame-pointer' '-falign-funct"
  37      64622720 
  37      272D4F32 
  37      2720272D 
  37      666F6D69 
  38 0066 696F6E73 		.ascii	"ions=16' '-ffunction-sections' '-fdata-sections' '-"
  38      3D313627 
  38      20272D66 
  38      66756E63 
  38      74696F6E 
  39 0099 666E6F2D 		.ascii	"fno-common' '-flto'\000"
  39      636F6D6D 
  39      6F6E2720 
  39      272D666C 
  39      746F2700 
  40              		.text
  41              		.cfi_sections	.debug_frame
  42              	.Letext0:
  43              		.file 1 "/usr/local/Cellar/gcc-arm-none-eabi/20140805/arm-none-eabi/include/machine/_default_types
  44              		.file 2 "/usr/local/Cellar/gcc-arm-none-eabi/20140805/arm-none-eabi/include/stdint.h"
  45              		.file 3 "../../../os/rt/ports/ARMCMx/compilers/GCC/chtypes.h"
  46              		.file 4 "../../../os/rt/include/chsystypes.h"
  47              		.file 5 "../../../os/rt/include/chschd.h"
  48              		.file 6 "../../../os/rt/ports/ARMCMx/chcore.h"
  49              		.file 7 "../../../os/rt/ports/ARMCMx/chcore_v7m.h"
  50              		.file 8 "../../../os/rt/include/chdebug.h"
  51              		.file 9 "../../../os/rt/include/chtm.h"
  52              		.file 10 "../../../os/rt/include/chstats.h"
  53              		.file 11 "../../../os/rt/include/chsem.h"
  54              		.file 12 "../../../os/rt/include/chmtx.h"
  55              		.file 13 "../../../os/ext/CMSIS/include/core_cm4.h"
  56              		.section	.debug_info,"",%progbits
  57              	.Ldebug_info0:
  58 0000 C1070000 		.4byte	0x7c1
  59 0004 0400     		.2byte	0x4
  60 0006 00000000 		.4byte	.Ldebug_abbrev0
  61 000a 04       		.byte	0x4
  62 000b 01       		.uleb128 0x1
  63 000c 00000000 		.4byte	.LASF130
  64 0010 01       		.byte	0x1
  65 0011 27060000 		.4byte	.LASF131
  66 0015 DF020000 		.4byte	.LASF132
  67 0019 00000000 		.4byte	.Ldebug_line0
  68 001d 02       		.uleb128 0x2
  69 001e 04       		.byte	0x4
  70 001f 05       		.byte	0x5
  71 0020 696E7400 		.ascii	"int\000"
  72 0024 03       		.uleb128 0x3
  73 0025 04       		.byte	0x4
  74 0026 07       		.byte	0x7
  75 0027 AC020000 		.4byte	.LASF0
  76 002b 03       		.uleb128 0x3
  77 002c 01       		.byte	0x1
  78 002d 06       		.byte	0x6
  79 002e F5010000 		.4byte	.LASF1
  80 0032 04       		.uleb128 0x4
  81 0033 1F010000 		.4byte	.LASF5
ARM GAS  /var/folders/c6/c789hm653lg9vtl73krp73tm0000gn/T//cc9ajN5v.s 			page 3


  82 0037 01       		.byte	0x1
  83 0038 1C       		.byte	0x1c
  84 0039 3D000000 		.4byte	0x3d
  85 003d 03       		.uleb128 0x3
  86 003e 01       		.byte	0x1
  87 003f 08       		.byte	0x8
  88 0040 AE040000 		.4byte	.LASF2
  89 0044 03       		.uleb128 0x3
  90 0045 02       		.byte	0x2
  91 0046 05       		.byte	0x5
  92 0047 C6040000 		.4byte	.LASF3
  93 004b 03       		.uleb128 0x3
  94 004c 02       		.byte	0x2
  95 004d 07       		.byte	0x7
  96 004e 3B030000 		.4byte	.LASF4
  97 0052 04       		.uleb128 0x4
  98 0053 B2030000 		.4byte	.LASF6
  99 0057 01       		.byte	0x1
 100 0058 37       		.byte	0x37
 101 0059 5D000000 		.4byte	0x5d
 102 005d 03       		.uleb128 0x3
 103 005e 04       		.byte	0x4
 104 005f 05       		.byte	0x5
 105 0060 22020000 		.4byte	.LASF7
 106 0064 04       		.uleb128 0x4
 107 0065 A1050000 		.4byte	.LASF8
 108 0069 01       		.byte	0x1
 109 006a 38       		.byte	0x38
 110 006b 6F000000 		.4byte	0x6f
 111 006f 03       		.uleb128 0x3
 112 0070 04       		.byte	0x4
 113 0071 07       		.byte	0x7
 114 0072 57050000 		.4byte	.LASF9
 115 0076 03       		.uleb128 0x3
 116 0077 08       		.byte	0x8
 117 0078 05       		.byte	0x5
 118 0079 E7010000 		.4byte	.LASF10
 119 007d 04       		.uleb128 0x4
 120 007e 50040000 		.4byte	.LASF11
 121 0082 01       		.byte	0x1
 122 0083 4E       		.byte	0x4e
 123 0084 88000000 		.4byte	0x88
 124 0088 03       		.uleb128 0x3
 125 0089 08       		.byte	0x8
 126 008a 07       		.byte	0x7
 127 008b 6E010000 		.4byte	.LASF12
 128 008f 04       		.uleb128 0x4
 129 0090 02060000 		.4byte	.LASF13
 130 0094 02       		.byte	0x2
 131 0095 2A       		.byte	0x2a
 132 0096 32000000 		.4byte	0x32
 133 009a 04       		.uleb128 0x4
 134 009b A6040000 		.4byte	.LASF14
 135 009f 02       		.byte	0x2
 136 00a0 41       		.byte	0x41
 137 00a1 52000000 		.4byte	0x52
 138 00a5 04       		.uleb128 0x4
ARM GAS  /var/folders/c6/c789hm653lg9vtl73krp73tm0000gn/T//cc9ajN5v.s 			page 4


 139 00a6 26050000 		.4byte	.LASF15
 140 00aa 02       		.byte	0x2
 141 00ab 42       		.byte	0x42
 142 00ac 64000000 		.4byte	0x64
 143 00b0 04       		.uleb128 0x4
 144 00b1 09010000 		.4byte	.LASF16
 145 00b5 02       		.byte	0x2
 146 00b6 4E       		.byte	0x4e
 147 00b7 7D000000 		.4byte	0x7d
 148 00bb 05       		.uleb128 0x5
 149 00bc 9A000000 		.4byte	0x9a
 150 00c0 04       		.uleb128 0x4
 151 00c1 C5050000 		.4byte	.LASF17
 152 00c5 03       		.byte	0x3
 153 00c6 45       		.byte	0x45
 154 00c7 A5000000 		.4byte	0xa5
 155 00cb 04       		.uleb128 0x4
 156 00cc D7010000 		.4byte	.LASF18
 157 00d0 03       		.byte	0x3
 158 00d1 46       		.byte	0x46
 159 00d2 B0000000 		.4byte	0xb0
 160 00d6 04       		.uleb128 0x4
 161 00d7 85030000 		.4byte	.LASF19
 162 00db 03       		.byte	0x3
 163 00dc 48       		.byte	0x48
 164 00dd 8F000000 		.4byte	0x8f
 165 00e1 04       		.uleb128 0x4
 166 00e2 2B020000 		.4byte	.LASF20
 167 00e6 03       		.byte	0x3
 168 00e7 49       		.byte	0x49
 169 00e8 8F000000 		.4byte	0x8f
 170 00ec 04       		.uleb128 0x4
 171 00ed 66040000 		.4byte	.LASF21
 172 00f1 03       		.byte	0x3
 173 00f2 4A       		.byte	0x4a
 174 00f3 8F000000 		.4byte	0x8f
 175 00f7 04       		.uleb128 0x4
 176 00f8 8F040000 		.4byte	.LASF22
 177 00fc 03       		.byte	0x3
 178 00fd 4C       		.byte	0x4c
 179 00fe A5000000 		.4byte	0xa5
 180 0102 04       		.uleb128 0x4
 181 0103 67030000 		.4byte	.LASF23
 182 0107 03       		.byte	0x3
 183 0108 4D       		.byte	0x4d
 184 0109 9A000000 		.4byte	0x9a
 185 010d 04       		.uleb128 0x4
 186 010e A6030000 		.4byte	.LASF24
 187 0112 03       		.byte	0x3
 188 0113 4F       		.byte	0x4f
 189 0114 A5000000 		.4byte	0xa5
 190 0118 04       		.uleb128 0x4
 191 0119 9B020000 		.4byte	.LASF25
 192 011d 03       		.byte	0x3
 193 011e 51       		.byte	0x51
 194 011f 9A000000 		.4byte	0x9a
 195 0123 04       		.uleb128 0x4
ARM GAS  /var/folders/c6/c789hm653lg9vtl73krp73tm0000gn/T//cc9ajN5v.s 			page 5


 196 0124 72030000 		.4byte	.LASF26
 197 0128 03       		.byte	0x3
 198 0129 52       		.byte	0x52
 199 012a A5000000 		.4byte	0xa5
 200 012e 04       		.uleb128 0x4
 201 012f 83050000 		.4byte	.LASF27
 202 0133 04       		.byte	0x4
 203 0134 33       		.byte	0x33
 204 0135 A5000000 		.4byte	0xa5
 205 0139 04       		.uleb128 0x4
 206 013a 6E050000 		.4byte	.LASF28
 207 013e 04       		.byte	0x4
 208 013f 3F       		.byte	0x3f
 209 0140 44010000 		.4byte	0x144
 210 0144 06       		.uleb128 0x6
 211 0145 5D030000 		.4byte	.LASF50
 212 0149 60       		.byte	0x60
 213 014a 05       		.byte	0x5
 214 014b C2       		.byte	0xc2
 215 014c 4A020000 		.4byte	0x24a
 216 0150 07       		.uleb128 0x7
 217 0151 E6040000 		.4byte	.LASF29
 218 0155 05       		.byte	0x5
 219 0156 C3       		.byte	0xc3
 220 0157 55020000 		.4byte	0x255
 221 015b 00       		.byte	0
 222 015c 07       		.uleb128 0x7
 223 015d 88040000 		.4byte	.LASF30
 224 0161 05       		.byte	0x5
 225 0162 C5       		.byte	0xc5
 226 0163 55020000 		.4byte	0x255
 227 0167 04       		.byte	0x4
 228 0168 07       		.uleb128 0x7
 229 0169 E0010000 		.4byte	.LASF31
 230 016d 05       		.byte	0x5
 231 016e C7       		.byte	0xc7
 232 016f F7000000 		.4byte	0xf7
 233 0173 08       		.byte	0x8
 234 0174 07       		.uleb128 0x7
 235 0175 78060000 		.4byte	.LASF32
 236 0179 05       		.byte	0x5
 237 017a C8       		.byte	0xc8
 238 017b BE040000 		.4byte	0x4be
 239 017f 0C       		.byte	0xc
 240 0180 07       		.uleb128 0x7
 241 0181 3A020000 		.4byte	.LASF33
 242 0185 05       		.byte	0x5
 243 0186 CA       		.byte	0xca
 244 0187 55020000 		.4byte	0x255
 245 018b 10       		.byte	0x10
 246 018c 07       		.uleb128 0x7
 247 018d 1F040000 		.4byte	.LASF34
 248 0191 05       		.byte	0x5
 249 0192 CB       		.byte	0xcb
 250 0193 55020000 		.4byte	0x255
 251 0197 14       		.byte	0x14
 252 0198 07       		.uleb128 0x7
ARM GAS  /var/folders/c6/c789hm653lg9vtl73krp73tm0000gn/T//cc9ajN5v.s 			page 6


 253 0199 11060000 		.4byte	.LASF35
 254 019d 05       		.byte	0x5
 255 019e D2       		.byte	0xd2
 256 019f 62070000 		.4byte	0x762
 257 01a3 18       		.byte	0x18
 258 01a4 07       		.uleb128 0x7
 259 01a5 A1020000 		.4byte	.LASF36
 260 01a9 05       		.byte	0x5
 261 01aa D8       		.byte	0xd8
 262 01ab 74070000 		.4byte	0x774
 263 01af 1C       		.byte	0x1c
 264 01b0 07       		.uleb128 0x7
 265 01b1 D0040000 		.4byte	.LASF37
 266 01b5 05       		.byte	0x5
 267 01b6 DD       		.byte	0xdd
 268 01b7 E1000000 		.4byte	0xe1
 269 01bb 20       		.byte	0x20
 270 01bc 07       		.uleb128 0x7
 271 01bd ED040000 		.4byte	.LASF38
 272 01c1 05       		.byte	0x5
 273 01c2 E1       		.byte	0xe1
 274 01c3 D6000000 		.4byte	0xd6
 275 01c7 21       		.byte	0x21
 276 01c8 07       		.uleb128 0x7
 277 01c9 ED050000 		.4byte	.LASF39
 278 01cd 05       		.byte	0x5
 279 01ce E6       		.byte	0xe6
 280 01cf EC000000 		.4byte	0xec
 281 01d3 22       		.byte	0x22
 282 01d4 08       		.uleb128 0x8
 283 01d5 705F7500 		.ascii	"p_u\000"
 284 01d9 05       		.byte	0x5
 285 01da 3101     		.2byte	0x131
 286 01dc 9D060000 		.4byte	0x69d
 287 01e0 24       		.byte	0x24
 288 01e1 09       		.uleb128 0x9
 289 01e2 C7030000 		.4byte	.LASF40
 290 01e6 05       		.byte	0x5
 291 01e7 3601     		.2byte	0x136
 292 01e9 5B020000 		.4byte	0x25b
 293 01ed 28       		.byte	0x28
 294 01ee 09       		.uleb128 0x9
 295 01ef C8020000 		.4byte	.LASF41
 296 01f3 05       		.byte	0x5
 297 01f4 3C01     		.2byte	0x13c
 298 01f6 7F020000 		.4byte	0x27f
 299 01fa 2C       		.byte	0x2c
 300 01fb 09       		.uleb128 0x9
 301 01fc 55060000 		.4byte	.LASF42
 302 0200 05       		.byte	0x5
 303 0201 4001     		.2byte	0x140
 304 0203 02010000 		.4byte	0x102
 305 0207 34       		.byte	0x34
 306 0208 09       		.uleb128 0x9
 307 0209 1B050000 		.4byte	.LASF43
 308 020d 05       		.byte	0x5
 309 020e 4601     		.2byte	0x146
ARM GAS  /var/folders/c6/c789hm653lg9vtl73krp73tm0000gn/T//cc9ajN5v.s 			page 7


 310 0210 0D010000 		.4byte	0x10d
 311 0214 38       		.byte	0x38
 312 0215 09       		.uleb128 0x9
 313 0216 BC040000 		.4byte	.LASF44
 314 021a 05       		.byte	0x5
 315 021b 4D01     		.2byte	0x14d
 316 021d 5C070000 		.4byte	0x75c
 317 0221 3C       		.byte	0x3c
 318 0222 09       		.uleb128 0x9
 319 0223 8D050000 		.4byte	.LASF45
 320 0227 05       		.byte	0x5
 321 0228 5101     		.2byte	0x151
 322 022a F7000000 		.4byte	0xf7
 323 022e 40       		.byte	0x40
 324 022f 09       		.uleb128 0x9
 325 0230 01020000 		.4byte	.LASF46
 326 0234 05       		.byte	0x5
 327 0235 5801     		.2byte	0x158
 328 0237 32030000 		.4byte	0x332
 329 023b 44       		.byte	0x44
 330 023c 09       		.uleb128 0x9
 331 023d F5040000 		.4byte	.LASF47
 332 0241 05       		.byte	0x5
 333 0242 5E01     		.2byte	0x15e
 334 0244 4E060000 		.4byte	0x64e
 335 0248 48       		.byte	0x48
 336 0249 00       		.byte	0
 337 024a 04       		.uleb128 0x4
 338 024b DA030000 		.4byte	.LASF48
 339 024f 04       		.byte	0x4
 340 0250 44       		.byte	0x44
 341 0251 55020000 		.4byte	0x255
 342 0255 0A       		.uleb128 0xa
 343 0256 04       		.byte	0x4
 344 0257 39010000 		.4byte	0x139
 345 025b 04       		.uleb128 0x4
 346 025c 18060000 		.4byte	.LASF49
 347 0260 04       		.byte	0x4
 348 0261 49       		.byte	0x49
 349 0262 66020000 		.4byte	0x266
 350 0266 06       		.uleb128 0x6
 351 0267 47050000 		.4byte	.LASF51
 352 026b 04       		.byte	0x4
 353 026c 05       		.byte	0x5
 354 026d B0       		.byte	0xb0
 355 026e 7F020000 		.4byte	0x27f
 356 0272 07       		.uleb128 0x7
 357 0273 E6040000 		.4byte	.LASF29
 358 0277 05       		.byte	0x5
 359 0278 B1       		.byte	0xb1
 360 0279 55020000 		.4byte	0x255
 361 027d 00       		.byte	0
 362 027e 00       		.byte	0
 363 027f 04       		.uleb128 0x4
 364 0280 D4050000 		.4byte	.LASF52
 365 0284 04       		.byte	0x4
 366 0285 50       		.byte	0x50
ARM GAS  /var/folders/c6/c789hm653lg9vtl73krp73tm0000gn/T//cc9ajN5v.s 			page 8


 367 0286 8A020000 		.4byte	0x28a
 368 028a 06       		.uleb128 0x6
 369 028b 35010000 		.4byte	.LASF53
 370 028f 08       		.byte	0x8
 371 0290 05       		.byte	0x5
 372 0291 B7       		.byte	0xb7
 373 0292 AF020000 		.4byte	0x2af
 374 0296 07       		.uleb128 0x7
 375 0297 E6040000 		.4byte	.LASF29
 376 029b 05       		.byte	0x5
 377 029c B8       		.byte	0xb8
 378 029d 55020000 		.4byte	0x255
 379 02a1 00       		.byte	0
 380 02a2 07       		.uleb128 0x7
 381 02a3 88040000 		.4byte	.LASF30
 382 02a7 05       		.byte	0x5
 383 02a8 B9       		.byte	0xb9
 384 02a9 55020000 		.4byte	0x255
 385 02ad 04       		.byte	0x4
 386 02ae 00       		.byte	0
 387 02af 04       		.uleb128 0x4
 388 02b0 E7000000 		.4byte	.LASF54
 389 02b4 04       		.byte	0x4
 390 02b5 57       		.byte	0x57
 391 02b6 BA020000 		.4byte	0x2ba
 392 02ba 0B       		.uleb128 0xb
 393 02bb 98030000 		.4byte	.LASF55
 394 02bf 1C       		.byte	0x1c
 395 02c0 05       		.byte	0x5
 396 02c1 9001     		.2byte	0x190
 397 02c3 16030000 		.4byte	0x316
 398 02c7 09       		.uleb128 0x9
 399 02c8 36050000 		.4byte	.LASF56
 400 02cc 05       		.byte	0x5
 401 02cd 9101     		.2byte	0x191
 402 02cf 7F020000 		.4byte	0x27f
 403 02d3 00       		.byte	0
 404 02d4 09       		.uleb128 0x9
 405 02d5 D8040000 		.4byte	.LASF57
 406 02d9 05       		.byte	0x5
 407 02da 9201     		.2byte	0x192
 408 02dc F7000000 		.4byte	0xf7
 409 02e0 08       		.byte	0x8
 410 02e1 09       		.uleb128 0x9
 411 02e2 27040000 		.4byte	.LASF58
 412 02e6 05       		.byte	0x5
 413 02e7 9401     		.2byte	0x194
 414 02e9 BE040000 		.4byte	0x4be
 415 02ed 0C       		.byte	0xc
 416 02ee 09       		.uleb128 0x9
 417 02ef 52020000 		.4byte	.LASF59
 418 02f3 05       		.byte	0x5
 419 02f4 9701     		.2byte	0x197
 420 02f6 55020000 		.4byte	0x255
 421 02fa 10       		.byte	0x10
 422 02fb 09       		.uleb128 0x9
 423 02fc 48040000 		.4byte	.LASF60
ARM GAS  /var/folders/c6/c789hm653lg9vtl73krp73tm0000gn/T//cc9ajN5v.s 			page 9


 424 0300 05       		.byte	0x5
 425 0301 9801     		.2byte	0x198
 426 0303 55020000 		.4byte	0x255
 427 0307 14       		.byte	0x14
 428 0308 09       		.uleb128 0x9
 429 0309 3E040000 		.4byte	.LASF61
 430 030d 05       		.byte	0x5
 431 030e 9B01     		.2byte	0x19b
 432 0310 55020000 		.4byte	0x255
 433 0314 18       		.byte	0x18
 434 0315 00       		.byte	0
 435 0316 04       		.uleb128 0x4
 436 0317 98050000 		.4byte	.LASF62
 437 031b 04       		.byte	0x4
 438 031c 5C       		.byte	0x5c
 439 031d 21030000 		.4byte	0x321
 440 0321 0A       		.uleb128 0xa
 441 0322 04       		.byte	0x4
 442 0323 27030000 		.4byte	0x327
 443 0327 0C       		.uleb128 0xc
 444 0328 32030000 		.4byte	0x332
 445 032c 0D       		.uleb128 0xd
 446 032d 32030000 		.4byte	0x332
 447 0331 00       		.byte	0
 448 0332 0E       		.uleb128 0xe
 449 0333 04       		.byte	0x4
 450 0334 04       		.uleb128 0x4
 451 0335 78040000 		.4byte	.LASF63
 452 0339 04       		.byte	0x4
 453 033a 61       		.byte	0x61
 454 033b 3F030000 		.4byte	0x33f
 455 033f 0B       		.uleb128 0xb
 456 0340 FD040000 		.4byte	.LASF64
 457 0344 14       		.byte	0x14
 458 0345 05       		.byte	0x5
 459 0346 6B01     		.2byte	0x16b
 460 0348 8E030000 		.4byte	0x38e
 461 034c 09       		.uleb128 0x9
 462 034d B9020000 		.4byte	.LASF65
 463 0351 05       		.byte	0x5
 464 0352 6C01     		.2byte	0x16c
 465 0354 7A070000 		.4byte	0x77a
 466 0358 00       		.byte	0
 467 0359 09       		.uleb128 0x9
 468 035a 63020000 		.4byte	.LASF66
 469 035e 05       		.byte	0x5
 470 035f 6D01     		.2byte	0x16d
 471 0361 7A070000 		.4byte	0x77a
 472 0365 04       		.byte	0x4
 473 0366 09       		.uleb128 0x9
 474 0367 3E050000 		.4byte	.LASF67
 475 036b 05       		.byte	0x5
 476 036c 6E01     		.2byte	0x16e
 477 036e 2E010000 		.4byte	0x12e
 478 0372 08       		.byte	0x8
 479 0373 09       		.uleb128 0x9
 480 0374 7E060000 		.4byte	.LASF68
ARM GAS  /var/folders/c6/c789hm653lg9vtl73krp73tm0000gn/T//cc9ajN5v.s 			page 10


 481 0378 05       		.byte	0x5
 482 0379 6F01     		.2byte	0x16f
 483 037b 16030000 		.4byte	0x316
 484 037f 0C       		.byte	0xc
 485 0380 09       		.uleb128 0x9
 486 0381 CD050000 		.4byte	.LASF69
 487 0385 05       		.byte	0x5
 488 0386 7101     		.2byte	0x171
 489 0388 32030000 		.4byte	0x332
 490 038c 10       		.byte	0x10
 491 038d 00       		.byte	0
 492 038e 04       		.uleb128 0x4
 493 038f B4010000 		.4byte	.LASF70
 494 0393 04       		.byte	0x4
 495 0394 66       		.byte	0x66
 496 0395 99030000 		.4byte	0x399
 497 0399 0B       		.uleb128 0xb
 498 039a ED030000 		.4byte	.LASF71
 499 039e 10       		.byte	0x10
 500 039f 05       		.byte	0x5
 501 03a0 7B01     		.2byte	0x17b
 502 03a2 DB030000 		.4byte	0x3db
 503 03a6 09       		.uleb128 0x9
 504 03a7 B9020000 		.4byte	.LASF65
 505 03ab 05       		.byte	0x5
 506 03ac 7C01     		.2byte	0x17c
 507 03ae 7A070000 		.4byte	0x77a
 508 03b2 00       		.byte	0
 509 03b3 09       		.uleb128 0x9
 510 03b4 63020000 		.4byte	.LASF66
 511 03b8 05       		.byte	0x5
 512 03b9 7E01     		.2byte	0x17e
 513 03bb 7A070000 		.4byte	0x77a
 514 03bf 04       		.byte	0x4
 515 03c0 09       		.uleb128 0x9
 516 03c1 3E050000 		.4byte	.LASF67
 517 03c5 05       		.byte	0x5
 518 03c6 8001     		.2byte	0x180
 519 03c8 2E010000 		.4byte	0x12e
 520 03cc 08       		.byte	0x8
 521 03cd 09       		.uleb128 0x9
 522 03ce 13040000 		.4byte	.LASF72
 523 03d2 05       		.byte	0x5
 524 03d3 8801     		.2byte	0x188
 525 03d5 2E010000 		.4byte	0x12e
 526 03d9 0C       		.byte	0xc
 527 03da 00       		.byte	0
 528 03db 04       		.uleb128 0x4
 529 03dc 46010000 		.4byte	.LASF73
 530 03e0 04       		.byte	0x4
 531 03e1 6B       		.byte	0x6b
 532 03e2 E6030000 		.4byte	0x3e6
 533 03e6 0F       		.uleb128 0xf
 534 03e7 6B020000 		.4byte	.LASF74
 535 03eb 1404     		.2byte	0x414
 536 03ed 05       		.byte	0x5
 537 03ee A201     		.2byte	0x1a2
ARM GAS  /var/folders/c6/c789hm653lg9vtl73krp73tm0000gn/T//cc9ajN5v.s 			page 11


 538 03f0 29040000 		.4byte	0x429
 539 03f4 09       		.uleb128 0x9
 540 03f5 AC050000 		.4byte	.LASF75
 541 03f9 05       		.byte	0x5
 542 03fa AA01     		.2byte	0x1aa
 543 03fc 80070000 		.4byte	0x780
 544 0400 00       		.byte	0
 545 0401 09       		.uleb128 0x9
 546 0402 F4050000 		.4byte	.LASF76
 547 0406 05       		.byte	0x5
 548 0407 AF01     		.2byte	0x1af
 549 0409 18010000 		.4byte	0x118
 550 040d 04       		.byte	0x4
 551 040e 09       		.uleb128 0x9
 552 040f 83020000 		.4byte	.LASF77
 553 0413 05       		.byte	0x5
 554 0414 B301     		.2byte	0x1b3
 555 0416 18010000 		.4byte	0x118
 556 041a 08       		.byte	0x8
 557 041b 09       		.uleb128 0x9
 558 041c 48060000 		.4byte	.LASF78
 559 0420 05       		.byte	0x5
 560 0421 B901     		.2byte	0x1b9
 561 0423 E0050000 		.4byte	0x5e0
 562 0427 0C       		.byte	0xc
 563 0428 00       		.byte	0
 564 0429 04       		.uleb128 0x4
 565 042a 79030000 		.4byte	.LASF79
 566 042e 04       		.byte	0x4
 567 042f 70       		.byte	0x70
 568 0430 34040000 		.4byte	0x434
 569 0434 0F       		.uleb128 0xf
 570 0435 18020000 		.4byte	.LASF80
 571 0439 D805     		.2byte	0x5d8
 572 043b 05       		.byte	0x5
 573 043c C201     		.2byte	0x1c2
 574 043e A1040000 		.4byte	0x4a1
 575 0442 09       		.uleb128 0x9
 576 0443 FC050000 		.4byte	.LASF81
 577 0447 05       		.byte	0x5
 578 0448 C601     		.2byte	0x1c6
 579 044a AF020000 		.4byte	0x2af
 580 044e 00       		.byte	0
 581 044f 09       		.uleb128 0x9
 582 0450 11020000 		.4byte	.LASF82
 583 0454 05       		.byte	0x5
 584 0455 CA01     		.2byte	0x1ca
 585 0457 8E030000 		.4byte	0x38e
 586 045b 1C       		.byte	0x1c
 587 045c 08       		.uleb128 0x8
 588 045d 64626700 		.ascii	"dbg\000"
 589 0461 05       		.byte	0x5
 590 0462 CE01     		.2byte	0x1ce
 591 0464 DB030000 		.4byte	0x3db
 592 0468 2C       		.byte	0x2c
 593 0469 10       		.uleb128 0x10
 594 046a A9010000 		.4byte	.LASF83
ARM GAS  /var/folders/c6/c789hm653lg9vtl73krp73tm0000gn/T//cc9ajN5v.s 			page 12


 595 046e 05       		.byte	0x5
 596 046f D201     		.2byte	0x1d2
 597 0471 39010000 		.4byte	0x139
 598 0475 4004     		.2byte	0x440
 599 0477 11       		.uleb128 0x11
 600 0478 746D00   		.ascii	"tm\000"
 601 047b 05       		.byte	0x5
 602 047c D701     		.2byte	0x1d7
 603 047e 00060000 		.4byte	0x600
 604 0482 A004     		.2byte	0x4a0
 605 0484 10       		.uleb128 0x10
 606 0485 12010000 		.4byte	.LASF84
 607 0489 05       		.byte	0x5
 608 048a DD01     		.2byte	0x1dd
 609 048c 92060000 		.4byte	0x692
 610 0490 A804     		.2byte	0x4a8
 611 0492 10       		.uleb128 0x10
 612 0493 8C020000 		.4byte	.LASF85
 613 0497 05       		.byte	0x5
 614 0498 E301     		.2byte	0x1e3
 615 049a 85070000 		.4byte	0x785
 616 049e E004     		.2byte	0x4e0
 617 04a0 00       		.byte	0
 618 04a1 03       		.uleb128 0x3
 619 04a2 04       		.byte	0x4
 620 04a3 07       		.byte	0x7
 621 04a4 D1030000 		.4byte	.LASF86
 622 04a8 04       		.uleb128 0x4
 623 04a9 5A020000 		.4byte	.LASF87
 624 04ad 06       		.byte	0x6
 625 04ae 65       		.byte	0x65
 626 04af 32030000 		.4byte	0x332
 627 04b3 04       		.uleb128 0x4
 628 04b4 BC030000 		.4byte	.LASF88
 629 04b8 06       		.byte	0x6
 630 04b9 6D       		.byte	0x6d
 631 04ba B0000000 		.4byte	0xb0
 632 04be 06       		.uleb128 0x6
 633 04bf BD050000 		.4byte	.LASF89
 634 04c3 04       		.byte	0x4
 635 04c4 06       		.byte	0x6
 636 04c5 89       		.byte	0x89
 637 04c6 D7040000 		.4byte	0x4d7
 638 04ca 12       		.uleb128 0x12
 639 04cb 72313300 		.ascii	"r13\000"
 640 04cf 06       		.byte	0x6
 641 04d0 8A       		.byte	0x8a
 642 04d1 52050000 		.4byte	0x552
 643 04d5 00       		.byte	0
 644 04d6 00       		.byte	0
 645 04d7 06       		.uleb128 0x6
 646 04d8 29010000 		.4byte	.LASF90
 647 04dc 24       		.byte	0x24
 648 04dd 07       		.byte	0x7
 649 04de F4       		.byte	0xf4
 650 04df 52050000 		.4byte	0x552
 651 04e3 08       		.uleb128 0x8
ARM GAS  /var/folders/c6/c789hm653lg9vtl73krp73tm0000gn/T//cc9ajN5v.s 			page 13


 652 04e4 723400   		.ascii	"r4\000"
 653 04e7 07       		.byte	0x7
 654 04e8 0701     		.2byte	0x107
 655 04ea A8040000 		.4byte	0x4a8
 656 04ee 00       		.byte	0
 657 04ef 08       		.uleb128 0x8
 658 04f0 723500   		.ascii	"r5\000"
 659 04f3 07       		.byte	0x7
 660 04f4 0801     		.2byte	0x108
 661 04f6 A8040000 		.4byte	0x4a8
 662 04fa 04       		.byte	0x4
 663 04fb 08       		.uleb128 0x8
 664 04fc 723600   		.ascii	"r6\000"
 665 04ff 07       		.byte	0x7
 666 0500 0901     		.2byte	0x109
 667 0502 A8040000 		.4byte	0x4a8
 668 0506 08       		.byte	0x8
 669 0507 08       		.uleb128 0x8
 670 0508 723700   		.ascii	"r7\000"
 671 050b 07       		.byte	0x7
 672 050c 0A01     		.2byte	0x10a
 673 050e A8040000 		.4byte	0x4a8
 674 0512 0C       		.byte	0xc
 675 0513 08       		.uleb128 0x8
 676 0514 723800   		.ascii	"r8\000"
 677 0517 07       		.byte	0x7
 678 0518 0B01     		.2byte	0x10b
 679 051a A8040000 		.4byte	0x4a8
 680 051e 10       		.byte	0x10
 681 051f 08       		.uleb128 0x8
 682 0520 723900   		.ascii	"r9\000"
 683 0523 07       		.byte	0x7
 684 0524 0C01     		.2byte	0x10c
 685 0526 A8040000 		.4byte	0x4a8
 686 052a 14       		.byte	0x14
 687 052b 08       		.uleb128 0x8
 688 052c 72313000 		.ascii	"r10\000"
 689 0530 07       		.byte	0x7
 690 0531 0D01     		.2byte	0x10d
 691 0533 A8040000 		.4byte	0x4a8
 692 0537 18       		.byte	0x18
 693 0538 08       		.uleb128 0x8
 694 0539 72313100 		.ascii	"r11\000"
 695 053d 07       		.byte	0x7
 696 053e 0E01     		.2byte	0x10e
 697 0540 A8040000 		.4byte	0x4a8
 698 0544 1C       		.byte	0x1c
 699 0545 08       		.uleb128 0x8
 700 0546 6C7200   		.ascii	"lr\000"
 701 0549 07       		.byte	0x7
 702 054a 0F01     		.2byte	0x10f
 703 054c A8040000 		.4byte	0x4a8
 704 0550 20       		.byte	0x20
 705 0551 00       		.byte	0
 706 0552 0A       		.uleb128 0xa
 707 0553 04       		.byte	0x4
 708 0554 D7040000 		.4byte	0x4d7
ARM GAS  /var/folders/c6/c789hm653lg9vtl73krp73tm0000gn/T//cc9ajN5v.s 			page 14


 709 0558 13       		.uleb128 0x13
 710 0559 10       		.byte	0x10
 711 055a 08       		.byte	0x8
 712 055b 51       		.byte	0x51
 713 055c 91050000 		.4byte	0x591
 714 0560 07       		.uleb128 0x7
 715 0561 F4000000 		.4byte	.LASF91
 716 0565 08       		.byte	0x8
 717 0566 55       		.byte	0x55
 718 0567 2E010000 		.4byte	0x12e
 719 056b 00       		.byte	0
 720 056c 07       		.uleb128 0x7
 721 056d 34020000 		.4byte	.LASF92
 722 0571 08       		.byte	0x8
 723 0572 59       		.byte	0x59
 724 0573 55020000 		.4byte	0x255
 725 0577 04       		.byte	0x4
 726 0578 07       		.uleb128 0x7
 727 0579 6E060000 		.4byte	.LASF93
 728 057d 08       		.byte	0x8
 729 057e 5D       		.byte	0x5d
 730 057f 32030000 		.4byte	0x332
 731 0583 08       		.byte	0x8
 732 0584 07       		.uleb128 0x7
 733 0585 97010000 		.4byte	.LASF94
 734 0589 08       		.byte	0x8
 735 058a 61       		.byte	0x61
 736 058b 8F000000 		.4byte	0x8f
 737 058f 0C       		.byte	0xc
 738 0590 00       		.byte	0
 739 0591 04       		.uleb128 0x4
 740 0592 04040000 		.4byte	.LASF95
 741 0596 08       		.byte	0x8
 742 0597 62       		.byte	0x62
 743 0598 58050000 		.4byte	0x558
 744 059c 14       		.uleb128 0x14
 745 059d 0804     		.2byte	0x408
 746 059f 08       		.byte	0x8
 747 05a0 67       		.byte	0x67
 748 05a1 CA050000 		.4byte	0x5ca
 749 05a5 07       		.uleb128 0x7
 750 05a6 4A020000 		.4byte	.LASF96
 751 05aa 08       		.byte	0x8
 752 05ab 6B       		.byte	0x6b
 753 05ac 24000000 		.4byte	0x24
 754 05b0 00       		.byte	0
 755 05b1 07       		.uleb128 0x7
 756 05b2 E0000000 		.4byte	.LASF97
 757 05b6 08       		.byte	0x8
 758 05b7 6F       		.byte	0x6f
 759 05b8 CA050000 		.4byte	0x5ca
 760 05bc 04       		.byte	0x4
 761 05bd 07       		.uleb128 0x7
 762 05be 6E040000 		.4byte	.LASF98
 763 05c2 08       		.byte	0x8
 764 05c3 73       		.byte	0x73
 765 05c4 D0050000 		.4byte	0x5d0
ARM GAS  /var/folders/c6/c789hm653lg9vtl73krp73tm0000gn/T//cc9ajN5v.s 			page 15


 766 05c8 08       		.byte	0x8
 767 05c9 00       		.byte	0
 768 05ca 0A       		.uleb128 0xa
 769 05cb 04       		.byte	0x4
 770 05cc 91050000 		.4byte	0x591
 771 05d0 15       		.uleb128 0x15
 772 05d1 91050000 		.4byte	0x591
 773 05d5 E0050000 		.4byte	0x5e0
 774 05d9 16       		.uleb128 0x16
 775 05da A1040000 		.4byte	0x4a1
 776 05de 3F       		.byte	0x3f
 777 05df 00       		.byte	0
 778 05e0 04       		.uleb128 0x4
 779 05e1 85010000 		.4byte	.LASF99
 780 05e5 08       		.byte	0x8
 781 05e6 74       		.byte	0x74
 782 05e7 9C050000 		.4byte	0x59c
 783 05eb 13       		.uleb128 0x13
 784 05ec 04       		.byte	0x4
 785 05ed 09       		.byte	0x9
 786 05ee 38       		.byte	0x38
 787 05ef 00060000 		.4byte	0x600
 788 05f3 07       		.uleb128 0x7
 789 05f4 B6050000 		.4byte	.LASF100
 790 05f8 09       		.byte	0x9
 791 05f9 3C       		.byte	0x3c
 792 05fa C0000000 		.4byte	0xc0
 793 05fe 00       		.byte	0
 794 05ff 00       		.byte	0
 795 0600 04       		.uleb128 0x4
 796 0601 2D040000 		.4byte	.LASF101
 797 0605 09       		.byte	0x9
 798 0606 3D       		.byte	0x3d
 799 0607 EB050000 		.4byte	0x5eb
 800 060b 13       		.uleb128 0x13
 801 060c 18       		.byte	0x18
 802 060d 09       		.byte	0x9
 803 060e 48       		.byte	0x48
 804 060f 4E060000 		.4byte	0x64e
 805 0613 07       		.uleb128 0x7
 806 0614 77050000 		.4byte	.LASF102
 807 0618 09       		.byte	0x9
 808 0619 49       		.byte	0x49
 809 061a C0000000 		.4byte	0xc0
 810 061e 00       		.byte	0
 811 061f 07       		.uleb128 0x7
 812 0620 55010000 		.4byte	.LASF103
 813 0624 09       		.byte	0x9
 814 0625 4A       		.byte	0x4a
 815 0626 C0000000 		.4byte	0xc0
 816 062a 04       		.byte	0x4
 817 062b 07       		.uleb128 0x7
 818 062c 6D030000 		.4byte	.LASF104
 819 0630 09       		.byte	0x9
 820 0631 4B       		.byte	0x4b
 821 0632 C0000000 		.4byte	0xc0
 822 0636 08       		.byte	0x8
ARM GAS  /var/folders/c6/c789hm653lg9vtl73krp73tm0000gn/T//cc9ajN5v.s 			page 16


 823 0637 12       		.uleb128 0x12
 824 0638 6E00     		.ascii	"n\000"
 825 063a 09       		.byte	0x9
 826 063b 4C       		.byte	0x4c
 827 063c 23010000 		.4byte	0x123
 828 0640 0C       		.byte	0xc
 829 0641 07       		.uleb128 0x7
 830 0642 5B040000 		.4byte	.LASF105
 831 0646 09       		.byte	0x9
 832 0647 4D       		.byte	0x4d
 833 0648 CB000000 		.4byte	0xcb
 834 064c 10       		.byte	0x10
 835 064d 00       		.byte	0
 836 064e 04       		.uleb128 0x4
 837 064f 5B010000 		.4byte	.LASF106
 838 0653 09       		.byte	0x9
 839 0654 4E       		.byte	0x4e
 840 0655 0B060000 		.4byte	0x60b
 841 0659 13       		.uleb128 0x13
 842 065a 38       		.byte	0x38
 843 065b 0A       		.byte	0xa
 844 065c 38       		.byte	0x38
 845 065d 92060000 		.4byte	0x692
 846 0661 07       		.uleb128 0x7
 847 0662 D3020000 		.4byte	.LASF107
 848 0666 0A       		.byte	0xa
 849 0667 39       		.byte	0x39
 850 0668 23010000 		.4byte	0x123
 851 066c 00       		.byte	0
 852 066d 07       		.uleb128 0x7
 853 066e 97040000 		.4byte	.LASF108
 854 0672 0A       		.byte	0xa
 855 0673 3A       		.byte	0x3a
 856 0674 23010000 		.4byte	0x123
 857 0678 04       		.byte	0x4
 858 0679 07       		.uleb128 0x7
 859 067a 5B060000 		.4byte	.LASF109
 860 067e 0A       		.byte	0xa
 861 067f 3B       		.byte	0x3b
 862 0680 4E060000 		.4byte	0x64e
 863 0684 08       		.byte	0x8
 864 0685 07       		.uleb128 0x7
 865 0686 8D030000 		.4byte	.LASF110
 866 068a 0A       		.byte	0xa
 867 068b 3D       		.byte	0x3d
 868 068c 4E060000 		.4byte	0x64e
 869 0690 20       		.byte	0x20
 870 0691 00       		.byte	0
 871 0692 04       		.uleb128 0x4
 872 0693 4E030000 		.4byte	.LASF111
 873 0697 0A       		.byte	0xa
 874 0698 3F       		.byte	0x3f
 875 0699 59060000 		.4byte	0x659
 876 069d 17       		.uleb128 0x17
 877 069e 04       		.byte	0x4
 878 069f 05       		.byte	0x5
 879 06a0 FA       		.byte	0xfa
ARM GAS  /var/folders/c6/c789hm653lg9vtl73krp73tm0000gn/T//cc9ajN5v.s 			page 17


 880 06a1 FA060000 		.4byte	0x6fa
 881 06a5 18       		.uleb128 0x18
 882 06a6 02010000 		.4byte	.LASF112
 883 06aa 05       		.byte	0x5
 884 06ab 0101     		.2byte	0x101
 885 06ad 02010000 		.4byte	0x102
 886 06b1 18       		.uleb128 0x18
 887 06b2 A0010000 		.4byte	.LASF113
 888 06b6 05       		.byte	0x5
 889 06b7 0801     		.2byte	0x108
 890 06b9 02010000 		.4byte	0x102
 891 06bd 18       		.uleb128 0x18
 892 06be 0A060000 		.4byte	.LASF114
 893 06c2 05       		.byte	0x5
 894 06c3 0F01     		.2byte	0x10f
 895 06c5 32030000 		.4byte	0x332
 896 06c9 18       		.uleb128 0x18
 897 06ca FC000000 		.4byte	.LASF115
 898 06ce 05       		.byte	0x5
 899 06cf 1601     		.2byte	0x116
 900 06d1 FA060000 		.4byte	0x6fa
 901 06d5 18       		.uleb128 0x18
 902 06d6 C1020000 		.4byte	.LASF116
 903 06da 05       		.byte	0x5
 904 06db 1E01     		.2byte	0x11e
 905 06dd 25070000 		.4byte	0x725
 906 06e1 18       		.uleb128 0x18
 907 06e2 2F050000 		.4byte	.LASF117
 908 06e6 05       		.byte	0x5
 909 06e7 2701     		.2byte	0x127
 910 06e9 5C070000 		.4byte	0x75c
 911 06ed 18       		.uleb128 0x18
 912 06ee DF040000 		.4byte	.LASF118
 913 06f2 05       		.byte	0x5
 914 06f3 2F01     		.2byte	0x12f
 915 06f5 0D010000 		.4byte	0x10d
 916 06f9 00       		.byte	0
 917 06fa 0A       		.uleb128 0xa
 918 06fb 04       		.byte	0x4
 919 06fc 4A020000 		.4byte	0x24a
 920 0700 06       		.uleb128 0x6
 921 0701 0E050000 		.4byte	.LASF119
 922 0705 0C       		.byte	0xc
 923 0706 0B       		.byte	0xb
 924 0707 34       		.byte	0x34
 925 0708 25070000 		.4byte	0x725
 926 070c 07       		.uleb128 0x7
 927 070d 42020000 		.4byte	.LASF120
 928 0711 0B       		.byte	0xb
 929 0712 35       		.byte	0x35
 930 0713 7F020000 		.4byte	0x27f
 931 0717 00       		.byte	0
 932 0718 07       		.uleb128 0x7
 933 0719 D9020000 		.4byte	.LASF121
 934 071d 0B       		.byte	0xb
 935 071e 37       		.byte	0x37
 936 071f 18010000 		.4byte	0x118
ARM GAS  /var/folders/c6/c789hm653lg9vtl73krp73tm0000gn/T//cc9ajN5v.s 			page 18


 937 0723 08       		.byte	0x8
 938 0724 00       		.byte	0
 939 0725 0A       		.uleb128 0xa
 940 0726 04       		.byte	0x4
 941 0727 00070000 		.4byte	0x700
 942 072b 06       		.uleb128 0x6
 943 072c E4050000 		.4byte	.LASF122
 944 0730 10       		.byte	0x10
 945 0731 0C       		.byte	0xc
 946 0732 39       		.byte	0x39
 947 0733 5C070000 		.4byte	0x75c
 948 0737 07       		.uleb128 0x7
 949 0738 09020000 		.4byte	.LASF123
 950 073c 0C       		.byte	0xc
 951 073d 3A       		.byte	0x3a
 952 073e 7F020000 		.4byte	0x27f
 953 0742 00       		.byte	0
 954 0743 07       		.uleb128 0x7
 955 0744 66060000 		.4byte	.LASF124
 956 0748 0C       		.byte	0xc
 957 0749 3C       		.byte	0x3c
 958 074a 55020000 		.4byte	0x255
 959 074e 08       		.byte	0x8
 960 074f 07       		.uleb128 0x7
 961 0750 7C050000 		.4byte	.LASF125
 962 0754 0C       		.byte	0xc
 963 0755 3E       		.byte	0x3e
 964 0756 A0070000 		.4byte	0x7a0
 965 075a 0C       		.byte	0xc
 966 075b 00       		.byte	0
 967 075c 0A       		.uleb128 0xa
 968 075d 04       		.byte	0x4
 969 075e 2B070000 		.4byte	0x72b
 970 0762 0A       		.uleb128 0xa
 971 0763 04       		.byte	0x4
 972 0764 68070000 		.4byte	0x768
 973 0768 19       		.uleb128 0x19
 974 0769 6D070000 		.4byte	0x76d
 975 076d 03       		.uleb128 0x3
 976 076e 01       		.byte	0x1
 977 076f 08       		.byte	0x8
 978 0770 69050000 		.4byte	.LASF126
 979 0774 0A       		.uleb128 0xa
 980 0775 04       		.byte	0x4
 981 0776 B3040000 		.4byte	0x4b3
 982 077a 0A       		.uleb128 0xa
 983 077b 04       		.byte	0x4
 984 077c 34030000 		.4byte	0x334
 985 0780 05       		.uleb128 0x5
 986 0781 62070000 		.4byte	0x762
 987 0785 15       		.uleb128 0x15
 988 0786 B3040000 		.4byte	0x4b3
 989 078a 95070000 		.4byte	0x795
 990 078e 16       		.uleb128 0x16
 991 078f A1040000 		.4byte	0x4a1
 992 0793 1E       		.byte	0x1e
 993 0794 00       		.byte	0
ARM GAS  /var/folders/c6/c789hm653lg9vtl73krp73tm0000gn/T//cc9ajN5v.s 			page 19


 994 0795 04       		.uleb128 0x4
 995 0796 7B020000 		.4byte	.LASF127
 996 079a 0C       		.byte	0xc
 997 079b 34       		.byte	0x34
 998 079c 2B070000 		.4byte	0x72b
 999 07a0 0A       		.uleb128 0xa
 1000 07a1 04       		.byte	0x4
 1001 07a2 95070000 		.4byte	0x795
 1002 07a6 03       		.uleb128 0x3
 1003 07a7 01       		.byte	0x1
 1004 07a8 02       		.byte	0x2
 1005 07a9 A0040000 		.4byte	.LASF128
 1006 07ad 1A       		.uleb128 0x1a
 1007 07ae CA010000 		.4byte	.LASF129
 1008 07b2 0D       		.byte	0xd
 1009 07b3 A706     		.2byte	0x6a7
 1010 07b5 BB000000 		.4byte	0xbb
 1011 07b9 1B       		.uleb128 0x1b
 1012 07ba 636800   		.ascii	"ch\000"
 1013 07bd 05       		.byte	0x5
 1014 07be 0902     		.2byte	0x209
 1015 07c0 29040000 		.4byte	0x429
 1016 07c4 00       		.byte	0
 1017              		.section	.debug_abbrev,"",%progbits
 1018              	.Ldebug_abbrev0:
 1019 0000 01       		.uleb128 0x1
 1020 0001 11       		.uleb128 0x11
 1021 0002 01       		.byte	0x1
 1022 0003 25       		.uleb128 0x25
 1023 0004 0E       		.uleb128 0xe
 1024 0005 13       		.uleb128 0x13
 1025 0006 0B       		.uleb128 0xb
 1026 0007 03       		.uleb128 0x3
 1027 0008 0E       		.uleb128 0xe
 1028 0009 1B       		.uleb128 0x1b
 1029 000a 0E       		.uleb128 0xe
 1030 000b 10       		.uleb128 0x10
 1031 000c 17       		.uleb128 0x17
 1032 000d 00       		.byte	0
 1033 000e 00       		.byte	0
 1034 000f 02       		.uleb128 0x2
 1035 0010 24       		.uleb128 0x24
 1036 0011 00       		.byte	0
 1037 0012 0B       		.uleb128 0xb
 1038 0013 0B       		.uleb128 0xb
 1039 0014 3E       		.uleb128 0x3e
 1040 0015 0B       		.uleb128 0xb
 1041 0016 03       		.uleb128 0x3
 1042 0017 08       		.uleb128 0x8
 1043 0018 00       		.byte	0
 1044 0019 00       		.byte	0
 1045 001a 03       		.uleb128 0x3
 1046 001b 24       		.uleb128 0x24
 1047 001c 00       		.byte	0
 1048 001d 0B       		.uleb128 0xb
 1049 001e 0B       		.uleb128 0xb
 1050 001f 3E       		.uleb128 0x3e
ARM GAS  /var/folders/c6/c789hm653lg9vtl73krp73tm0000gn/T//cc9ajN5v.s 			page 20


 1051 0020 0B       		.uleb128 0xb
 1052 0021 03       		.uleb128 0x3
 1053 0022 0E       		.uleb128 0xe
 1054 0023 00       		.byte	0
 1055 0024 00       		.byte	0
 1056 0025 04       		.uleb128 0x4
 1057 0026 16       		.uleb128 0x16
 1058 0027 00       		.byte	0
 1059 0028 03       		.uleb128 0x3
 1060 0029 0E       		.uleb128 0xe
 1061 002a 3A       		.uleb128 0x3a
 1062 002b 0B       		.uleb128 0xb
 1063 002c 3B       		.uleb128 0x3b
 1064 002d 0B       		.uleb128 0xb
 1065 002e 49       		.uleb128 0x49
 1066 002f 13       		.uleb128 0x13
 1067 0030 00       		.byte	0
 1068 0031 00       		.byte	0
 1069 0032 05       		.uleb128 0x5
 1070 0033 35       		.uleb128 0x35
 1071 0034 00       		.byte	0
 1072 0035 49       		.uleb128 0x49
 1073 0036 13       		.uleb128 0x13
 1074 0037 00       		.byte	0
 1075 0038 00       		.byte	0
 1076 0039 06       		.uleb128 0x6
 1077 003a 13       		.uleb128 0x13
 1078 003b 01       		.byte	0x1
 1079 003c 03       		.uleb128 0x3
 1080 003d 0E       		.uleb128 0xe
 1081 003e 0B       		.uleb128 0xb
 1082 003f 0B       		.uleb128 0xb
 1083 0040 3A       		.uleb128 0x3a
 1084 0041 0B       		.uleb128 0xb
 1085 0042 3B       		.uleb128 0x3b
 1086 0043 0B       		.uleb128 0xb
 1087 0044 01       		.uleb128 0x1
 1088 0045 13       		.uleb128 0x13
 1089 0046 00       		.byte	0
 1090 0047 00       		.byte	0
 1091 0048 07       		.uleb128 0x7
 1092 0049 0D       		.uleb128 0xd
 1093 004a 00       		.byte	0
 1094 004b 03       		.uleb128 0x3
 1095 004c 0E       		.uleb128 0xe
 1096 004d 3A       		.uleb128 0x3a
 1097 004e 0B       		.uleb128 0xb
 1098 004f 3B       		.uleb128 0x3b
 1099 0050 0B       		.uleb128 0xb
 1100 0051 49       		.uleb128 0x49
 1101 0052 13       		.uleb128 0x13
 1102 0053 38       		.uleb128 0x38
 1103 0054 0B       		.uleb128 0xb
 1104 0055 00       		.byte	0
 1105 0056 00       		.byte	0
 1106 0057 08       		.uleb128 0x8
 1107 0058 0D       		.uleb128 0xd
ARM GAS  /var/folders/c6/c789hm653lg9vtl73krp73tm0000gn/T//cc9ajN5v.s 			page 21


 1108 0059 00       		.byte	0
 1109 005a 03       		.uleb128 0x3
 1110 005b 08       		.uleb128 0x8
 1111 005c 3A       		.uleb128 0x3a
 1112 005d 0B       		.uleb128 0xb
 1113 005e 3B       		.uleb128 0x3b
 1114 005f 05       		.uleb128 0x5
 1115 0060 49       		.uleb128 0x49
 1116 0061 13       		.uleb128 0x13
 1117 0062 38       		.uleb128 0x38
 1118 0063 0B       		.uleb128 0xb
 1119 0064 00       		.byte	0
 1120 0065 00       		.byte	0
 1121 0066 09       		.uleb128 0x9
 1122 0067 0D       		.uleb128 0xd
 1123 0068 00       		.byte	0
 1124 0069 03       		.uleb128 0x3
 1125 006a 0E       		.uleb128 0xe
 1126 006b 3A       		.uleb128 0x3a
 1127 006c 0B       		.uleb128 0xb
 1128 006d 3B       		.uleb128 0x3b
 1129 006e 05       		.uleb128 0x5
 1130 006f 49       		.uleb128 0x49
 1131 0070 13       		.uleb128 0x13
 1132 0071 38       		.uleb128 0x38
 1133 0072 0B       		.uleb128 0xb
 1134 0073 00       		.byte	0
 1135 0074 00       		.byte	0
 1136 0075 0A       		.uleb128 0xa
 1137 0076 0F       		.uleb128 0xf
 1138 0077 00       		.byte	0
 1139 0078 0B       		.uleb128 0xb
 1140 0079 0B       		.uleb128 0xb
 1141 007a 49       		.uleb128 0x49
 1142 007b 13       		.uleb128 0x13
 1143 007c 00       		.byte	0
 1144 007d 00       		.byte	0
 1145 007e 0B       		.uleb128 0xb
 1146 007f 13       		.uleb128 0x13
 1147 0080 01       		.byte	0x1
 1148 0081 03       		.uleb128 0x3
 1149 0082 0E       		.uleb128 0xe
 1150 0083 0B       		.uleb128 0xb
 1151 0084 0B       		.uleb128 0xb
 1152 0085 3A       		.uleb128 0x3a
 1153 0086 0B       		.uleb128 0xb
 1154 0087 3B       		.uleb128 0x3b
 1155 0088 05       		.uleb128 0x5
 1156 0089 01       		.uleb128 0x1
 1157 008a 13       		.uleb128 0x13
 1158 008b 00       		.byte	0
 1159 008c 00       		.byte	0
 1160 008d 0C       		.uleb128 0xc
 1161 008e 15       		.uleb128 0x15
 1162 008f 01       		.byte	0x1
 1163 0090 27       		.uleb128 0x27
 1164 0091 19       		.uleb128 0x19
ARM GAS  /var/folders/c6/c789hm653lg9vtl73krp73tm0000gn/T//cc9ajN5v.s 			page 22


 1165 0092 01       		.uleb128 0x1
 1166 0093 13       		.uleb128 0x13
 1167 0094 00       		.byte	0
 1168 0095 00       		.byte	0
 1169 0096 0D       		.uleb128 0xd
 1170 0097 05       		.uleb128 0x5
 1171 0098 00       		.byte	0
 1172 0099 49       		.uleb128 0x49
 1173 009a 13       		.uleb128 0x13
 1174 009b 00       		.byte	0
 1175 009c 00       		.byte	0
 1176 009d 0E       		.uleb128 0xe
 1177 009e 0F       		.uleb128 0xf
 1178 009f 00       		.byte	0
 1179 00a0 0B       		.uleb128 0xb
 1180 00a1 0B       		.uleb128 0xb
 1181 00a2 00       		.byte	0
 1182 00a3 00       		.byte	0
 1183 00a4 0F       		.uleb128 0xf
 1184 00a5 13       		.uleb128 0x13
 1185 00a6 01       		.byte	0x1
 1186 00a7 03       		.uleb128 0x3
 1187 00a8 0E       		.uleb128 0xe
 1188 00a9 0B       		.uleb128 0xb
 1189 00aa 05       		.uleb128 0x5
 1190 00ab 3A       		.uleb128 0x3a
 1191 00ac 0B       		.uleb128 0xb
 1192 00ad 3B       		.uleb128 0x3b
 1193 00ae 05       		.uleb128 0x5
 1194 00af 01       		.uleb128 0x1
 1195 00b0 13       		.uleb128 0x13
 1196 00b1 00       		.byte	0
 1197 00b2 00       		.byte	0
 1198 00b3 10       		.uleb128 0x10
 1199 00b4 0D       		.uleb128 0xd
 1200 00b5 00       		.byte	0
 1201 00b6 03       		.uleb128 0x3
 1202 00b7 0E       		.uleb128 0xe
 1203 00b8 3A       		.uleb128 0x3a
 1204 00b9 0B       		.uleb128 0xb
 1205 00ba 3B       		.uleb128 0x3b
 1206 00bb 05       		.uleb128 0x5
 1207 00bc 49       		.uleb128 0x49
 1208 00bd 13       		.uleb128 0x13
 1209 00be 38       		.uleb128 0x38
 1210 00bf 05       		.uleb128 0x5
 1211 00c0 00       		.byte	0
 1212 00c1 00       		.byte	0
 1213 00c2 11       		.uleb128 0x11
 1214 00c3 0D       		.uleb128 0xd
 1215 00c4 00       		.byte	0
 1216 00c5 03       		.uleb128 0x3
 1217 00c6 08       		.uleb128 0x8
 1218 00c7 3A       		.uleb128 0x3a
 1219 00c8 0B       		.uleb128 0xb
 1220 00c9 3B       		.uleb128 0x3b
 1221 00ca 05       		.uleb128 0x5
ARM GAS  /var/folders/c6/c789hm653lg9vtl73krp73tm0000gn/T//cc9ajN5v.s 			page 23


 1222 00cb 49       		.uleb128 0x49
 1223 00cc 13       		.uleb128 0x13
 1224 00cd 38       		.uleb128 0x38
 1225 00ce 05       		.uleb128 0x5
 1226 00cf 00       		.byte	0
 1227 00d0 00       		.byte	0
 1228 00d1 12       		.uleb128 0x12
 1229 00d2 0D       		.uleb128 0xd
 1230 00d3 00       		.byte	0
 1231 00d4 03       		.uleb128 0x3
 1232 00d5 08       		.uleb128 0x8
 1233 00d6 3A       		.uleb128 0x3a
 1234 00d7 0B       		.uleb128 0xb
 1235 00d8 3B       		.uleb128 0x3b
 1236 00d9 0B       		.uleb128 0xb
 1237 00da 49       		.uleb128 0x49
 1238 00db 13       		.uleb128 0x13
 1239 00dc 38       		.uleb128 0x38
 1240 00dd 0B       		.uleb128 0xb
 1241 00de 00       		.byte	0
 1242 00df 00       		.byte	0
 1243 00e0 13       		.uleb128 0x13
 1244 00e1 13       		.uleb128 0x13
 1245 00e2 01       		.byte	0x1
 1246 00e3 0B       		.uleb128 0xb
 1247 00e4 0B       		.uleb128 0xb
 1248 00e5 3A       		.uleb128 0x3a
 1249 00e6 0B       		.uleb128 0xb
 1250 00e7 3B       		.uleb128 0x3b
 1251 00e8 0B       		.uleb128 0xb
 1252 00e9 01       		.uleb128 0x1
 1253 00ea 13       		.uleb128 0x13
 1254 00eb 00       		.byte	0
 1255 00ec 00       		.byte	0
 1256 00ed 14       		.uleb128 0x14
 1257 00ee 13       		.uleb128 0x13
 1258 00ef 01       		.byte	0x1
 1259 00f0 0B       		.uleb128 0xb
 1260 00f1 05       		.uleb128 0x5
 1261 00f2 3A       		.uleb128 0x3a
 1262 00f3 0B       		.uleb128 0xb
 1263 00f4 3B       		.uleb128 0x3b
 1264 00f5 0B       		.uleb128 0xb
 1265 00f6 01       		.uleb128 0x1
 1266 00f7 13       		.uleb128 0x13
 1267 00f8 00       		.byte	0
 1268 00f9 00       		.byte	0
 1269 00fa 15       		.uleb128 0x15
 1270 00fb 01       		.uleb128 0x1
 1271 00fc 01       		.byte	0x1
 1272 00fd 49       		.uleb128 0x49
 1273 00fe 13       		.uleb128 0x13
 1274 00ff 01       		.uleb128 0x1
 1275 0100 13       		.uleb128 0x13
 1276 0101 00       		.byte	0
 1277 0102 00       		.byte	0
 1278 0103 16       		.uleb128 0x16
ARM GAS  /var/folders/c6/c789hm653lg9vtl73krp73tm0000gn/T//cc9ajN5v.s 			page 24


 1279 0104 21       		.uleb128 0x21
 1280 0105 00       		.byte	0
 1281 0106 49       		.uleb128 0x49
 1282 0107 13       		.uleb128 0x13
 1283 0108 2F       		.uleb128 0x2f
 1284 0109 0B       		.uleb128 0xb
 1285 010a 00       		.byte	0
 1286 010b 00       		.byte	0
 1287 010c 17       		.uleb128 0x17
 1288 010d 17       		.uleb128 0x17
 1289 010e 01       		.byte	0x1
 1290 010f 0B       		.uleb128 0xb
 1291 0110 0B       		.uleb128 0xb
 1292 0111 3A       		.uleb128 0x3a
 1293 0112 0B       		.uleb128 0xb
 1294 0113 3B       		.uleb128 0x3b
 1295 0114 0B       		.uleb128 0xb
 1296 0115 01       		.uleb128 0x1
 1297 0116 13       		.uleb128 0x13
 1298 0117 00       		.byte	0
 1299 0118 00       		.byte	0
 1300 0119 18       		.uleb128 0x18
 1301 011a 0D       		.uleb128 0xd
 1302 011b 00       		.byte	0
 1303 011c 03       		.uleb128 0x3
 1304 011d 0E       		.uleb128 0xe
 1305 011e 3A       		.uleb128 0x3a
 1306 011f 0B       		.uleb128 0xb
 1307 0120 3B       		.uleb128 0x3b
 1308 0121 05       		.uleb128 0x5
 1309 0122 49       		.uleb128 0x49
 1310 0123 13       		.uleb128 0x13
 1311 0124 00       		.byte	0
 1312 0125 00       		.byte	0
 1313 0126 19       		.uleb128 0x19
 1314 0127 26       		.uleb128 0x26
 1315 0128 00       		.byte	0
 1316 0129 49       		.uleb128 0x49
 1317 012a 13       		.uleb128 0x13
 1318 012b 00       		.byte	0
 1319 012c 00       		.byte	0
 1320 012d 1A       		.uleb128 0x1a
 1321 012e 34       		.uleb128 0x34
 1322 012f 00       		.byte	0
 1323 0130 03       		.uleb128 0x3
 1324 0131 0E       		.uleb128 0xe
 1325 0132 3A       		.uleb128 0x3a
 1326 0133 0B       		.uleb128 0xb
 1327 0134 3B       		.uleb128 0x3b
 1328 0135 05       		.uleb128 0x5
 1329 0136 49       		.uleb128 0x49
 1330 0137 13       		.uleb128 0x13
 1331 0138 3F       		.uleb128 0x3f
 1332 0139 19       		.uleb128 0x19
 1333 013a 3C       		.uleb128 0x3c
 1334 013b 19       		.uleb128 0x19
 1335 013c 00       		.byte	0
ARM GAS  /var/folders/c6/c789hm653lg9vtl73krp73tm0000gn/T//cc9ajN5v.s 			page 25


 1336 013d 00       		.byte	0
 1337 013e 1B       		.uleb128 0x1b
 1338 013f 34       		.uleb128 0x34
 1339 0140 00       		.byte	0
 1340 0141 03       		.uleb128 0x3
 1341 0142 08       		.uleb128 0x8
 1342 0143 3A       		.uleb128 0x3a
 1343 0144 0B       		.uleb128 0xb
 1344 0145 3B       		.uleb128 0x3b
 1345 0146 05       		.uleb128 0x5
 1346 0147 49       		.uleb128 0x49
 1347 0148 13       		.uleb128 0x13
 1348 0149 3F       		.uleb128 0x3f
 1349 014a 19       		.uleb128 0x19
 1350 014b 3C       		.uleb128 0x3c
 1351 014c 19       		.uleb128 0x19
 1352 014d 00       		.byte	0
 1353 014e 00       		.byte	0
 1354 014f 00       		.byte	0
 1355              		.section	.debug_aranges,"",%progbits
 1356 0000 14000000 		.4byte	0x14
 1357 0004 0200     		.2byte	0x2
 1358 0006 00000000 		.4byte	.Ldebug_info0
 1359 000a 04       		.byte	0x4
 1360 000b 00       		.byte	0
 1361 000c 0000     		.2byte	0
 1362 000e 0000     		.2byte	0
 1363 0010 00000000 		.4byte	0
 1364 0014 00000000 		.4byte	0
 1365              		.section	.debug_line,"",%progbits
 1366              	.Ldebug_line0:
 1367 0000 CF010000 		.section	.debug_str,"MS",%progbits,1
 1367      0200C901 
 1367      00000201 
 1367      FB0E0D00 
 1367      01010101 
 1368              	.LASF130:
 1369 0000 474E5520 		.ascii	"GNU C 4.8.4 20140725 (release) [ARM/embedded-4_8-br"
 1369      4320342E 
 1369      382E3420 
 1369      32303134 
 1369      30373235 
 1370 0033 616E6368 		.ascii	"anch revision 213147] -mcpu=cortex-m4 -mno-thumb-in"
 1370      20726576 
 1370      6973696F 
 1370      6E203231 
 1370      33313437 
 1371 0066 74657277 		.ascii	"terwork -mthumb -ggdb -O2 -fomit-frame-pointer -fal"
 1371      6F726B20 
 1371      2D6D7468 
 1371      756D6220 
 1371      2D676764 
 1372 0099 69676E2D 		.ascii	"ign-functions=16 -ffunction-sections -fdata-section"
 1372      66756E63 
 1372      74696F6E 
 1372      733D3136 
 1372      202D6666 
ARM GAS  /var/folders/c6/c789hm653lg9vtl73krp73tm0000gn/T//cc9ajN5v.s 			page 26


 1373 00cc 73202D66 		.ascii	"s -fno-common -flto\000"
 1373      6E6F2D63 
 1373      6F6D6D6F 
 1373      6E202D66 
 1373      6C746F00 
 1374              	.LASF97:
 1375 00e0 74625F70 		.ascii	"tb_ptr\000"
 1375      747200
 1376              	.LASF54:
 1377 00e7 72656164 		.ascii	"ready_list_t\000"
 1377      795F6C69 
 1377      73745F74 
 1377      00
 1378              	.LASF91:
 1379 00f4 73655F74 		.ascii	"se_time\000"
 1379      696D6500 
 1380              	.LASF115:
 1381 00fc 77747472 		.ascii	"wttrp\000"
 1381      7000
 1382              	.LASF112:
 1383 0102 7264796D 		.ascii	"rdymsg\000"
 1383      736700
 1384              	.LASF16:
 1385 0109 75696E74 		.ascii	"uint64_t\000"
 1385      36345F74 
 1385      00
 1386              	.LASF84:
 1387 0112 6B65726E 		.ascii	"kernel_stats\000"
 1387      656C5F73 
 1387      74617473 
 1387      00
 1388              	.LASF5:
 1389 011f 5F5F7569 		.ascii	"__uint8_t\000"
 1389      6E74385F 
 1389      7400
 1390              	.LASF90:
 1391 0129 706F7274 		.ascii	"port_intctx\000"
 1391      5F696E74 
 1391      63747800 
 1392              	.LASF53:
 1393 0135 63685F74 		.ascii	"ch_threads_queue\000"
 1393      68726561 
 1393      64735F71 
 1393      75657565 
 1393      00
 1394              	.LASF73:
 1395 0146 73797374 		.ascii	"system_debug_t\000"
 1395      656D5F64 
 1395      65627567 
 1395      5F7400
 1396              	.LASF103:
 1397 0155 776F7273 		.ascii	"worst\000"
 1397      7400
 1398              	.LASF106:
 1399 015b 74696D65 		.ascii	"time_measurement_t\000"
 1399      5F6D6561 
 1399      73757265 
ARM GAS  /var/folders/c6/c789hm653lg9vtl73krp73tm0000gn/T//cc9ajN5v.s 			page 27


 1399      6D656E74 
 1399      5F7400
 1400              	.LASF12:
 1401 016e 6C6F6E67 		.ascii	"long long unsigned int\000"
 1401      206C6F6E 
 1401      6720756E 
 1401      7369676E 
 1401      65642069 
 1402              	.LASF99:
 1403 0185 63685F74 		.ascii	"ch_trace_buffer_t\000"
 1403      72616365 
 1403      5F627566 
 1403      6665725F 
 1403      7400
 1404              	.LASF94:
 1405 0197 73655F73 		.ascii	"se_state\000"
 1405      74617465 
 1405      00
 1406              	.LASF113:
 1407 01a0 65786974 		.ascii	"exitcode\000"
 1407      636F6465 
 1407      00
 1408              	.LASF83:
 1409 01a9 6D61696E 		.ascii	"mainthread\000"
 1409      74687265 
 1409      616400
 1410              	.LASF70:
 1411 01b4 76697274 		.ascii	"virtual_timers_list_t\000"
 1411      75616C5F 
 1411      74696D65 
 1411      72735F6C 
 1411      6973745F 
 1412              	.LASF129:
 1413 01ca 49544D5F 		.ascii	"ITM_RxBuffer\000"
 1413      52784275 
 1413      66666572 
 1413      00
 1414              	.LASF18:
 1415 01d7 72747469 		.ascii	"rttime_t\000"
 1415      6D655F74 
 1415      00
 1416              	.LASF31:
 1417 01e0 705F7072 		.ascii	"p_prio\000"
 1417      696F00
 1418              	.LASF10:
 1419 01e7 6C6F6E67 		.ascii	"long long int\000"
 1419      206C6F6E 
 1419      6720696E 
 1419      7400
 1420              	.LASF1:
 1421 01f5 7369676E 		.ascii	"signed char\000"
 1421      65642063 
 1421      68617200 
 1422              	.LASF46:
 1423 0201 705F6D70 		.ascii	"p_mpool\000"
 1423      6F6F6C00 
 1424              	.LASF123:
ARM GAS  /var/folders/c6/c789hm653lg9vtl73krp73tm0000gn/T//cc9ajN5v.s 			page 28


 1425 0209 6D5F7175 		.ascii	"m_queue\000"
 1425      65756500 
 1426              	.LASF82:
 1427 0211 76746C69 		.ascii	"vtlist\000"
 1427      737400
 1428              	.LASF80:
 1429 0218 63685F73 		.ascii	"ch_system\000"
 1429      79737465 
 1429      6D00
 1430              	.LASF7:
 1431 0222 6C6F6E67 		.ascii	"long int\000"
 1431      20696E74 
 1431      00
 1432              	.LASF20:
 1433 022b 74737461 		.ascii	"tstate_t\000"
 1433      74655F74 
 1433      00
 1434              	.LASF92:
 1435 0234 73655F74 		.ascii	"se_tp\000"
 1435      7000
 1436              	.LASF33:
 1437 023a 705F6E65 		.ascii	"p_newer\000"
 1437      77657200 
 1438              	.LASF120:
 1439 0242 735F7175 		.ascii	"s_queue\000"
 1439      65756500 
 1440              	.LASF96:
 1441 024a 74625F73 		.ascii	"tb_size\000"
 1441      697A6500 
 1442              	.LASF59:
 1443 0252 725F6E65 		.ascii	"r_newer\000"
 1443      77657200 
 1444              	.LASF87:
 1445 025a 72656761 		.ascii	"regarm_t\000"
 1445      726D5F74 
 1445      00
 1446              	.LASF66:
 1447 0263 76745F70 		.ascii	"vt_prev\000"
 1447      72657600 
 1448              	.LASF74:
 1449 026b 63685F73 		.ascii	"ch_system_debug\000"
 1449      79737465 
 1449      6D5F6465 
 1449      62756700 
 1450              	.LASF127:
 1451 027b 6D757465 		.ascii	"mutex_t\000"
 1451      785F7400 
 1452              	.LASF77:
 1453 0283 6C6F636B 		.ascii	"lock_cnt\000"
 1453      5F636E74 
 1453      00
 1454              	.LASF85:
 1455 028c 69646C65 		.ascii	"idle_thread_wa\000"
 1455      5F746872 
 1455      6561645F 
 1455      776100
 1456              	.LASF25:
ARM GAS  /var/folders/c6/c789hm653lg9vtl73krp73tm0000gn/T//cc9ajN5v.s 			page 29


 1457 029b 636E745F 		.ascii	"cnt_t\000"
 1457      7400
 1458              	.LASF36:
 1459 02a1 705F7374 		.ascii	"p_stklimit\000"
 1459      6B6C696D 
 1459      697400
 1460              	.LASF0:
 1461 02ac 756E7369 		.ascii	"unsigned int\000"
 1461      676E6564 
 1461      20696E74 
 1461      00
 1462              	.LASF65:
 1463 02b9 76745F6E 		.ascii	"vt_next\000"
 1463      65787400 
 1464              	.LASF116:
 1465 02c1 77747365 		.ascii	"wtsemp\000"
 1465      6D7000
 1466              	.LASF41:
 1467 02c8 705F6D73 		.ascii	"p_msgqueue\000"
 1467      67717565 
 1467      756500
 1468              	.LASF107:
 1469 02d3 6E5F6972 		.ascii	"n_irq\000"
 1469      7100
 1470              	.LASF121:
 1471 02d9 735F636E 		.ascii	"s_cnt\000"
 1471      7400
 1472              	.LASF132:
 1473 02df 2F557365 		.ascii	"/Users/savonetj/Downloads/ChibiOS_3.0.2/demos/STM32"
 1473      72732F73 
 1473      61766F6E 
 1473      65746A2F 
 1473      446F776E 
 1474 0312 2F52542D 		.ascii	"/RT-STM32F407-OLIMEX_E407-LWIP-FATFS-USB\000"
 1474      53544D33 
 1474      32463430 
 1474      372D4F4C 
 1474      494D4558 
 1475              	.LASF4:
 1476 033b 73686F72 		.ascii	"short unsigned int\000"
 1476      7420756E 
 1476      7369676E 
 1476      65642069 
 1476      6E7400
 1477              	.LASF111:
 1478 034e 6B65726E 		.ascii	"kernel_stats_t\000"
 1478      656C5F73 
 1478      74617473 
 1478      5F7400
 1479              	.LASF50:
 1480 035d 63685F74 		.ascii	"ch_thread\000"
 1480      68726561 
 1480      6400
 1481              	.LASF23:
 1482 0367 6D73675F 		.ascii	"msg_t\000"
 1482      7400
 1483              	.LASF104:
ARM GAS  /var/folders/c6/c789hm653lg9vtl73krp73tm0000gn/T//cc9ajN5v.s 			page 30


 1484 036d 6C617374 		.ascii	"last\000"
 1484      00
 1485              	.LASF26:
 1486 0372 75636E74 		.ascii	"ucnt_t\000"
 1486      5F7400
 1487              	.LASF79:
 1488 0379 63685F73 		.ascii	"ch_system_t\000"
 1488      79737465 
 1488      6D5F7400 
 1489              	.LASF19:
 1490 0385 746D6F64 		.ascii	"tmode_t\000"
 1490      655F7400 
 1491              	.LASF110:
 1492 038d 6D5F6372 		.ascii	"m_crit_isr\000"
 1492      69745F69 
 1492      737200
 1493              	.LASF55:
 1494 0398 63685F72 		.ascii	"ch_ready_list\000"
 1494      65616479 
 1494      5F6C6973 
 1494      7400
 1495              	.LASF24:
 1496 03a6 6576656E 		.ascii	"eventmask_t\000"
 1496      746D6173 
 1496      6B5F7400 
 1497              	.LASF6:
 1498 03b2 5F5F696E 		.ascii	"__int32_t\000"
 1498      7433325F 
 1498      7400
 1499              	.LASF88:
 1500 03bc 73746B61 		.ascii	"stkalign_t\000"
 1500      6C69676E 
 1500      5F7400
 1501              	.LASF40:
 1502 03c7 705F7761 		.ascii	"p_waiting\000"
 1502      6974696E 
 1502      6700
 1503              	.LASF86:
 1504 03d1 73697A65 		.ascii	"sizetype\000"
 1504      74797065 
 1504      00
 1505              	.LASF48:
 1506 03da 74687265 		.ascii	"thread_reference_t\000"
 1506      61645F72 
 1506      65666572 
 1506      656E6365 
 1506      5F7400
 1507              	.LASF71:
 1508 03ed 63685F76 		.ascii	"ch_virtual_timers_list\000"
 1508      69727475 
 1508      616C5F74 
 1508      696D6572 
 1508      735F6C69 
 1509              	.LASF95:
 1510 0404 63685F73 		.ascii	"ch_swc_event_t\000"
 1510      77635F65 
 1510      76656E74 
ARM GAS  /var/folders/c6/c789hm653lg9vtl73krp73tm0000gn/T//cc9ajN5v.s 			page 31


 1510      5F7400
 1511              	.LASF72:
 1512 0413 76745F6C 		.ascii	"vt_lasttime\000"
 1512      61737474 
 1512      696D6500 
 1513              	.LASF34:
 1514 041f 705F6F6C 		.ascii	"p_older\000"
 1514      64657200 
 1515              	.LASF58:
 1516 0427 725F6374 		.ascii	"r_ctx\000"
 1516      7800
 1517              	.LASF101:
 1518 042d 746D5F63 		.ascii	"tm_calibration_t\000"
 1518      616C6962 
 1518      72617469 
 1518      6F6E5F74 
 1518      00
 1519              	.LASF61:
 1520 043e 725F6375 		.ascii	"r_current\000"
 1520      7272656E 
 1520      7400
 1521              	.LASF60:
 1522 0448 725F6F6C 		.ascii	"r_older\000"
 1522      64657200 
 1523              	.LASF11:
 1524 0450 5F5F7569 		.ascii	"__uint64_t\000"
 1524      6E743634 
 1524      5F7400
 1525              	.LASF105:
 1526 045b 63756D75 		.ascii	"cumulative\000"
 1526      6C617469 
 1526      766500
 1527              	.LASF21:
 1528 0466 74726566 		.ascii	"trefs_t\000"
 1528      735F7400 
 1529              	.LASF98:
 1530 046e 74625F62 		.ascii	"tb_buffer\000"
 1530      75666665 
 1530      7200
 1531              	.LASF63:
 1532 0478 76697274 		.ascii	"virtual_timer_t\000"
 1532      75616C5F 
 1532      74696D65 
 1532      725F7400 
 1533              	.LASF30:
 1534 0488 705F7072 		.ascii	"p_prev\000"
 1534      657600
 1535              	.LASF22:
 1536 048f 74707269 		.ascii	"tprio_t\000"
 1536      6F5F7400 
 1537              	.LASF108:
 1538 0497 6E5F6374 		.ascii	"n_ctxswc\000"
 1538      78737763 
 1538      00
 1539              	.LASF128:
 1540 04a0 5F426F6F 		.ascii	"_Bool\000"
 1540      6C00
ARM GAS  /var/folders/c6/c789hm653lg9vtl73krp73tm0000gn/T//cc9ajN5v.s 			page 32


 1541              	.LASF14:
 1542 04a6 696E7433 		.ascii	"int32_t\000"
 1542      325F7400 
 1543              	.LASF2:
 1544 04ae 756E7369 		.ascii	"unsigned char\000"
 1544      676E6564 
 1544      20636861 
 1544      7200
 1545              	.LASF44:
 1546 04bc 705F6D74 		.ascii	"p_mtxlist\000"
 1546      786C6973 
 1546      7400
 1547              	.LASF3:
 1548 04c6 73686F72 		.ascii	"short int\000"
 1548      7420696E 
 1548      7400
 1549              	.LASF37:
 1550 04d0 705F7374 		.ascii	"p_state\000"
 1550      61746500 
 1551              	.LASF57:
 1552 04d8 725F7072 		.ascii	"r_prio\000"
 1552      696F00
 1553              	.LASF118:
 1554 04df 65776D61 		.ascii	"ewmask\000"
 1554      736B00
 1555              	.LASF29:
 1556 04e6 705F6E65 		.ascii	"p_next\000"
 1556      787400
 1557              	.LASF38:
 1558 04ed 705F666C 		.ascii	"p_flags\000"
 1558      61677300 
 1559              	.LASF47:
 1560 04f5 705F7374 		.ascii	"p_stats\000"
 1560      61747300 
 1561              	.LASF64:
 1562 04fd 63685F76 		.ascii	"ch_virtual_timer\000"
 1562      69727475 
 1562      616C5F74 
 1562      696D6572 
 1562      00
 1563              	.LASF119:
 1564 050e 63685F73 		.ascii	"ch_semaphore\000"
 1564      656D6170 
 1564      686F7265 
 1564      00
 1565              	.LASF43:
 1566 051b 705F6570 		.ascii	"p_epending\000"
 1566      656E6469 
 1566      6E6700
 1567              	.LASF15:
 1568 0526 75696E74 		.ascii	"uint32_t\000"
 1568      33325F74 
 1568      00
 1569              	.LASF117:
 1570 052f 77746D74 		.ascii	"wtmtxp\000"
 1570      787000
 1571              	.LASF56:
ARM GAS  /var/folders/c6/c789hm653lg9vtl73krp73tm0000gn/T//cc9ajN5v.s 			page 33


 1572 0536 725F7175 		.ascii	"r_queue\000"
 1572      65756500 
 1573              	.LASF67:
 1574 053e 76745F64 		.ascii	"vt_delta\000"
 1574      656C7461 
 1574      00
 1575              	.LASF51:
 1576 0547 63685F74 		.ascii	"ch_threads_list\000"
 1576      68726561 
 1576      64735F6C 
 1576      69737400 
 1577              	.LASF9:
 1578 0557 6C6F6E67 		.ascii	"long unsigned int\000"
 1578      20756E73 
 1578      69676E65 
 1578      6420696E 
 1578      7400
 1579              	.LASF126:
 1580 0569 63686172 		.ascii	"char\000"
 1580      00
 1581              	.LASF28:
 1582 056e 74687265 		.ascii	"thread_t\000"
 1582      61645F74 
 1582      00
 1583              	.LASF102:
 1584 0577 62657374 		.ascii	"best\000"
 1584      00
 1585              	.LASF125:
 1586 057c 6D5F6E65 		.ascii	"m_next\000"
 1586      787400
 1587              	.LASF27:
 1588 0583 73797374 		.ascii	"systime_t\000"
 1588      696D655F 
 1588      7400
 1589              	.LASF45:
 1590 058d 705F7265 		.ascii	"p_realprio\000"
 1590      616C7072 
 1590      696F00
 1591              	.LASF62:
 1592 0598 76746675 		.ascii	"vtfunc_t\000"
 1592      6E635F74 
 1592      00
 1593              	.LASF8:
 1594 05a1 5F5F7569 		.ascii	"__uint32_t\000"
 1594      6E743332 
 1594      5F7400
 1595              	.LASF75:
 1596 05ac 70616E69 		.ascii	"panic_msg\000"
 1596      635F6D73 
 1596      6700
 1597              	.LASF100:
 1598 05b6 6F666673 		.ascii	"offset\000"
 1598      657400
 1599              	.LASF89:
 1600 05bd 636F6E74 		.ascii	"context\000"
 1600      65787400 
 1601              	.LASF17:
ARM GAS  /var/folders/c6/c789hm653lg9vtl73krp73tm0000gn/T//cc9ajN5v.s 			page 34


 1602 05c5 7274636E 		.ascii	"rtcnt_t\000"
 1602      745F7400 
 1603              	.LASF69:
 1604 05cd 76745F70 		.ascii	"vt_par\000"
 1604      617200
 1605              	.LASF52:
 1606 05d4 74687265 		.ascii	"threads_queue_t\000"
 1606      6164735F 
 1606      71756575 
 1606      655F7400 
 1607              	.LASF122:
 1608 05e4 63685F6D 		.ascii	"ch_mutex\000"
 1608      75746578 
 1608      00
 1609              	.LASF39:
 1610 05ed 705F7265 		.ascii	"p_refs\000"
 1610      667300
 1611              	.LASF76:
 1612 05f4 6973725F 		.ascii	"isr_cnt\000"
 1612      636E7400 
 1613              	.LASF81:
 1614 05fc 726C6973 		.ascii	"rlist\000"
 1614      7400
 1615              	.LASF13:
 1616 0602 75696E74 		.ascii	"uint8_t\000"
 1616      385F7400 
 1617              	.LASF114:
 1618 060a 77746F62 		.ascii	"wtobjp\000"
 1618      6A7000
 1619              	.LASF35:
 1620 0611 705F6E61 		.ascii	"p_name\000"
 1620      6D6500
 1621              	.LASF49:
 1622 0618 74687265 		.ascii	"threads_list_t\000"
 1622      6164735F 
 1622      6C697374 
 1622      5F7400
 1623              	.LASF131:
 1624 0627 2E2E2F2E 		.ascii	"../../../os/hal/src/hal_queues.c\000"
 1624      2E2F2E2E 
 1624      2F6F732F 
 1624      68616C2F 
 1624      7372632F 
 1625              	.LASF78:
 1626 0648 74726163 		.ascii	"trace_buffer\000"
 1626      655F6275 
 1626      66666572 
 1626      00
 1627              	.LASF42:
 1628 0655 705F6D73 		.ascii	"p_msg\000"
 1628      6700
 1629              	.LASF109:
 1630 065b 6D5F6372 		.ascii	"m_crit_thd\000"
 1630      69745F74 
 1630      686400
 1631              	.LASF124:
 1632 0666 6D5F6F77 		.ascii	"m_owner\000"
ARM GAS  /var/folders/c6/c789hm653lg9vtl73krp73tm0000gn/T//cc9ajN5v.s 			page 35


 1632      6E657200 
 1633              	.LASF93:
 1634 066e 73655F77 		.ascii	"se_wtobjp\000"
 1634      746F626A 
 1634      7000
 1635              	.LASF32:
 1636 0678 705F6374 		.ascii	"p_ctx\000"
 1636      7800
 1637              	.LASF68:
 1638 067e 76745F66 		.ascii	"vt_func\000"
 1638      756E6300 
 1639              		.comm	__gnu_lto_v1,1,1
 1640              		.ident	"GCC: (GNU Tools for ARM Embedded Processors) 4.8.4 20140725 (release) [ARM/embedded-4_8-br
ARM GAS  /var/folders/c6/c789hm653lg9vtl73krp73tm0000gn/T//cc9ajN5v.s 			page 36


DEFINED SYMBOLS
                            *ABS*:0000000000000000 hal_queues.c
                            *COM*:0000000000000001 __gnu_lto_v1

NO UNDEFINED SYMBOLS
