ARM GAS  /var/folders/c6/c789hm653lg9vtl73krp73tm0000gn/T//ccQJyXoN.s 			page 1


   1              		.syntax unified
   2              		.cpu cortex-m4
   3              		.fpu softvfp
   4              		.eabi_attribute 20, 1
   5              		.eabi_attribute 21, 1
   6              		.eabi_attribute 23, 3
   7              		.eabi_attribute 24, 1
   8              		.eabi_attribute 25, 1
   9              		.eabi_attribute 26, 1
  10              		.eabi_attribute 30, 2
  11              		.eabi_attribute 34, 1
  12              		.eabi_attribute 18, 4
  13              		.thumb
  14              		.file	"board.c"
  15              		.text
  16              	.Ltext0:
  17              		.section	.gnu.lto_.jmpfuncs.98fa66c8450baa12,"",%progbits
  18 0000 789C6362 		.ascii	"x\234cb`b\300\006\330\2414H\226\221\201\001\000\001"
  18      6062C006 
  18      D8A13448 
  18      96918101 
  18      0001
  19 0012 39000F   		.ascii	"9\000\017"
  20              		.text
  21              		.section	.gnu.lto_.inline.98fa66c8450baa12,"",%progbits
  22 0000 789C6362 		.ascii	"x\234cb`b\300\006\264\2414P\226\205\207\021\254\210"
  22      6062C006 
  22      B4A13450 
  22      96858711 
  22      AC88
  23 0012 6D813C58 		.ascii	"m\201<X-#\027\210``fB\025f\000\000,\340\001\347"
  23      2D231788 
  23      60606642 
  23      15660000 
  23      2CE001E7 
  24              		.text
  25              		.section	.gnu.lto_.pureconst.98fa66c8450baa12,"",%progbits
  26 0000 789C6362 		.ascii	"x\234cb`b`e\200\000&\006\011F\006\000\000\346\000%"
  26      60626065 
  26      80002606 
  26      09460600 
  26      00E60025 
  27              		.text
  28              		.section	.gnu.lto___early_init.98fa66c8450baa12,"",%progbits
  29 0000 789C6362 		.ascii	"x\234cb`b@\007\222@\\\003\304f@\314\310\314\300\310"
  29      60624007 
  29      92405C03 
  29      C46640CC 
  29      C8CCC0C8 
  30 0014 34E11C03 		.ascii	"4\341\034\003C#\007\023##\210\301\300\310P\317\304X"
  30      43230713 
  30      232388C1 
  30      C0C850CF 
  30      C458
  31 0026 1FC90856 		.ascii	"\037\311\010V\273\236\351\300\203\377\377\327\31596"
  31      BB9EE9C0 
  31      83FFFFD7 
ARM GAS  /var/folders/c6/c789hm653lg9vtl73krp73tm0000gn/T//ccQJyXoN.s 			page 2


  31      CD3936
  32 0035 670EE34C 		.ascii	"g\016\343L&f\240\010+CKC\303\004\005\006\206d\260\212"
  32      2666A008 
  32      2B434B43 
  32      C3040506 
  32      8664B08A 
  33 0049 102009D2 		.ascii	"\020 \011\322\026\312\310\004\242\231\31734?\230\361"
  33      16CAC804 
  33      A299CF33 
  33      343F98F1 
  34 0059 982B9171 		.ascii	"\230+\221q!#+P\272\232\341WCG\203@&#P9\304\304L\020"
  34      21232B50 
  34      BA9AE157 
  34      43478340 
  34      26235039 
  35 0071 7D91A1F1 		.ascii	"}\221\241\361\301Le\230\"\010\010\001J\000M\000\271"
  35      C14C6598 
  35      22080801 
  35      4A004D00 
  35      B9
  36 0082 D7444F4F 		.ascii	"\327DOO\037\202\362\213\3653\022s\364\223\362\023\213"
  36      1F82F28B 
  36      F5331273 
  36      F493F213 
  36      8B
  37 0093 528AF583 		.ascii	"R\212\365\203C\342\203C|\215\215\334L\342]<\203\235"
  37      43E28343 
  37      7C8D8DDC 
  37      4CE25D3C 
  37      839D
  38 00a5 FDC35C83 		.ascii	"\375\303\\\203\"!rz\311\014\000\320w2\033"
  38      2221727A 
  38      C90C00D0 
  38      77321B
  39              		.text
  40              		.section	.gnu.lto_boardInit.98fa66c8450baa12,"",%progbits
  41 0000 789C6362 		.ascii	"x\234cb`b@\007\222@\034\014\304f@\314\310\314\300\310"
  41      60624007 
  41      92401C0C 
  41      C46640CC 
  41      C8CCC0C8 
  42 0014 34E11C03 		.ascii	"4\341\034\003C#\007\023##\210\301\300\310P\317\304X"
  42      43230713 
  42      232388C1 
  42      C0C850CF 
  42      C458
  43 0026 1FC90856 		.ascii	"\037\311\010V\273\236\351\300\203\377\377\327}k\237"
  43      BB9EE9C0 
  43      83FFFFD7 
  43      7D6B9F
  44 0035 7E86713E 		.ascii	"~\206q>\023\310,V\206\226\206\206\011\012\014\014\311"
  44      13C82C56 
  44      86968686 
  44      090A0C0C 
  44      C9
  45 0046 60152140 		.ascii	"`\025!@\022\244-\224\221\011D3_d`Ld\\\310\310\012\267"
  45      12A42D94 
ARM GAS  /var/folders/c6/c789hm653lg9vtl73krp73tm0000gn/T//ccQJyXoN.s 			page 3


  45      91094433 
  45      5F64604C 
  45      645CC8C8 
  46 005c 2D849111 		.ascii	"-\204\221\021$\001\322j\242\247\247\017A\371\305\372"
  46      2401D26A 
  46      A2A7A70F 
  46      41F9C5FA 
  47 006c 198939FA 		.ascii	"\031\2119\372I\371\211E)\305\372\301!\361\301!\276\306"
  47      49F98945 
  47      29C5FAC1 
  47      21F1C121 
  47      BEC6
  48 007e 466E26F1 		.ascii	"Fn&\361.\236\301\316\376a\256A\221\0209\275d\006\000"
  48      2E9EC1CE 
  48      FE61AE41 
  48      911039BD 
  48      640600
  49 0091 1F8F271A 		.ascii	"\037\217'\032"
  50              		.text
  51              		.section	.gnu.lto_.symbol_nodes.98fa66c8450baa12,"",%progbits
  52 0000 789C6362 		.ascii	"x\234cb`b\260e\200\002\246V\246z\006\206\011\347\030"
  52      6062B065 
  52      8002A656 
  52      A67A0686 
  52      09E718
  53 0013 18EAEBE7 		.ascii	"\030\352\353\347u02\2651\3253\"\270\254-L\014\254\365"
  53      753032B5 
  53      31D53322 
  53      B8AC2D4C 
  53      0CACF5
  54 0026 0C8CED4C 		.ascii	"\014\214\355L\365L\020\321\206\006Ff\006f\206\346\007"
  54      F54C10D1 
  54      86064666 
  54      066686E6 
  54      07
  55 0037 FF181900 		.ascii	"\377\030\031\000\013\356\020\272"
  55      0BEE10BA 
  56              		.text
  57              		.section	.gnu.lto_.refs.98fa66c8450baa12,"",%progbits
  58 0000 789C6362 		.ascii	"x\234cb`b`d\200\002\000\000F\000\006"
  58      60626064 
  58      80020000 
  58      460006
  59              		.text
  60              		.section	.gnu.lto_.decls.98fa66c8450baa12,"",%progbits
  61 0000 789CC597 		.ascii	"x\234\305\227\177h\033e\030\307\237\367\222v\215+\333"
  61      7F681B65 
  61      18C79FF7 
  61      92768D2B 
  61      DB
  62 0011 2C383611 		.ascii	",86\021\233)\363\217Bs][\261\373gn\266[W\254\266\330"
  62      9B29F38F 
  62      42735D5B 
  62      B1FB676E 
  62      B65B57AC 
  63 0027 4D1484E3 		.ascii	"M\024\204\343\226\\\333`\232\013\227\213l\177\371.\224"
  63      965CDB60 
ARM GAS  /var/folders/c6/c789hm653lg9vtl73krp73tm0000gn/T//ccQJyXoN.s 			page 4


  63      9A0B978B 
  63      6C7FF92E 
  63      94
  64 0038 51CBD0C8 		.ascii	"Q\313\320\3106\2342gZ\267\256\255Jk\245s\376`^\035\335"
  64      369C3267 
  64      5AB7AEAD 
  64      4A6BA573 
  64      FE605E1D 
  65 004d DC90B08D 		.ascii	"\334\220\260\215v\226\2116 \010\373C\020\024q(\213\357"
  65      76968936 
  65      2008FB43 
  65      10147128 
  65      8BEF
  66 005f BDEF5D7A 		.ascii	"\275\357]z\227&\351\005\305\276\364\236\367\356\375"
  66      9726E905 
  66      C5BEF49E 
  66      F7EEFD
  67 006e F179BEF7 		.ascii	"\361y\276\367\274\357=o\312\001\007\003\000\220!eq\035"
  67      BCEF3D6F 
  67      CA010703 
  67      00902165 
  67      711D
  68 0080 C0760EC0 		.ascii	"\300v\016\300E\236w\300R\321\237\207\3105B\2561r!r}"
  68      459E77C0 
  68      52D19F87 
  68      C83542AE 
  68      31722172 
  69 0095 00F6A2F7 		.ascii	"\000\366\242\367\223\251p\207\\\303F\033g\264\217\301"
  69      93A97087 
  69      5CC3461B 
  69      67B48FC1 
  70 00a5 F23262B9 		.ascii	"\3622b\271G9\317f\251\206\3238\231N\317\3764\271\031"
  70      4739CF66 
  70      A986D338 
  70      994ECFFE 
  70      34B919
  71 00b8 27E35A26 		.ascii	"'\343Z&\363$l\204\023\230\224\344\021\214\221*\242\035"
  71      F3246C84 
  71      139894E4 
  71      118C912A 
  71      A21D
  72 00ca 0FC00B48 		.ascii	"\017\300\013HD\353<\340\2457\225\036p\323\251\"\032"
  72      44EB3CE0 
  72      A537951E 
  72      70D3A922 
  72      1A
  73 00db 461B8DBB 		.ascii	"F\033\215\273\375.S\316\023\010j`\214\314O`\034\177"
  73      FD2E53CE 
  73      13086A60 
  73      8CCC4F60 
  73      1C7F
  74 00ed 14E57109 		.ascii	"\024\345q\011\360\030\234\325=\340Q\354\242|\2350\204"
  74      F0189CD5 
  74      3DE051EC 
  74      A27C9D30 
  74      84
  75 00fe AAAD4344 		.ascii	"\252\255CD\364>\342r\205N\246\265?\256T&\016\2473\231"
ARM GAS  /var/folders/c6/c789hm653lg9vtl73krp73tm0000gn/T//ccQJyXoN.s 			page 5


  75      F43EE272 
  75      854EA6B5 
  75      3FAE5426 
  75      0EA73399 
  76 0112 6AE69D83 		.ascii	"j\346\235\203\247\021\031{\006\325\024\205\217\344\302"
  76      A711197B 
  76      06D51485 
  76      8FE4C2
  77 0121 CF2D87A7 		.ascii	"\317-\207\247\023\351\357/\3177\235\234\302\375\257"
  77      13E9EF2F 
  77      CF379D9C 
  77      C2FDAF
  78 0130 E17B9957 		.ascii	"\341{\231W\221\351\341\010\312u\301\030\343v\306#0\204"
  78      91E9E108 
  78      CA75C118 
  78      E376C623 
  78      3084
  79 0142 27B5F4D9 		.ascii	"'\265\364\331\324qD\"\211\011\"\203\252\340M\032J\022"
  79      D4714422 
  79      89092283 
  79      AAE04D1A 
  79      4A12
  80 0154 C96FC8C2 		.ascii	"\311o\310\302\033qL\2577\003\371\267\036\237\255p\206"
  80      1B714CAF 
  80      3703F9B7 
  80      1E9FAD70 
  80      86
  81 0165 442BBD38 		.ascii	"D+\2758\230i\300\270\302\230\342-<^D\037\241\255\260"
  81      9869C0B8 
  81      C298E22D 
  81      3C5E441F 
  81      A1ADB0
  82 0178 F2387DE4 		.ascii	"\3628}\344\004\221\300\264S/X\373-U\211\335\254\035"
  82      0491C0B4 
  82      532F58FB 
  82      2D5589DD 
  82      AC1D
  83 018a F2BC9551 		.ascii	"\362\274\225Q\266@R\037|7u\212\274\313\327(\237/d\372"
  83      B640521F 
  83      7C37758A 
  83      BCCBD728 
  83      9F2F64FA 
  84 019e 7A28FB0A 		.ascii	"z(\373\012\332\215\024\362\212h\212\214\347\340jN\324"
  84      DA8D14F2 
  84      8A688A8C 
  84      E7E06A4E 
  84      D4
  85 01af 5664E872 		.ascii	"Vd\350r\246s\345\036cr\247\035\310\215ko\245Nm\326\345"
  85      A673E51E 
  85      6372A71D 
  85      C88D6B6F 
  85      A54E6DD6 
  86 01c4 7A60803C 		.ascii	"z`\200<\352\033x\257\305\233m\367\0321\277\373\372\354"
  86      EA1B78AF 
  86      C59B6DF7 
  86      1A31BFFB 
  86      FAEC
ARM GAS  /var/folders/c6/c789hm653lg9vtl73krp73tm0000gn/T//ccQJyXoN.s 			page 6


  87 01d6 0C226B45 		.ascii	"\014\"kE:.\220i\034\214qv\325\316Q\363\307\276\334N"
  87      3A2E9069 
  87      1C8C7176 
  87      D5CE51F3 
  87      C7BEDC4E 
  88 01ea 964F445F 		.ascii	"\226OD_P\320\033.;HDk<\366\355C\236\315\001:\215v\033"
  88      50D01B2E 
  88      3B48446B 
  88      3CF6ED43 
  88      9ECD013A 
  89 0201 377AA258 		.ascii	"7z\242X\017\245\016\347\340\035\352T\017V>\241\306-"
  89      0FA50EE7 
  89      E01DEA54 
  89      0F563EA1 
  89      C62D
  90 0213 2BC6005B 		.ascii	"+\306\000[\000\323?^\273\354z\033k\375.3\034\311\222"
  90      00D33F5E 
  90      BBEC7A1B 
  90      6BFD2E33 
  90      1CC992
  91 0226 815EDB8A 		.ascii	"\201^\333\212\234NU&D\023v\316\011\254\242\240:m\312"
  91      9C4E5526 
  91      441376CE 
  91      09ACA2A0 
  91      3A6DCA
  92 0239 0A9B2819 		.ascii	"\012\233(\031fWv\336\012\233v\002\333PX\331\347V\330"
  92      665776DE 
  92      0A9B7602 
  92      DB5058D9 
  92      E756D8
  93 024c 6725C3EC 		.ascii	"g%\303\354\312.Za\027\235\3006\345Q\226\257X\277/\021"
  93      CA2E5A61 
  93      179DC036 
  93      E55196AF 
  93      58BF2F11 
  94 0260 9D274944 		.ascii	"\235'IDD\237\242-\304~E\355\014\265\227\250\235\245"
  94      449FA22D 
  94      C47E45ED 
  94      0CB597A8 
  94      9DA5
  95 0272 F60AB557 		.ascii	"\366\012\265W\211\315\026\016.QM\023K\232\354\337\361"
  95      89CD160E 
  95      2E514D13 
  95      4B9AECDF 
  95      F1
  96 0283 4ADB0C6B 		.ascii	"J\333\014k\211\016\375\005Y\232\270\346\010f{C\257\015"
  96      890EFD05 
  96      599AB8E6 
  96      08667B43 
  96      AF0D
  97 0295 76D202BB 		.ascii	"v\322\002\273\341\010\326TX\331\244\005\266\340\010"
  97      E108D654 
  97      58D9A405 
  97      B6E008
  98 02a4 D65958D9 		.ascii	"\326YX\331\005\013l\321\021,RX\331u\013\354gG\260\001"
  98      050B6CD1 
  98      112C5258 
ARM GAS  /var/folders/c6/c789hm653lg9vtl73krp73tm0000gn/T//ccQJyXoN.s 			page 7


  98      D9750BEC 
  98      6747B001 
  99 02b8 5458DA82 		.ascii	"TX\332\202\205\366\213#\332(*\254\355W\013\355wG4\255"
  99      85F68B23 
  99      DA282AAC 
  99      ED570BED 
  99      774734AD 
 100 02cc 88B63F2D 		.ascii	"\210\266?-\264\277\034\321\322\371\264Yv=\333\357\223"
 100      B4BF1CD1 
 100      D2F9B459 
 100      763DDBEF 
 100      93
 101 02dd 74BF7F4C 		.ascii	"t\277\177Lw\364\267\324\246\250\275N\355Mj\347\250\275"
 101      77F4B7D4 
 101      A6A8BD4E 
 101      ED4D6AE7 
 101      A8BD
 102 02ef 45ED02B5 		.ascii	"E\355\002\265\267\355{?\356\316M\353\354$\265x[:r\341"
 102      B7ED7B3F 
 102      EECE4DEB 
 102      EC24B578 
 102      5B3A72E1 
 103 0303 DFFB3B9A 		.ascii	"\337\373;\232\365W\370\214\377\201\374\016y\030\336"
 103      F557F88C 
 103      FF81FC0E 
 103      7918DE
 104 0312 73BF8B59 		.ascii	"s\277\213Y\276k\204O\360\200\226 I\374C*E\227\300\332"
 104      BE6B844F 
 104      F0809620 
 104      49FC432A 
 104      4597C0DA 
 105 0326 222CAEEC 		.ascii	"\",\256\354\2537\016\017<\027\237\347\214\024\220=X"
 105      AB370E0F 
 105      3C179FE7 
 105      8C14903D 
 105      58
 106 0337 582E308F 		.ascii	"X.0\217\227\357\356\221\343\205%\006\243i\016\367c\267"
 106      97EFEE91 
 106      E3852506 
 106      A3690EF7 
 106      63B7
 107 0349 9125B287 		.ascii	"\221%\262\207\220\313H\030&\030/\214\227\031\331#\353"
 107      90CB4818 
 107      26182F8C 
 107      9719D923 
 107      EB
 108 035a AB068C68 		.ascii	"\253\006\214h\024\0214\343\265\313\321\3349z\350qg\323"
 108      141134E3 
 108      B5CBD1DC 
 108      397AE871 
 108      67D3
 109 036c 73627096 		.ascii	"sbp\226\372*\256\007{\355rv\202\261(\205\305\034\306"
 109      FA2AAE07 
 109      7BED7276 
 109      82B12885 
 109      C51CC6
 110 037f F1FB8B07 		.ascii	"\361\373\213\007g\271\230\271\361\343\303\016\304\340"
ARM GAS  /var/folders/c6/c789hm653lg9vtl73krp73tm0000gn/T//ccQJyXoN.s 			page 8


 110      67B998B9 
 110      F1E3C30E 
 110      C4E0
 111 038d F29CE01C 		.ascii	"\362\234\340\034\335\004\306\366(\022\2348\036-+U\320"
 111      DD04C6F6 
 111      28129C38 
 111      1E2D2B55 
 111      D0
 112 039e 7C92AEB0 		.ascii	"|\222\256\260UO\265]\016\330\245\320\347\233E\205\354"
 112      554FB55D 
 112      0ED8A5D0 
 112      E79B4585 
 112      EC
 113 03af 2C5504AC 		.ascii	",U\004\254\020\221|\022\346\212J\200\377C\302\255\325"
 113      10917C12 
 113      E68A4A80 
 113      FF43C2AD 
 113      D5
 114 03c0 97B0B0FA 		.ascii	"\227\260\260\372\022n\257\266\004\200\2650\270\364K"
 114      126EAFB6 
 114      0480B530 
 114      B8F44B
 115 03cf 9CFD6B96 		.ascii	"\234\375k\226\357'\221>\365\016Z\233M\241\215>\037\317"
 115      EF27913E 
 115      F50E5A9B 
 115      4DA18D3E 
 115      1FCF
 116 03e1 FEE428DF 		.ascii	"\376\344(\337+\206\370\003\262\250\004\242|\327>\241"
 116      2B86F803 
 116      B2A804A2 
 116      7CD73EA1 
 117 03f1 6BDF330D 		.ascii	"k\3373\015\365{\032\205\226\266\256\346\216\347w?\367"
 117      F57B1A85 
 117      96B6AEE6 
 117      8EE7773F 
 117      F7
 118 0402 22EBF3F9 		.ascii	"\"\353\363\371\241R\020$Q\011\035\022\202\341\240Z\336"
 118      A1521024 
 118      51091D12 
 118      82E1A05A 
 118      DE
 119 0413 FAEC7E6F 		.ascii	"\372\354~o3xhg\033i\250\313EFdE\325\211\004\307\033"
 119      33786867 
 119      1B69A8CB 
 119      45466445 
 119      D58904C7 
 120 0428 D08307F5 		.ascii	"\320\203\007\365\036!\024\012\370zaCT\355k\250\027\374"
 120      1E21140A 
 120      F87A6143 
 120      54ED6BA8 
 120      17FC
 121 043a 21D9FF32 		.ascii	"!\331\3772En+Fhoo\341[;\333:^\251\347#YD\025C\364D\202"
 121      456E2B46 
 121      686F6FE1 
 121      5B3BDB3A 
 121      5EA9E723 
 122 0455 B21095D4 		.ascii	"\262\020\225\324XDP\333\371XT\341\011\223\314o\226B"
ARM GAS  /var/folders/c6/c789hm653lg9vtl73krp73tm0000gn/T//ccQJyXoN.s 			page 9


 122      584450DB 
 122      F95854E1 
 122      0993CC6F 
 122      9642
 123 0467 2151E17B 		.ascii	"!Q\341{\374\376ZQ\351\253\015\313a\251V\022\017\004"
 123      FCFE5A51 
 123      E9AB0DCB 
 123      61A95612 
 123      0F04
 124 0479 F9FABA6D 		.ascii	"\371\372\272m\215uMu\217\363\366\346`\330\037\212\005"
 124      8D754D75 
 124      8FF3F6E6 
 124      60D81F8A 
 124      05
 125 048a 243EAA06 		.ascii	"$>\252\006\202a\225\360+b\244&\016\324\227\376\003j"
 125      826195F0 
 125      2B62A426 
 125      0ED497FE 
 125      036A
 126 049c 9FE8EF0D 		.ascii	"\237\350\357\015\206%^\010H\335b,\244\012\352\241\210"
 126      86255E08 
 126      48DD622C 
 126      A40AEAA1 
 126      88
 127 04ad 14255EEE 		.ascii	"\024%^\356\023\004\323OY\237\034\220\224rY\357R\326"
 127      1304D34F 
 127      599F1C90 
 127      947259EF 
 127      52D6
 128 04bf C8D18824 		.ascii	"\310\321\210$\005\224\262H,\022P\\r@q\213\335JH7\275"
 128      0594B248 
 128      2C12505C 
 128      7240718B 
 128      DD4A4837 
 129 04d4 E59DBB5A 		.ascii	"\345\235\273ZDU,\357|\212U\315\254ja\325nV\355aU+\253"
 129      44552CEF 
 129      7C8A55CD 
 129      AC6A61D5 
 129      6E56ED61 
 130 04eb F6B2AA4D 		.ascii	"\366\262\252M\257<\235\273\332\233\345pw\260\247J\217"
 130      AF3C9DBB 
 130      DA9BE570 
 130      77B0A74A 
 130      8F
 131 04fc A6A9C84F 		.ascii	"\246\251\310O\233\036\364)r\200\014\362-\357\372\007"
 131      9B1EF429 
 131      72800CF2 
 131      2DEFFA07 
 132 050c AF2FA5E5 		.ascii	"\257/\245\345"
 133              		.text
 134              		.section	.gnu.lto_.symtab.98fa66c8450baa12,"",%progbits
 135 0000 5F5F6561 		.ascii	"__early_init\000\000\000\000\000\000\000\000\000\000"
 135      726C795F 
 135      696E6974 
 135      00000000 
 135      00000000 
 136 0016 0000A100 		.ascii	"\000\000\241\000\000\000boardInit\000\000\000\000\000"
ARM GAS  /var/folders/c6/c789hm653lg9vtl73krp73tm0000gn/T//ccQJyXoN.s 			page 10


 136      0000626F 
 136      61726449 
 136      6E697400 
 136      00000000 
 137 002a 00000000 		.ascii	"\000\000\000\000\000\000\000\246\000\000\000pal_def"
 137      000000A6 
 137      00000070 
 137      616C5F64 
 137      6566
 138 003c 61756C74 		.ascii	"ault_config\000\000\000\000\000\000\000\000\000\000"
 138      5F636F6E 
 138      66696700 
 138      00000000 
 138      00000000 
 139 0051 0000AB00 		.ascii	"\000\000\253\000\000\000stm32_clock_init\000\000\002"
 139      00007374 
 139      6D33325F 
 139      636C6F63 
 139      6B5F696E 
 140 006a 00000000 		.ascii	"\000\000\000\000\000\000\000\000\000\251\000\000\000"
 140      00000000 
 140      00A90000 
 140      00
 141              		.text
 142              		.section	.gnu.lto_.opts,"",%progbits
 143 0000 272D6D63 		.ascii	"'-mcpu=cortex-m4' '-mno-thumb-interwork' '-mthumb' "
 143      70753D63 
 143      6F727465 
 143      782D6D34 
 143      2720272D 
 144 0033 272D6767 		.ascii	"'-ggdb' '-O2' '-fomit-frame-pointer' '-falign-funct"
 144      64622720 
 144      272D4F32 
 144      2720272D 
 144      666F6D69 
 145 0066 696F6E73 		.ascii	"ions=16' '-ffunction-sections' '-fdata-sections' '-"
 145      3D313627 
 145      20272D66 
 145      66756E63 
 145      74696F6E 
 146 0099 666E6F2D 		.ascii	"fno-common' '-flto'\000"
 146      636F6D6D 
 146      6F6E2720 
 146      272D666C 
 146      746F2700 
 147              		.text
 148              		.cfi_sections	.debug_frame
 149              		.section	.text.__early_init,"ax",%progbits
 150              		.align	2
 151              		.p2align 4,,15
 152              		.global	__early_init
 153              		.thumb
 154              		.thumb_func
 155              		.type	__early_init, %function
 156              	__early_init:
 157              	.LFB260:
 158              		.file 1 "../../../os/hal/boards/ST_STM32F4_DISCOVERY/board.c"
ARM GAS  /var/folders/c6/c789hm653lg9vtl73krp73tm0000gn/T//ccQJyXoN.s 			page 11


 159              		.loc 1 70 0
 160              		.cfi_startproc
 161              		@ args = 0, pretend = 0, frame = 0
 162              		@ frame_needed = 0, uses_anonymous_args = 0
 163              		@ link register save eliminated.
 164              		.loc 1 72 0
 165 0000 FFF7FEBF 		b	stm32_clock_init
 166              	.LVL0:
 167              		.cfi_endproc
 168              	.LFE260:
 169              		.size	__early_init, .-__early_init
 170 0004 AFF30080 		.section	.text.boardInit,"ax",%progbits
 170      AFF30080 
 170      AFF30080 
 171              		.align	2
 172              		.p2align 4,,15
 173              		.global	boardInit
 174              		.thumb
 175              		.thumb_func
 176              		.type	boardInit, %function
 177              	boardInit:
 178              	.LFB261:
 179              		.loc 1 123 0
 180              		.cfi_startproc
 181              		@ args = 0, pretend = 0, frame = 0
 182              		@ frame_needed = 0, uses_anonymous_args = 0
 183              		@ link register save eliminated.
 184 0000 7047     		bx	lr
 185              		.cfi_endproc
 186              	.LFE261:
 187              		.size	boardInit, .-boardInit
 188              		.global	pal_default_config
 189 0002 00BFAFF3 		.section	.rodata.pal_default_config,"a",%progbits
 189      0080AFF3 
 189      0080AFF3 
 189      0080
 190              		.align	2
 191              		.type	pal_default_config, %object
 192              		.size	pal_default_config, 252
 193              	pal_default_config:
 194 0000 00AAA02A 		.word	715172352
 195 0004 00000000 		.word	0
 196 0008 FFABFFFF 		.word	-21505
 197 000c 54000140 		.word	1073807444
 198 0010 FFFF0000 		.word	65535
 199 0014 00005655 		.word	1431699456
 200 0018 00AA0A00 		.word	698880
 201 001c 80200800 		.word	532608
 202 0020 40020000 		.word	576
 203 0024 FFFFFFFF 		.word	-1
 204 0028 15455155 		.word	1431389461
 205 002c FFFF0000 		.word	65535
 206 0030 00000004 		.word	67108864
 207 0034 40000000 		.word	64
 208 0038 01802002 		.word	35684353
 209 003c 00000000 		.word	0
 210 0040 FFFFFFFF 		.word	-1
ARM GAS  /var/folders/c6/c789hm653lg9vtl73krp73tm0000gn/T//ccQJyXoN.s 			page 12


 211 0044 54154554 		.word	1413813588
 212 0048 FFFF0000 		.word	65535
 213 004c 00000060 		.word	1610612736
 214 0050 00060600 		.word	394752
 215 0054 00010055 		.word	1426063616
 216 0058 00000000 		.word	0
 217 005c FFFFFFFF 		.word	-1
 218 0060 55505500 		.word	5591125
 219 0064 FF0F0000 		.word	4095
 220 0068 00000000 		.word	0
 221 006c 00000000 		.word	0
 222 0070 40000000 		.word	64
 223 0074 00000000 		.word	0
 224 0078 FFFFFFFF 		.word	-1
 225 007c 00000000 		.word	0
 226 0080 FFFF0000 		.word	65535
 227 0084 00000000 		.word	0
 228 0088 00000000 		.word	0
 229 008c 00000000 		.word	0
 230 0090 00000000 		.word	0
 231 0094 FFFFFFFF 		.word	-1
 232 0098 00000000 		.word	0
 233 009c FFFF0000 		.word	65535
 234 00a0 00000000 		.word	0
 235 00a4 00000000 		.word	0
 236 00a8 00000000 		.word	0
 237 00ac 00000000 		.word	0
 238 00b0 FFFFFFFF 		.word	-1
 239 00b4 00000000 		.word	0
 240 00b8 FFFF0000 		.word	65535
 241 00bc 00000000 		.word	0
 242 00c0 00000000 		.word	0
 243 00c4 00000000 		.word	0
 244 00c8 00000000 		.word	0
 245 00cc FFFFFFFF 		.word	-1
 246 00d0 00000000 		.word	0
 247 00d4 FFFF0000 		.word	65535
 248 00d8 00000000 		.word	0
 249 00dc 00000000 		.word	0
 250 00e0 00000000 		.word	0
 251 00e4 00000000 		.word	0
 252 00e8 FFFFFFFF 		.word	-1
 253 00ec 00000000 		.word	0
 254 00f0 FFFF0000 		.word	65535
 255 00f4 00000000 		.word	0
 256 00f8 00000000 		.word	0
 257              		.text
 258              	.Letext0:
 259              		.file 2 "/usr/local/Cellar/gcc-arm-none-eabi/20140805/lib/gcc/arm-none-eabi/4.8.4/include/stddef.h
 260              		.file 3 "/usr/local/Cellar/gcc-arm-none-eabi/20140805/arm-none-eabi/include/machine/_default_types
 261              		.file 4 "/usr/local/Cellar/gcc-arm-none-eabi/20140805/arm-none-eabi/include/stdint.h"
 262              		.file 5 "../../../os/rt/ports/ARMCMx/compilers/GCC/chtypes.h"
 263              		.file 6 "../../../os/rt/include/chsystypes.h"
 264              		.file 7 "../../../os/rt/include/chschd.h"
 265              		.file 8 "../../../os/rt/ports/ARMCMx/chcore.h"
 266              		.file 9 "../../../os/rt/ports/ARMCMx/chcore_v7m.h"
 267              		.file 10 "../../../os/rt/include/chtm.h"
ARM GAS  /var/folders/c6/c789hm653lg9vtl73krp73tm0000gn/T//ccQJyXoN.s 			page 13


 268              		.file 11 "../../../os/rt/include/chsem.h"
 269              		.file 12 "../../../os/rt/include/chmtx.h"
 270              		.file 13 "../../../os/hal/ports/STM32/LLD/GPIOv2/pal_lld.h"
 271              		.file 14 "../../../os/ext/CMSIS/include/core_cm4.h"
 272              		.file 15 "../../../os/hal/ports/STM32/STM32F4xx/hal_lld.h"
 273              		.section	.debug_info,"",%progbits
 274              	.Ldebug_info0:
 275 0000 77070000 		.4byte	0x777
 276 0004 0400     		.2byte	0x4
 277 0006 00000000 		.4byte	.Ldebug_abbrev0
 278 000a 04       		.byte	0x4
 279 000b 01       		.uleb128 0x1
 280 000c 27050000 		.4byte	.LASF122
 281 0010 01       		.byte	0x1
 282 0011 27000000 		.4byte	.LASF123
 283 0015 24040000 		.4byte	.LASF124
 284 0019 00000000 		.4byte	.Ldebug_ranges0+0
 285 001d 00000000 		.4byte	0
 286 0021 00000000 		.4byte	.Ldebug_line0
 287 0025 02       		.uleb128 0x2
 288 0026 04       		.byte	0x4
 289 0027 05       		.byte	0x5
 290 0028 696E7400 		.ascii	"int\000"
 291 002c 03       		.uleb128 0x3
 292 002d 20000000 		.4byte	.LASF2
 293 0031 02       		.byte	0x2
 294 0032 D4       		.byte	0xd4
 295 0033 37000000 		.4byte	0x37
 296 0037 04       		.uleb128 0x4
 297 0038 04       		.byte	0x4
 298 0039 07       		.byte	0x7
 299 003a BA010000 		.4byte	.LASF0
 300 003e 04       		.uleb128 0x4
 301 003f 01       		.byte	0x1
 302 0040 06       		.byte	0x6
 303 0041 0A010000 		.4byte	.LASF1
 304 0045 03       		.uleb128 0x3
 305 0046 64000000 		.4byte	.LASF3
 306 004a 03       		.byte	0x3
 307 004b 1C       		.byte	0x1c
 308 004c 50000000 		.4byte	0x50
 309 0050 04       		.uleb128 0x4
 310 0051 01       		.byte	0x1
 311 0052 08       		.byte	0x8
 312 0053 47030000 		.4byte	.LASF4
 313 0057 04       		.uleb128 0x4
 314 0058 02       		.byte	0x2
 315 0059 05       		.byte	0x5
 316 005a 6A030000 		.4byte	.LASF5
 317 005e 04       		.uleb128 0x4
 318 005f 02       		.byte	0x2
 319 0060 07       		.byte	0x7
 320 0061 FD010000 		.4byte	.LASF6
 321 0065 03       		.uleb128 0x3
 322 0066 55020000 		.4byte	.LASF7
 323 006a 03       		.byte	0x3
 324 006b 37       		.byte	0x37
ARM GAS  /var/folders/c6/c789hm653lg9vtl73krp73tm0000gn/T//ccQJyXoN.s 			page 14


 325 006c 70000000 		.4byte	0x70
 326 0070 04       		.uleb128 0x4
 327 0071 04       		.byte	0x4
 328 0072 05       		.byte	0x5
 329 0073 3C010000 		.4byte	.LASF8
 330 0077 03       		.uleb128 0x3
 331 0078 A2040000 		.4byte	.LASF9
 332 007c 03       		.byte	0x3
 333 007d 38       		.byte	0x38
 334 007e 82000000 		.4byte	0x82
 335 0082 04       		.uleb128 0x4
 336 0083 04       		.byte	0x4
 337 0084 07       		.byte	0x7
 338 0085 12040000 		.4byte	.LASF10
 339 0089 04       		.uleb128 0x4
 340 008a 08       		.byte	0x8
 341 008b 05       		.byte	0x5
 342 008c FC000000 		.4byte	.LASF11
 343 0090 03       		.uleb128 0x3
 344 0091 F7020000 		.4byte	.LASF12
 345 0095 03       		.byte	0x3
 346 0096 4E       		.byte	0x4e
 347 0097 9B000000 		.4byte	0x9b
 348 009b 04       		.uleb128 0x4
 349 009c 08       		.byte	0x8
 350 009d 07       		.byte	0x7
 351 009e 90000000 		.4byte	.LASF13
 352 00a2 03       		.uleb128 0x3
 353 00a3 FB040000 		.4byte	.LASF14
 354 00a7 04       		.byte	0x4
 355 00a8 2A       		.byte	0x2a
 356 00a9 45000000 		.4byte	0x45
 357 00ad 03       		.uleb128 0x3
 358 00ae 3F030000 		.4byte	.LASF15
 359 00b2 04       		.byte	0x4
 360 00b3 41       		.byte	0x41
 361 00b4 65000000 		.4byte	0x65
 362 00b8 03       		.uleb128 0x3
 363 00b9 E1030000 		.4byte	.LASF16
 364 00bd 04       		.byte	0x4
 365 00be 42       		.byte	0x42
 366 00bf 77000000 		.4byte	0x77
 367 00c3 03       		.uleb128 0x3
 368 00c4 5B000000 		.4byte	.LASF17
 369 00c8 04       		.byte	0x4
 370 00c9 4E       		.byte	0x4e
 371 00ca 90000000 		.4byte	0x90
 372 00ce 05       		.uleb128 0x5
 373 00cf AD000000 		.4byte	0xad
 374 00d3 03       		.uleb128 0x3
 375 00d4 C6040000 		.4byte	.LASF18
 376 00d8 05       		.byte	0x5
 377 00d9 45       		.byte	0x45
 378 00da B8000000 		.4byte	0xb8
 379 00de 03       		.uleb128 0x3
 380 00df 33020000 		.4byte	.LASF19
 381 00e3 05       		.byte	0x5
ARM GAS  /var/folders/c6/c789hm653lg9vtl73krp73tm0000gn/T//ccQJyXoN.s 			page 15


 382 00e4 48       		.byte	0x48
 383 00e5 A2000000 		.4byte	0xa2
 384 00e9 03       		.uleb128 0x3
 385 00ea 4C010000 		.4byte	.LASF20
 386 00ee 05       		.byte	0x5
 387 00ef 49       		.byte	0x49
 388 00f0 A2000000 		.4byte	0xa2
 389 00f4 03       		.uleb128 0x3
 390 00f5 02030000 		.4byte	.LASF21
 391 00f9 05       		.byte	0x5
 392 00fa 4A       		.byte	0x4a
 393 00fb A2000000 		.4byte	0xa2
 394 00ff 03       		.uleb128 0x3
 395 0100 21030000 		.4byte	.LASF22
 396 0104 05       		.byte	0x5
 397 0105 4C       		.byte	0x4c
 398 0106 B8000000 		.4byte	0xb8
 399 010a 03       		.uleb128 0x3
 400 010b 21020000 		.4byte	.LASF23
 401 010f 05       		.byte	0x5
 402 0110 4D       		.byte	0x4d
 403 0111 AD000000 		.4byte	0xad
 404 0115 03       		.uleb128 0x3
 405 0116 49020000 		.4byte	.LASF24
 406 011a 05       		.byte	0x5
 407 011b 4F       		.byte	0x4f
 408 011c B8000000 		.4byte	0xb8
 409 0120 03       		.uleb128 0x3
 410 0121 B4010000 		.4byte	.LASF25
 411 0125 05       		.byte	0x5
 412 0126 51       		.byte	0x51
 413 0127 AD000000 		.4byte	0xad
 414 012b 03       		.uleb128 0x3
 415 012c 84040000 		.4byte	.LASF26
 416 0130 06       		.byte	0x6
 417 0131 33       		.byte	0x33
 418 0132 B8000000 		.4byte	0xb8
 419 0136 03       		.uleb128 0x3
 420 0137 74040000 		.4byte	.LASF27
 421 013b 06       		.byte	0x6
 422 013c 3F       		.byte	0x3f
 423 013d 41010000 		.4byte	0x141
 424 0141 06       		.uleb128 0x6
 425 0142 17020000 		.4byte	.LASF47
 426 0146 44       		.byte	0x44
 427 0147 07       		.byte	0x7
 428 0148 C2       		.byte	0xc2
 429 0149 2E020000 		.4byte	0x22e
 430 014d 07       		.uleb128 0x7
 431 014e 9B030000 		.4byte	.LASF28
 432 0152 07       		.byte	0x7
 433 0153 C3       		.byte	0xc3
 434 0154 39020000 		.4byte	0x239
 435 0158 00       		.byte	0
 436 0159 07       		.uleb128 0x7
 437 015a 1A030000 		.4byte	.LASF29
 438 015e 07       		.byte	0x7
ARM GAS  /var/folders/c6/c789hm653lg9vtl73krp73tm0000gn/T//ccQJyXoN.s 			page 16


 439 015f C5       		.byte	0xc5
 440 0160 39020000 		.4byte	0x239
 441 0164 04       		.byte	0x4
 442 0165 07       		.uleb128 0x7
 443 0166 F5000000 		.4byte	.LASF30
 444 016a 07       		.byte	0x7
 445 016b C7       		.byte	0xc7
 446 016c FF000000 		.4byte	0xff
 447 0170 08       		.byte	0x8
 448 0171 07       		.uleb128 0x7
 449 0172 32060000 		.4byte	.LASF31
 450 0176 07       		.byte	0x7
 451 0177 C8       		.byte	0xc8
 452 0178 69040000 		.4byte	0x469
 453 017c 0C       		.byte	0xc
 454 017d 07       		.uleb128 0x7
 455 017e 55010000 		.4byte	.LASF32
 456 0182 07       		.byte	0x7
 457 0183 CA       		.byte	0xca
 458 0184 39020000 		.4byte	0x239
 459 0188 10       		.byte	0x10
 460 0189 07       		.uleb128 0x7
 461 018a BA020000 		.4byte	.LASF33
 462 018e 07       		.byte	0x7
 463 018f CB       		.byte	0xcb
 464 0190 39020000 		.4byte	0x239
 465 0194 14       		.byte	0x14
 466 0195 07       		.uleb128 0x7
 467 0196 0A050000 		.4byte	.LASF34
 468 019a 07       		.byte	0x7
 469 019b D2       		.byte	0xd2
 470 019c E8050000 		.4byte	0x5e8
 471 01a0 18       		.byte	0x18
 472 01a1 07       		.uleb128 0x7
 473 01a2 74030000 		.4byte	.LASF35
 474 01a6 07       		.byte	0x7
 475 01a7 DD       		.byte	0xdd
 476 01a8 E9000000 		.4byte	0xe9
 477 01ac 1C       		.byte	0x1c
 478 01ad 07       		.uleb128 0x7
 479 01ae A2030000 		.4byte	.LASF36
 480 01b2 07       		.byte	0x7
 481 01b3 E1       		.byte	0xe1
 482 01b4 DE000000 		.4byte	0xde
 483 01b8 1D       		.byte	0x1d
 484 01b9 07       		.uleb128 0x7
 485 01ba EE040000 		.4byte	.LASF37
 486 01be 07       		.byte	0x7
 487 01bf E6       		.byte	0xe6
 488 01c0 F4000000 		.4byte	0xf4
 489 01c4 1E       		.byte	0x1e
 490 01c5 08       		.uleb128 0x8
 491 01c6 705F7500 		.ascii	"p_u\000"
 492 01ca 07       		.byte	0x7
 493 01cb 3101     		.2byte	0x131
 494 01cd 23050000 		.4byte	0x523
 495 01d1 20       		.byte	0x20
ARM GAS  /var/folders/c6/c789hm653lg9vtl73krp73tm0000gn/T//ccQJyXoN.s 			page 17


 496 01d2 09       		.uleb128 0x9
 497 01d3 71020000 		.4byte	.LASF38
 498 01d7 07       		.byte	0x7
 499 01d8 3601     		.2byte	0x136
 500 01da 3F020000 		.4byte	0x23f
 501 01de 24       		.byte	0x24
 502 01df 09       		.uleb128 0x9
 503 01e0 D6010000 		.4byte	.LASF39
 504 01e4 07       		.byte	0x7
 505 01e5 3C01     		.2byte	0x13c
 506 01e7 63020000 		.4byte	0x263
 507 01eb 28       		.byte	0x28
 508 01ec 09       		.uleb128 0x9
 509 01ed 07060000 		.4byte	.LASF40
 510 01f1 07       		.byte	0x7
 511 01f2 4001     		.2byte	0x140
 512 01f4 0A010000 		.4byte	0x10a
 513 01f8 30       		.byte	0x30
 514 01f9 09       		.uleb128 0x9
 515 01fa D6030000 		.4byte	.LASF41
 516 01fe 07       		.byte	0x7
 517 01ff 4601     		.2byte	0x146
 518 0201 15010000 		.4byte	0x115
 519 0205 34       		.byte	0x34
 520 0206 09       		.uleb128 0x9
 521 0207 60030000 		.4byte	.LASF42
 522 020b 07       		.byte	0x7
 523 020c 4D01     		.2byte	0x14d
 524 020e E2050000 		.4byte	0x5e2
 525 0212 38       		.byte	0x38
 526 0213 09       		.uleb128 0x9
 527 0214 8E040000 		.4byte	.LASF43
 528 0218 07       		.byte	0x7
 529 0219 5101     		.2byte	0x151
 530 021b FF000000 		.4byte	0xff
 531 021f 3C       		.byte	0x3c
 532 0220 09       		.uleb128 0x9
 533 0221 16010000 		.4byte	.LASF44
 534 0225 07       		.byte	0x7
 535 0226 5801     		.2byte	0x158
 536 0228 16030000 		.4byte	0x316
 537 022c 40       		.byte	0x40
 538 022d 00       		.byte	0
 539 022e 03       		.uleb128 0x3
 540 022f 84020000 		.4byte	.LASF45
 541 0233 06       		.byte	0x6
 542 0234 44       		.byte	0x44
 543 0235 39020000 		.4byte	0x239
 544 0239 0A       		.uleb128 0xa
 545 023a 04       		.byte	0x4
 546 023b 36010000 		.4byte	0x136
 547 023f 03       		.uleb128 0x3
 548 0240 18050000 		.4byte	.LASF46
 549 0244 06       		.byte	0x6
 550 0245 49       		.byte	0x49
 551 0246 4A020000 		.4byte	0x24a
 552 024a 06       		.uleb128 0x6
ARM GAS  /var/folders/c6/c789hm653lg9vtl73krp73tm0000gn/T//ccQJyXoN.s 			page 18


 553 024b 02040000 		.4byte	.LASF48
 554 024f 04       		.byte	0x4
 555 0250 07       		.byte	0x7
 556 0251 B0       		.byte	0xb0
 557 0252 63020000 		.4byte	0x263
 558 0256 07       		.uleb128 0x7
 559 0257 9B030000 		.4byte	.LASF28
 560 025b 07       		.byte	0x7
 561 025c B1       		.byte	0xb1
 562 025d 39020000 		.4byte	0x239
 563 0261 00       		.byte	0
 564 0262 00       		.byte	0
 565 0263 03       		.uleb128 0x3
 566 0264 D5040000 		.4byte	.LASF49
 567 0268 06       		.byte	0x6
 568 0269 50       		.byte	0x50
 569 026a 6E020000 		.4byte	0x26e
 570 026e 06       		.uleb128 0x6
 571 026f E4000000 		.4byte	.LASF50
 572 0273 08       		.byte	0x8
 573 0274 07       		.byte	0x7
 574 0275 B7       		.byte	0xb7
 575 0276 93020000 		.4byte	0x293
 576 027a 07       		.uleb128 0x7
 577 027b 9B030000 		.4byte	.LASF28
 578 027f 07       		.byte	0x7
 579 0280 B8       		.byte	0xb8
 580 0281 39020000 		.4byte	0x239
 581 0285 00       		.byte	0
 582 0286 07       		.uleb128 0x7
 583 0287 1A030000 		.4byte	.LASF29
 584 028b 07       		.byte	0x7
 585 028c B9       		.byte	0xb9
 586 028d 39020000 		.4byte	0x239
 587 0291 04       		.byte	0x4
 588 0292 00       		.byte	0
 589 0293 03       		.uleb128 0x3
 590 0294 13000000 		.4byte	.LASF51
 591 0298 06       		.byte	0x6
 592 0299 57       		.byte	0x57
 593 029a 9E020000 		.4byte	0x29e
 594 029e 0B       		.uleb128 0xb
 595 029f 3B020000 		.4byte	.LASF52
 596 02a3 1C       		.byte	0x1c
 597 02a4 07       		.byte	0x7
 598 02a5 9001     		.2byte	0x190
 599 02a7 FA020000 		.4byte	0x2fa
 600 02ab 09       		.uleb128 0x9
 601 02ac F1030000 		.4byte	.LASF53
 602 02b0 07       		.byte	0x7
 603 02b1 9101     		.2byte	0x191
 604 02b3 63020000 		.4byte	0x263
 605 02b7 00       		.byte	0
 606 02b8 09       		.uleb128 0x9
 607 02b9 86030000 		.4byte	.LASF54
 608 02bd 07       		.byte	0x7
 609 02be 9201     		.2byte	0x192
ARM GAS  /var/folders/c6/c789hm653lg9vtl73krp73tm0000gn/T//ccQJyXoN.s 			page 19


 610 02c0 FF000000 		.4byte	0xff
 611 02c4 08       		.byte	0x8
 612 02c5 09       		.uleb128 0x9
 613 02c6 C2020000 		.4byte	.LASF55
 614 02ca 07       		.byte	0x7
 615 02cb 9401     		.2byte	0x194
 616 02cd 69040000 		.4byte	0x469
 617 02d1 0C       		.byte	0xc
 618 02d2 09       		.uleb128 0x9
 619 02d3 65010000 		.4byte	.LASF56
 620 02d7 07       		.byte	0x7
 621 02d8 9701     		.2byte	0x197
 622 02da 39020000 		.4byte	0x239
 623 02de 10       		.byte	0x10
 624 02df 09       		.uleb128 0x9
 625 02e0 EF020000 		.4byte	.LASF57
 626 02e4 07       		.byte	0x7
 627 02e5 9801     		.2byte	0x198
 628 02e7 39020000 		.4byte	0x239
 629 02eb 14       		.byte	0x14
 630 02ec 09       		.uleb128 0x9
 631 02ed E5020000 		.4byte	.LASF58
 632 02f1 07       		.byte	0x7
 633 02f2 9B01     		.2byte	0x19b
 634 02f4 39020000 		.4byte	0x239
 635 02f8 18       		.byte	0x18
 636 02f9 00       		.byte	0
 637 02fa 03       		.uleb128 0x3
 638 02fb 99040000 		.4byte	.LASF59
 639 02ff 06       		.byte	0x6
 640 0300 5C       		.byte	0x5c
 641 0301 05030000 		.4byte	0x305
 642 0305 0A       		.uleb128 0xa
 643 0306 04       		.byte	0x4
 644 0307 0B030000 		.4byte	0x30b
 645 030b 0C       		.uleb128 0xc
 646 030c 16030000 		.4byte	0x316
 647 0310 0D       		.uleb128 0xd
 648 0311 16030000 		.4byte	0x316
 649 0315 00       		.byte	0
 650 0316 0E       		.uleb128 0xe
 651 0317 04       		.byte	0x4
 652 0318 03       		.uleb128 0x3
 653 0319 0A030000 		.4byte	.LASF60
 654 031d 06       		.byte	0x6
 655 031e 61       		.byte	0x61
 656 031f 23030000 		.4byte	0x323
 657 0323 0B       		.uleb128 0xb
 658 0324 B8030000 		.4byte	.LASF61
 659 0328 14       		.byte	0x14
 660 0329 07       		.byte	0x7
 661 032a 6B01     		.2byte	0x16b
 662 032c 72030000 		.4byte	0x372
 663 0330 09       		.uleb128 0x9
 664 0331 C7010000 		.4byte	.LASF62
 665 0335 07       		.byte	0x7
 666 0336 6C01     		.2byte	0x16c
ARM GAS  /var/folders/c6/c789hm653lg9vtl73krp73tm0000gn/T//ccQJyXoN.s 			page 20


 667 0338 FA050000 		.4byte	0x5fa
 668 033c 00       		.byte	0
 669 033d 09       		.uleb128 0x9
 670 033e 76010000 		.4byte	.LASF63
 671 0342 07       		.byte	0x7
 672 0343 6D01     		.2byte	0x16d
 673 0345 FA050000 		.4byte	0x5fa
 674 0349 04       		.byte	0x4
 675 034a 09       		.uleb128 0x9
 676 034b F9030000 		.4byte	.LASF64
 677 034f 07       		.byte	0x7
 678 0350 6E01     		.2byte	0x16e
 679 0352 2B010000 		.4byte	0x12b
 680 0356 08       		.byte	0x8
 681 0357 09       		.uleb128 0x9
 682 0358 38060000 		.4byte	.LASF65
 683 035c 07       		.byte	0x7
 684 035d 6F01     		.2byte	0x16f
 685 035f FA020000 		.4byte	0x2fa
 686 0363 0C       		.byte	0xc
 687 0364 09       		.uleb128 0x9
 688 0365 CE040000 		.4byte	.LASF66
 689 0369 07       		.byte	0x7
 690 036a 7101     		.2byte	0x171
 691 036c 16030000 		.4byte	0x316
 692 0370 10       		.byte	0x10
 693 0371 00       		.byte	0
 694 0372 03       		.uleb128 0x3
 695 0373 C1000000 		.4byte	.LASF67
 696 0377 06       		.byte	0x6
 697 0378 66       		.byte	0x66
 698 0379 7D030000 		.4byte	0x37d
 699 037d 0B       		.uleb128 0xb
 700 037e 97020000 		.4byte	.LASF68
 701 0382 10       		.byte	0x10
 702 0383 07       		.byte	0x7
 703 0384 7B01     		.2byte	0x17b
 704 0386 BF030000 		.4byte	0x3bf
 705 038a 09       		.uleb128 0x9
 706 038b C7010000 		.4byte	.LASF62
 707 038f 07       		.byte	0x7
 708 0390 7C01     		.2byte	0x17c
 709 0392 FA050000 		.4byte	0x5fa
 710 0396 00       		.byte	0
 711 0397 09       		.uleb128 0x9
 712 0398 76010000 		.4byte	.LASF63
 713 039c 07       		.byte	0x7
 714 039d 7E01     		.2byte	0x17e
 715 039f FA050000 		.4byte	0x5fa
 716 03a3 04       		.byte	0x4
 717 03a4 09       		.uleb128 0x9
 718 03a5 F9030000 		.4byte	.LASF64
 719 03a9 07       		.byte	0x7
 720 03aa 8001     		.2byte	0x180
 721 03ac 2B010000 		.4byte	0x12b
 722 03b0 08       		.byte	0x8
 723 03b1 09       		.uleb128 0x9
ARM GAS  /var/folders/c6/c789hm653lg9vtl73krp73tm0000gn/T//ccQJyXoN.s 			page 21


 724 03b2 AE020000 		.4byte	.LASF69
 725 03b6 07       		.byte	0x7
 726 03b7 8801     		.2byte	0x188
 727 03b9 2B010000 		.4byte	0x12b
 728 03bd 0C       		.byte	0xc
 729 03be 00       		.byte	0
 730 03bf 03       		.uleb128 0x3
 731 03c0 7A000000 		.4byte	.LASF70
 732 03c4 06       		.byte	0x6
 733 03c5 6B       		.byte	0x6b
 734 03c6 CA030000 		.4byte	0x3ca
 735 03ca 0B       		.uleb128 0xb
 736 03cb 29030000 		.4byte	.LASF71
 737 03cf 04       		.byte	0x4
 738 03d0 07       		.byte	0x7
 739 03d1 A201     		.2byte	0x1a2
 740 03d3 E5030000 		.4byte	0x3e5
 741 03d7 09       		.uleb128 0x9
 742 03d8 AD040000 		.4byte	.LASF72
 743 03dc 07       		.byte	0x7
 744 03dd AA01     		.2byte	0x1aa
 745 03df 00060000 		.4byte	0x600
 746 03e3 00       		.byte	0
 747 03e4 00       		.byte	0
 748 03e5 03       		.uleb128 0x3
 749 03e6 27020000 		.4byte	.LASF73
 750 03ea 06       		.byte	0x6
 751 03eb 70       		.byte	0x70
 752 03ec F0030000 		.4byte	0x3f0
 753 03f0 0F       		.uleb128 0xf
 754 03f1 32010000 		.4byte	.LASF74
 755 03f5 5001     		.2byte	0x150
 756 03f7 07       		.byte	0x7
 757 03f8 C201     		.2byte	0x1c2
 758 03fa 4C040000 		.4byte	0x44c
 759 03fe 09       		.uleb128 0x9
 760 03ff F5040000 		.4byte	.LASF75
 761 0403 07       		.byte	0x7
 762 0404 C601     		.2byte	0x1c6
 763 0406 93020000 		.4byte	0x293
 764 040a 00       		.byte	0
 765 040b 09       		.uleb128 0x9
 766 040c 7E010000 		.4byte	.LASF76
 767 0410 07       		.byte	0x7
 768 0411 CA01     		.2byte	0x1ca
 769 0413 72030000 		.4byte	0x372
 770 0417 1C       		.byte	0x1c
 771 0418 08       		.uleb128 0x8
 772 0419 64626700 		.ascii	"dbg\000"
 773 041d 07       		.byte	0x7
 774 041e CE01     		.2byte	0x1ce
 775 0420 BF030000 		.4byte	0x3bf
 776 0424 2C       		.byte	0x2c
 777 0425 09       		.uleb128 0x9
 778 0426 B6000000 		.4byte	.LASF77
 779 042a 07       		.byte	0x7
 780 042b D201     		.2byte	0x1d2
ARM GAS  /var/folders/c6/c789hm653lg9vtl73krp73tm0000gn/T//ccQJyXoN.s 			page 22


 781 042d 36010000 		.4byte	0x136
 782 0431 30       		.byte	0x30
 783 0432 08       		.uleb128 0x8
 784 0433 746D00   		.ascii	"tm\000"
 785 0436 07       		.byte	0x7
 786 0437 D701     		.2byte	0x1d7
 787 0439 18050000 		.4byte	0x518
 788 043d 74       		.byte	0x74
 789 043e 09       		.uleb128 0x9
 790 043f A5010000 		.4byte	.LASF78
 791 0443 07       		.byte	0x7
 792 0444 E301     		.2byte	0x1e3
 793 0446 05060000 		.4byte	0x605
 794 044a 78       		.byte	0x78
 795 044b 00       		.byte	0
 796 044c 04       		.uleb128 0x4
 797 044d 04       		.byte	0x4
 798 044e 07       		.byte	0x7
 799 044f 7B020000 		.4byte	.LASF79
 800 0453 03       		.uleb128 0x3
 801 0454 6D010000 		.4byte	.LASF80
 802 0458 08       		.byte	0x8
 803 0459 65       		.byte	0x65
 804 045a 16030000 		.4byte	0x316
 805 045e 03       		.uleb128 0x3
 806 045f 66020000 		.4byte	.LASF81
 807 0463 08       		.byte	0x8
 808 0464 6D       		.byte	0x6d
 809 0465 C3000000 		.4byte	0xc3
 810 0469 06       		.uleb128 0x6
 811 046a BE040000 		.4byte	.LASF82
 812 046e 04       		.byte	0x4
 813 046f 08       		.byte	0x8
 814 0470 89       		.byte	0x89
 815 0471 82040000 		.4byte	0x482
 816 0475 10       		.uleb128 0x10
 817 0476 72313300 		.ascii	"r13\000"
 818 047a 08       		.byte	0x8
 819 047b 8A       		.byte	0x8a
 820 047c FD040000 		.4byte	0x4fd
 821 0480 00       		.byte	0
 822 0481 00       		.byte	0
 823 0482 06       		.uleb128 0x6
 824 0483 6E000000 		.4byte	.LASF83
 825 0487 24       		.byte	0x24
 826 0488 09       		.byte	0x9
 827 0489 F4       		.byte	0xf4
 828 048a FD040000 		.4byte	0x4fd
 829 048e 08       		.uleb128 0x8
 830 048f 723400   		.ascii	"r4\000"
 831 0492 09       		.byte	0x9
 832 0493 0701     		.2byte	0x107
 833 0495 53040000 		.4byte	0x453
 834 0499 00       		.byte	0
 835 049a 08       		.uleb128 0x8
 836 049b 723500   		.ascii	"r5\000"
 837 049e 09       		.byte	0x9
ARM GAS  /var/folders/c6/c789hm653lg9vtl73krp73tm0000gn/T//ccQJyXoN.s 			page 23


 838 049f 0801     		.2byte	0x108
 839 04a1 53040000 		.4byte	0x453
 840 04a5 04       		.byte	0x4
 841 04a6 08       		.uleb128 0x8
 842 04a7 723600   		.ascii	"r6\000"
 843 04aa 09       		.byte	0x9
 844 04ab 0901     		.2byte	0x109
 845 04ad 53040000 		.4byte	0x453
 846 04b1 08       		.byte	0x8
 847 04b2 08       		.uleb128 0x8
 848 04b3 723700   		.ascii	"r7\000"
 849 04b6 09       		.byte	0x9
 850 04b7 0A01     		.2byte	0x10a
 851 04b9 53040000 		.4byte	0x453
 852 04bd 0C       		.byte	0xc
 853 04be 08       		.uleb128 0x8
 854 04bf 723800   		.ascii	"r8\000"
 855 04c2 09       		.byte	0x9
 856 04c3 0B01     		.2byte	0x10b
 857 04c5 53040000 		.4byte	0x453
 858 04c9 10       		.byte	0x10
 859 04ca 08       		.uleb128 0x8
 860 04cb 723900   		.ascii	"r9\000"
 861 04ce 09       		.byte	0x9
 862 04cf 0C01     		.2byte	0x10c
 863 04d1 53040000 		.4byte	0x453
 864 04d5 14       		.byte	0x14
 865 04d6 08       		.uleb128 0x8
 866 04d7 72313000 		.ascii	"r10\000"
 867 04db 09       		.byte	0x9
 868 04dc 0D01     		.2byte	0x10d
 869 04de 53040000 		.4byte	0x453
 870 04e2 18       		.byte	0x18
 871 04e3 08       		.uleb128 0x8
 872 04e4 72313100 		.ascii	"r11\000"
 873 04e8 09       		.byte	0x9
 874 04e9 0E01     		.2byte	0x10e
 875 04eb 53040000 		.4byte	0x453
 876 04ef 1C       		.byte	0x1c
 877 04f0 08       		.uleb128 0x8
 878 04f1 6C7200   		.ascii	"lr\000"
 879 04f4 09       		.byte	0x9
 880 04f5 0F01     		.2byte	0x10f
 881 04f7 53040000 		.4byte	0x453
 882 04fb 20       		.byte	0x20
 883 04fc 00       		.byte	0
 884 04fd 0A       		.uleb128 0xa
 885 04fe 04       		.byte	0x4
 886 04ff 82040000 		.4byte	0x482
 887 0503 11       		.uleb128 0x11
 888 0504 04       		.byte	0x4
 889 0505 0A       		.byte	0xa
 890 0506 38       		.byte	0x38
 891 0507 18050000 		.4byte	0x518
 892 050b 07       		.uleb128 0x7
 893 050c B7040000 		.4byte	.LASF84
 894 0510 0A       		.byte	0xa
ARM GAS  /var/folders/c6/c789hm653lg9vtl73krp73tm0000gn/T//ccQJyXoN.s 			page 24


 895 0511 3C       		.byte	0x3c
 896 0512 D3000000 		.4byte	0xd3
 897 0516 00       		.byte	0
 898 0517 00       		.byte	0
 899 0518 03       		.uleb128 0x3
 900 0519 C8020000 		.4byte	.LASF85
 901 051d 0A       		.byte	0xa
 902 051e 3D       		.byte	0x3d
 903 051f 03050000 		.4byte	0x503
 904 0523 12       		.uleb128 0x12
 905 0524 04       		.byte	0x4
 906 0525 07       		.byte	0x7
 907 0526 FA       		.byte	0xfa
 908 0527 80050000 		.4byte	0x580
 909 052b 13       		.uleb128 0x13
 910 052c AA030000 		.4byte	.LASF86
 911 0530 07       		.byte	0x7
 912 0531 0101     		.2byte	0x101
 913 0533 0A010000 		.4byte	0x10a
 914 0537 13       		.uleb128 0x13
 915 0538 AD000000 		.4byte	.LASF87
 916 053c 07       		.byte	0x7
 917 053d 0801     		.2byte	0x108
 918 053f 0A010000 		.4byte	0x10a
 919 0543 13       		.uleb128 0x13
 920 0544 03050000 		.4byte	.LASF88
 921 0548 07       		.byte	0x7
 922 0549 0F01     		.2byte	0x10f
 923 054b 16030000 		.4byte	0x316
 924 054f 13       		.uleb128 0x13
 925 0550 2C010000 		.4byte	.LASF89
 926 0554 07       		.byte	0x7
 927 0555 1601     		.2byte	0x116
 928 0557 80050000 		.4byte	0x580
 929 055b 13       		.uleb128 0x13
 930 055c CF010000 		.4byte	.LASF90
 931 0560 07       		.byte	0x7
 932 0561 1E01     		.2byte	0x11e
 933 0563 AB050000 		.4byte	0x5ab
 934 0567 13       		.uleb128 0x13
 935 0568 EA030000 		.4byte	.LASF91
 936 056c 07       		.byte	0x7
 937 056d 2701     		.2byte	0x127
 938 056f E2050000 		.4byte	0x5e2
 939 0573 13       		.uleb128 0x13
 940 0574 94030000 		.4byte	.LASF92
 941 0578 07       		.byte	0x7
 942 0579 2F01     		.2byte	0x12f
 943 057b 15010000 		.4byte	0x115
 944 057f 00       		.byte	0
 945 0580 0A       		.uleb128 0xa
 946 0581 04       		.byte	0x4
 947 0582 2E020000 		.4byte	0x22e
 948 0586 06       		.uleb128 0x6
 949 0587 C9030000 		.4byte	.LASF93
 950 058b 0C       		.byte	0xc
 951 058c 0B       		.byte	0xb
ARM GAS  /var/folders/c6/c789hm653lg9vtl73krp73tm0000gn/T//ccQJyXoN.s 			page 25


 952 058d 34       		.byte	0x34
 953 058e AB050000 		.4byte	0x5ab
 954 0592 07       		.uleb128 0x7
 955 0593 5D010000 		.4byte	.LASF94
 956 0597 0B       		.byte	0xb
 957 0598 35       		.byte	0x35
 958 0599 63020000 		.4byte	0x263
 959 059d 00       		.byte	0
 960 059e 07       		.uleb128 0x7
 961 059f 5A030000 		.4byte	.LASF95
 962 05a3 0B       		.byte	0xb
 963 05a4 37       		.byte	0x37
 964 05a5 20010000 		.4byte	0x120
 965 05a9 08       		.byte	0x8
 966 05aa 00       		.byte	0
 967 05ab 0A       		.uleb128 0xa
 968 05ac 04       		.byte	0x4
 969 05ad 86050000 		.4byte	0x586
 970 05b1 06       		.uleb128 0x6
 971 05b2 E5040000 		.4byte	.LASF96
 972 05b6 10       		.byte	0x10
 973 05b7 0C       		.byte	0xc
 974 05b8 39       		.byte	0x39
 975 05b9 E2050000 		.4byte	0x5e2
 976 05bd 07       		.uleb128 0x7
 977 05be 1E010000 		.4byte	.LASF97
 978 05c2 0C       		.byte	0xc
 979 05c3 3A       		.byte	0x3a
 980 05c4 63020000 		.4byte	0x263
 981 05c8 00       		.byte	0
 982 05c9 07       		.uleb128 0x7
 983 05ca 17060000 		.4byte	.LASF98
 984 05ce 0C       		.byte	0xc
 985 05cf 3C       		.byte	0x3c
 986 05d0 39020000 		.4byte	0x239
 987 05d4 08       		.byte	0x8
 988 05d5 07       		.uleb128 0x7
 989 05d6 7D040000 		.4byte	.LASF99
 990 05da 0C       		.byte	0xc
 991 05db 3E       		.byte	0x3e
 992 05dc 20060000 		.4byte	0x620
 993 05e0 0C       		.byte	0xc
 994 05e1 00       		.byte	0
 995 05e2 0A       		.uleb128 0xa
 996 05e3 04       		.byte	0x4
 997 05e4 B1050000 		.4byte	0x5b1
 998 05e8 0A       		.uleb128 0xa
 999 05e9 04       		.byte	0x4
 1000 05ea EE050000 		.4byte	0x5ee
 1001 05ee 14       		.uleb128 0x14
 1002 05ef F3050000 		.4byte	0x5f3
 1003 05f3 04       		.uleb128 0x4
 1004 05f4 01       		.byte	0x1
 1005 05f5 08       		.byte	0x8
 1006 05f6 6F040000 		.4byte	.LASF100
 1007 05fa 0A       		.uleb128 0xa
 1008 05fb 04       		.byte	0x4
ARM GAS  /var/folders/c6/c789hm653lg9vtl73krp73tm0000gn/T//ccQJyXoN.s 			page 26


 1009 05fc 18030000 		.4byte	0x318
 1010 0600 05       		.uleb128 0x5
 1011 0601 E8050000 		.4byte	0x5e8
 1012 0605 15       		.uleb128 0x15
 1013 0606 5E040000 		.4byte	0x45e
 1014 060a 15060000 		.4byte	0x615
 1015 060e 16       		.uleb128 0x16
 1016 060f 4C040000 		.4byte	0x44c
 1017 0613 1A       		.byte	0x1a
 1018 0614 00       		.byte	0
 1019 0615 03       		.uleb128 0x3
 1020 0616 96010000 		.4byte	.LASF101
 1021 061a 0C       		.byte	0xc
 1022 061b 34       		.byte	0x34
 1023 061c B1050000 		.4byte	0x5b1
 1024 0620 0A       		.uleb128 0xa
 1025 0621 04       		.byte	0x4
 1026 0622 15060000 		.4byte	0x615
 1027 0626 04       		.uleb128 0x4
 1028 0627 01       		.byte	0x1
 1029 0628 02       		.byte	0x2
 1030 0629 39030000 		.4byte	.LASF102
 1031 062d 11       		.uleb128 0x11
 1032 062e 1C       		.byte	0x1c
 1033 062f 0D       		.byte	0xd
 1034 0630 C1       		.byte	0xc1
 1035 0631 8A060000 		.4byte	0x68a
 1036 0635 07       		.uleb128 0x7
 1037 0636 26010000 		.4byte	.LASF103
 1038 063a 0D       		.byte	0xd
 1039 063b C3       		.byte	0xc3
 1040 063c B8000000 		.4byte	0xb8
 1041 0640 00       		.byte	0
 1042 0641 07       		.uleb128 0x7
 1043 0642 E9010000 		.4byte	.LASF104
 1044 0646 0D       		.byte	0xd
 1045 0647 C5       		.byte	0xc5
 1046 0648 B8000000 		.4byte	0xb8
 1047 064c 04       		.byte	0x4
 1048 064d 07       		.uleb128 0x7
 1049 064e E1010000 		.4byte	.LASF105
 1050 0652 0D       		.byte	0xd
 1051 0653 C7       		.byte	0xc7
 1052 0654 B8000000 		.4byte	0xb8
 1053 0658 08       		.byte	0x8
 1054 0659 07       		.uleb128 0x7
 1055 065a A7000000 		.4byte	.LASF106
 1056 065e 0D       		.byte	0xd
 1057 065f C9       		.byte	0xc9
 1058 0660 B8000000 		.4byte	0xb8
 1059 0664 0C       		.byte	0xc
 1060 0665 10       		.uleb128 0x10
 1061 0666 6F647200 		.ascii	"odr\000"
 1062 066a 0D       		.byte	0xd
 1063 066b CB       		.byte	0xcb
 1064 066c B8000000 		.4byte	0xb8
 1065 0670 10       		.byte	0x10
ARM GAS  /var/folders/c6/c789hm653lg9vtl73krp73tm0000gn/T//ccQJyXoN.s 			page 27


 1066 0671 07       		.uleb128 0x7
 1067 0672 55030000 		.4byte	.LASF107
 1068 0676 0D       		.byte	0xd
 1069 0677 CD       		.byte	0xcd
 1070 0678 B8000000 		.4byte	0xb8
 1071 067c 14       		.byte	0x14
 1072 067d 07       		.uleb128 0x7
 1073 067e D9020000 		.4byte	.LASF108
 1074 0682 0D       		.byte	0xd
 1075 0683 CF       		.byte	0xcf
 1076 0684 B8000000 		.4byte	0xb8
 1077 0688 18       		.byte	0x18
 1078 0689 00       		.byte	0
 1079 068a 03       		.uleb128 0x3
 1080 068b 00000000 		.4byte	.LASF109
 1081 068f 0D       		.byte	0xd
 1082 0690 D0       		.byte	0xd0
 1083 0691 2D060000 		.4byte	0x62d
 1084 0695 11       		.uleb128 0x11
 1085 0696 FC       		.byte	0xfc
 1086 0697 0D       		.byte	0xd
 1087 0698 D9       		.byte	0xd9
 1088 0699 0A070000 		.4byte	0x70a
 1089 069d 07       		.uleb128 0x7
 1090 069e 8D030000 		.4byte	.LASF110
 1091 06a2 0D       		.byte	0xd
 1092 06a3 DC       		.byte	0xdc
 1093 06a4 8A060000 		.4byte	0x68a
 1094 06a8 00       		.byte	0
 1095 06a9 07       		.uleb128 0x7
 1096 06aa 9E010000 		.4byte	.LASF111
 1097 06ae 0D       		.byte	0xd
 1098 06af E0       		.byte	0xe0
 1099 06b0 8A060000 		.4byte	0x68a
 1100 06b4 1C       		.byte	0x1c
 1101 06b5 07       		.uleb128 0x7
 1102 06b6 11050000 		.4byte	.LASF112
 1103 06ba 0D       		.byte	0xd
 1104 06bb E4       		.byte	0xe4
 1105 06bc 8A060000 		.4byte	0x68a
 1106 06c0 38       		.byte	0x38
 1107 06c1 07       		.uleb128 0x7
 1108 06c2 DE020000 		.4byte	.LASF113
 1109 06c6 0D       		.byte	0xd
 1110 06c7 E8       		.byte	0xe8
 1111 06c8 8A060000 		.4byte	0x68a
 1112 06cc 54       		.byte	0x54
 1113 06cd 07       		.uleb128 0x7
 1114 06ce 45010000 		.4byte	.LASF114
 1115 06d2 0D       		.byte	0xd
 1116 06d3 EC       		.byte	0xec
 1117 06d4 8A060000 		.4byte	0x68a
 1118 06d8 70       		.byte	0x70
 1119 06d9 07       		.uleb128 0x7
 1120 06da 10020000 		.4byte	.LASF115
 1121 06de 0D       		.byte	0xd
 1122 06df F0       		.byte	0xf0
ARM GAS  /var/folders/c6/c789hm653lg9vtl73krp73tm0000gn/T//ccQJyXoN.s 			page 28


 1123 06e0 8A060000 		.4byte	0x68a
 1124 06e4 8C       		.byte	0x8c
 1125 06e5 07       		.uleb128 0x7
 1126 06e6 5F020000 		.4byte	.LASF116
 1127 06ea 0D       		.byte	0xd
 1128 06eb F4       		.byte	0xf4
 1129 06ec 8A060000 		.4byte	0x68a
 1130 06f0 A8       		.byte	0xa8
 1131 06f1 07       		.uleb128 0x7
 1132 06f2 89000000 		.4byte	.LASF117
 1133 06f6 0D       		.byte	0xd
 1134 06f7 F8       		.byte	0xf8
 1135 06f8 8A060000 		.4byte	0x68a
 1136 06fc C4       		.byte	0xc4
 1137 06fd 07       		.uleb128 0x7
 1138 06fe B1030000 		.4byte	.LASF118
 1139 0702 0D       		.byte	0xd
 1140 0703 FC       		.byte	0xfc
 1141 0704 8A060000 		.4byte	0x68a
 1142 0708 E0       		.byte	0xe0
 1143 0709 00       		.byte	0
 1144 070a 03       		.uleb128 0x3
 1145 070b 0D060000 		.4byte	.LASF119
 1146 070f 0D       		.byte	0xd
 1147 0710 FE       		.byte	0xfe
 1148 0711 95060000 		.4byte	0x695
 1149 0715 17       		.uleb128 0x17
 1150 0716 F0010000 		.4byte	.LASF125
 1151 071a 01       		.byte	0x1
 1152 071b 46       		.byte	0x46
 1153 071c 00000000 		.4byte	.LFB260
 1154 0720 04000000 		.4byte	.LFE260-.LFB260
 1155 0724 01       		.uleb128 0x1
 1156 0725 9C       		.byte	0x9c
 1157 0726 34070000 		.4byte	0x734
 1158 072a 18       		.uleb128 0x18
 1159 072b 04000000 		.4byte	.LVL0
 1160 072f 72070000 		.4byte	0x772
 1161 0733 00       		.byte	0
 1162 0734 19       		.uleb128 0x19
 1163 0735 7C030000 		.4byte	.LASF126
 1164 0739 01       		.byte	0x1
 1165 073a 7B       		.byte	0x7b
 1166 073b 00000000 		.4byte	.LFB261
 1167 073f 02000000 		.4byte	.LFE261-.LFB261
 1168 0743 01       		.uleb128 0x1
 1169 0744 9C       		.byte	0x9c
 1170 0745 1A       		.uleb128 0x1a
 1171 0746 D7000000 		.4byte	.LASF120
 1172 074a 0E       		.byte	0xe
 1173 074b A706     		.2byte	0x6a7
 1174 074d CE000000 		.4byte	0xce
 1175 0751 1B       		.uleb128 0x1b
 1176 0752 636800   		.ascii	"ch\000"
 1177 0755 07       		.byte	0x7
 1178 0756 0902     		.2byte	0x209
 1179 0758 E5030000 		.4byte	0x3e5
ARM GAS  /var/folders/c6/c789hm653lg9vtl73krp73tm0000gn/T//ccQJyXoN.s 			page 29


 1180 075c 1C       		.uleb128 0x1c
 1181 075d 1F060000 		.4byte	.LASF121
 1182 0761 01       		.byte	0x1
 1183 0762 19       		.byte	0x19
 1184 0763 6D070000 		.4byte	0x76d
 1185 0767 05       		.uleb128 0x5
 1186 0768 03       		.byte	0x3
 1187 0769 00000000 		.4byte	pal_default_config
 1188 076d 14       		.uleb128 0x14
 1189 076e 0A070000 		.4byte	0x70a
 1190 0772 1D       		.uleb128 0x1d
 1191 0773 85010000 		.4byte	.LASF127
 1192 0777 0F       		.byte	0xf
 1193 0778 1306     		.2byte	0x613
 1194 077a 00       		.byte	0
 1195              		.section	.debug_abbrev,"",%progbits
 1196              	.Ldebug_abbrev0:
 1197 0000 01       		.uleb128 0x1
 1198 0001 11       		.uleb128 0x11
 1199 0002 01       		.byte	0x1
 1200 0003 25       		.uleb128 0x25
 1201 0004 0E       		.uleb128 0xe
 1202 0005 13       		.uleb128 0x13
 1203 0006 0B       		.uleb128 0xb
 1204 0007 03       		.uleb128 0x3
 1205 0008 0E       		.uleb128 0xe
 1206 0009 1B       		.uleb128 0x1b
 1207 000a 0E       		.uleb128 0xe
 1208 000b 55       		.uleb128 0x55
 1209 000c 17       		.uleb128 0x17
 1210 000d 11       		.uleb128 0x11
 1211 000e 01       		.uleb128 0x1
 1212 000f 10       		.uleb128 0x10
 1213 0010 17       		.uleb128 0x17
 1214 0011 00       		.byte	0
 1215 0012 00       		.byte	0
 1216 0013 02       		.uleb128 0x2
 1217 0014 24       		.uleb128 0x24
 1218 0015 00       		.byte	0
 1219 0016 0B       		.uleb128 0xb
 1220 0017 0B       		.uleb128 0xb
 1221 0018 3E       		.uleb128 0x3e
 1222 0019 0B       		.uleb128 0xb
 1223 001a 03       		.uleb128 0x3
 1224 001b 08       		.uleb128 0x8
 1225 001c 00       		.byte	0
 1226 001d 00       		.byte	0
 1227 001e 03       		.uleb128 0x3
 1228 001f 16       		.uleb128 0x16
 1229 0020 00       		.byte	0
 1230 0021 03       		.uleb128 0x3
 1231 0022 0E       		.uleb128 0xe
 1232 0023 3A       		.uleb128 0x3a
 1233 0024 0B       		.uleb128 0xb
 1234 0025 3B       		.uleb128 0x3b
 1235 0026 0B       		.uleb128 0xb
 1236 0027 49       		.uleb128 0x49
ARM GAS  /var/folders/c6/c789hm653lg9vtl73krp73tm0000gn/T//ccQJyXoN.s 			page 30


 1237 0028 13       		.uleb128 0x13
 1238 0029 00       		.byte	0
 1239 002a 00       		.byte	0
 1240 002b 04       		.uleb128 0x4
 1241 002c 24       		.uleb128 0x24
 1242 002d 00       		.byte	0
 1243 002e 0B       		.uleb128 0xb
 1244 002f 0B       		.uleb128 0xb
 1245 0030 3E       		.uleb128 0x3e
 1246 0031 0B       		.uleb128 0xb
 1247 0032 03       		.uleb128 0x3
 1248 0033 0E       		.uleb128 0xe
 1249 0034 00       		.byte	0
 1250 0035 00       		.byte	0
 1251 0036 05       		.uleb128 0x5
 1252 0037 35       		.uleb128 0x35
 1253 0038 00       		.byte	0
 1254 0039 49       		.uleb128 0x49
 1255 003a 13       		.uleb128 0x13
 1256 003b 00       		.byte	0
 1257 003c 00       		.byte	0
 1258 003d 06       		.uleb128 0x6
 1259 003e 13       		.uleb128 0x13
 1260 003f 01       		.byte	0x1
 1261 0040 03       		.uleb128 0x3
 1262 0041 0E       		.uleb128 0xe
 1263 0042 0B       		.uleb128 0xb
 1264 0043 0B       		.uleb128 0xb
 1265 0044 3A       		.uleb128 0x3a
 1266 0045 0B       		.uleb128 0xb
 1267 0046 3B       		.uleb128 0x3b
 1268 0047 0B       		.uleb128 0xb
 1269 0048 01       		.uleb128 0x1
 1270 0049 13       		.uleb128 0x13
 1271 004a 00       		.byte	0
 1272 004b 00       		.byte	0
 1273 004c 07       		.uleb128 0x7
 1274 004d 0D       		.uleb128 0xd
 1275 004e 00       		.byte	0
 1276 004f 03       		.uleb128 0x3
 1277 0050 0E       		.uleb128 0xe
 1278 0051 3A       		.uleb128 0x3a
 1279 0052 0B       		.uleb128 0xb
 1280 0053 3B       		.uleb128 0x3b
 1281 0054 0B       		.uleb128 0xb
 1282 0055 49       		.uleb128 0x49
 1283 0056 13       		.uleb128 0x13
 1284 0057 38       		.uleb128 0x38
 1285 0058 0B       		.uleb128 0xb
 1286 0059 00       		.byte	0
 1287 005a 00       		.byte	0
 1288 005b 08       		.uleb128 0x8
 1289 005c 0D       		.uleb128 0xd
 1290 005d 00       		.byte	0
 1291 005e 03       		.uleb128 0x3
 1292 005f 08       		.uleb128 0x8
 1293 0060 3A       		.uleb128 0x3a
ARM GAS  /var/folders/c6/c789hm653lg9vtl73krp73tm0000gn/T//ccQJyXoN.s 			page 31


 1294 0061 0B       		.uleb128 0xb
 1295 0062 3B       		.uleb128 0x3b
 1296 0063 05       		.uleb128 0x5
 1297 0064 49       		.uleb128 0x49
 1298 0065 13       		.uleb128 0x13
 1299 0066 38       		.uleb128 0x38
 1300 0067 0B       		.uleb128 0xb
 1301 0068 00       		.byte	0
 1302 0069 00       		.byte	0
 1303 006a 09       		.uleb128 0x9
 1304 006b 0D       		.uleb128 0xd
 1305 006c 00       		.byte	0
 1306 006d 03       		.uleb128 0x3
 1307 006e 0E       		.uleb128 0xe
 1308 006f 3A       		.uleb128 0x3a
 1309 0070 0B       		.uleb128 0xb
 1310 0071 3B       		.uleb128 0x3b
 1311 0072 05       		.uleb128 0x5
 1312 0073 49       		.uleb128 0x49
 1313 0074 13       		.uleb128 0x13
 1314 0075 38       		.uleb128 0x38
 1315 0076 0B       		.uleb128 0xb
 1316 0077 00       		.byte	0
 1317 0078 00       		.byte	0
 1318 0079 0A       		.uleb128 0xa
 1319 007a 0F       		.uleb128 0xf
 1320 007b 00       		.byte	0
 1321 007c 0B       		.uleb128 0xb
 1322 007d 0B       		.uleb128 0xb
 1323 007e 49       		.uleb128 0x49
 1324 007f 13       		.uleb128 0x13
 1325 0080 00       		.byte	0
 1326 0081 00       		.byte	0
 1327 0082 0B       		.uleb128 0xb
 1328 0083 13       		.uleb128 0x13
 1329 0084 01       		.byte	0x1
 1330 0085 03       		.uleb128 0x3
 1331 0086 0E       		.uleb128 0xe
 1332 0087 0B       		.uleb128 0xb
 1333 0088 0B       		.uleb128 0xb
 1334 0089 3A       		.uleb128 0x3a
 1335 008a 0B       		.uleb128 0xb
 1336 008b 3B       		.uleb128 0x3b
 1337 008c 05       		.uleb128 0x5
 1338 008d 01       		.uleb128 0x1
 1339 008e 13       		.uleb128 0x13
 1340 008f 00       		.byte	0
 1341 0090 00       		.byte	0
 1342 0091 0C       		.uleb128 0xc
 1343 0092 15       		.uleb128 0x15
 1344 0093 01       		.byte	0x1
 1345 0094 27       		.uleb128 0x27
 1346 0095 19       		.uleb128 0x19
 1347 0096 01       		.uleb128 0x1
 1348 0097 13       		.uleb128 0x13
 1349 0098 00       		.byte	0
 1350 0099 00       		.byte	0
ARM GAS  /var/folders/c6/c789hm653lg9vtl73krp73tm0000gn/T//ccQJyXoN.s 			page 32


 1351 009a 0D       		.uleb128 0xd
 1352 009b 05       		.uleb128 0x5
 1353 009c 00       		.byte	0
 1354 009d 49       		.uleb128 0x49
 1355 009e 13       		.uleb128 0x13
 1356 009f 00       		.byte	0
 1357 00a0 00       		.byte	0
 1358 00a1 0E       		.uleb128 0xe
 1359 00a2 0F       		.uleb128 0xf
 1360 00a3 00       		.byte	0
 1361 00a4 0B       		.uleb128 0xb
 1362 00a5 0B       		.uleb128 0xb
 1363 00a6 00       		.byte	0
 1364 00a7 00       		.byte	0
 1365 00a8 0F       		.uleb128 0xf
 1366 00a9 13       		.uleb128 0x13
 1367 00aa 01       		.byte	0x1
 1368 00ab 03       		.uleb128 0x3
 1369 00ac 0E       		.uleb128 0xe
 1370 00ad 0B       		.uleb128 0xb
 1371 00ae 05       		.uleb128 0x5
 1372 00af 3A       		.uleb128 0x3a
 1373 00b0 0B       		.uleb128 0xb
 1374 00b1 3B       		.uleb128 0x3b
 1375 00b2 05       		.uleb128 0x5
 1376 00b3 01       		.uleb128 0x1
 1377 00b4 13       		.uleb128 0x13
 1378 00b5 00       		.byte	0
 1379 00b6 00       		.byte	0
 1380 00b7 10       		.uleb128 0x10
 1381 00b8 0D       		.uleb128 0xd
 1382 00b9 00       		.byte	0
 1383 00ba 03       		.uleb128 0x3
 1384 00bb 08       		.uleb128 0x8
 1385 00bc 3A       		.uleb128 0x3a
 1386 00bd 0B       		.uleb128 0xb
 1387 00be 3B       		.uleb128 0x3b
 1388 00bf 0B       		.uleb128 0xb
 1389 00c0 49       		.uleb128 0x49
 1390 00c1 13       		.uleb128 0x13
 1391 00c2 38       		.uleb128 0x38
 1392 00c3 0B       		.uleb128 0xb
 1393 00c4 00       		.byte	0
 1394 00c5 00       		.byte	0
 1395 00c6 11       		.uleb128 0x11
 1396 00c7 13       		.uleb128 0x13
 1397 00c8 01       		.byte	0x1
 1398 00c9 0B       		.uleb128 0xb
 1399 00ca 0B       		.uleb128 0xb
 1400 00cb 3A       		.uleb128 0x3a
 1401 00cc 0B       		.uleb128 0xb
 1402 00cd 3B       		.uleb128 0x3b
 1403 00ce 0B       		.uleb128 0xb
 1404 00cf 01       		.uleb128 0x1
 1405 00d0 13       		.uleb128 0x13
 1406 00d1 00       		.byte	0
 1407 00d2 00       		.byte	0
ARM GAS  /var/folders/c6/c789hm653lg9vtl73krp73tm0000gn/T//ccQJyXoN.s 			page 33


 1408 00d3 12       		.uleb128 0x12
 1409 00d4 17       		.uleb128 0x17
 1410 00d5 01       		.byte	0x1
 1411 00d6 0B       		.uleb128 0xb
 1412 00d7 0B       		.uleb128 0xb
 1413 00d8 3A       		.uleb128 0x3a
 1414 00d9 0B       		.uleb128 0xb
 1415 00da 3B       		.uleb128 0x3b
 1416 00db 0B       		.uleb128 0xb
 1417 00dc 01       		.uleb128 0x1
 1418 00dd 13       		.uleb128 0x13
 1419 00de 00       		.byte	0
 1420 00df 00       		.byte	0
 1421 00e0 13       		.uleb128 0x13
 1422 00e1 0D       		.uleb128 0xd
 1423 00e2 00       		.byte	0
 1424 00e3 03       		.uleb128 0x3
 1425 00e4 0E       		.uleb128 0xe
 1426 00e5 3A       		.uleb128 0x3a
 1427 00e6 0B       		.uleb128 0xb
 1428 00e7 3B       		.uleb128 0x3b
 1429 00e8 05       		.uleb128 0x5
 1430 00e9 49       		.uleb128 0x49
 1431 00ea 13       		.uleb128 0x13
 1432 00eb 00       		.byte	0
 1433 00ec 00       		.byte	0
 1434 00ed 14       		.uleb128 0x14
 1435 00ee 26       		.uleb128 0x26
 1436 00ef 00       		.byte	0
 1437 00f0 49       		.uleb128 0x49
 1438 00f1 13       		.uleb128 0x13
 1439 00f2 00       		.byte	0
 1440 00f3 00       		.byte	0
 1441 00f4 15       		.uleb128 0x15
 1442 00f5 01       		.uleb128 0x1
 1443 00f6 01       		.byte	0x1
 1444 00f7 49       		.uleb128 0x49
 1445 00f8 13       		.uleb128 0x13
 1446 00f9 01       		.uleb128 0x1
 1447 00fa 13       		.uleb128 0x13
 1448 00fb 00       		.byte	0
 1449 00fc 00       		.byte	0
 1450 00fd 16       		.uleb128 0x16
 1451 00fe 21       		.uleb128 0x21
 1452 00ff 00       		.byte	0
 1453 0100 49       		.uleb128 0x49
 1454 0101 13       		.uleb128 0x13
 1455 0102 2F       		.uleb128 0x2f
 1456 0103 0B       		.uleb128 0xb
 1457 0104 00       		.byte	0
 1458 0105 00       		.byte	0
 1459 0106 17       		.uleb128 0x17
 1460 0107 2E       		.uleb128 0x2e
 1461 0108 01       		.byte	0x1
 1462 0109 3F       		.uleb128 0x3f
 1463 010a 19       		.uleb128 0x19
 1464 010b 03       		.uleb128 0x3
ARM GAS  /var/folders/c6/c789hm653lg9vtl73krp73tm0000gn/T//ccQJyXoN.s 			page 34


 1465 010c 0E       		.uleb128 0xe
 1466 010d 3A       		.uleb128 0x3a
 1467 010e 0B       		.uleb128 0xb
 1468 010f 3B       		.uleb128 0x3b
 1469 0110 0B       		.uleb128 0xb
 1470 0111 27       		.uleb128 0x27
 1471 0112 19       		.uleb128 0x19
 1472 0113 11       		.uleb128 0x11
 1473 0114 01       		.uleb128 0x1
 1474 0115 12       		.uleb128 0x12
 1475 0116 06       		.uleb128 0x6
 1476 0117 40       		.uleb128 0x40
 1477 0118 18       		.uleb128 0x18
 1478 0119 9742     		.uleb128 0x2117
 1479 011b 19       		.uleb128 0x19
 1480 011c 01       		.uleb128 0x1
 1481 011d 13       		.uleb128 0x13
 1482 011e 00       		.byte	0
 1483 011f 00       		.byte	0
 1484 0120 18       		.uleb128 0x18
 1485 0121 898201   		.uleb128 0x4109
 1486 0124 00       		.byte	0
 1487 0125 11       		.uleb128 0x11
 1488 0126 01       		.uleb128 0x1
 1489 0127 9542     		.uleb128 0x2115
 1490 0129 19       		.uleb128 0x19
 1491 012a 31       		.uleb128 0x31
 1492 012b 13       		.uleb128 0x13
 1493 012c 00       		.byte	0
 1494 012d 00       		.byte	0
 1495 012e 19       		.uleb128 0x19
 1496 012f 2E       		.uleb128 0x2e
 1497 0130 00       		.byte	0
 1498 0131 3F       		.uleb128 0x3f
 1499 0132 19       		.uleb128 0x19
 1500 0133 03       		.uleb128 0x3
 1501 0134 0E       		.uleb128 0xe
 1502 0135 3A       		.uleb128 0x3a
 1503 0136 0B       		.uleb128 0xb
 1504 0137 3B       		.uleb128 0x3b
 1505 0138 0B       		.uleb128 0xb
 1506 0139 27       		.uleb128 0x27
 1507 013a 19       		.uleb128 0x19
 1508 013b 11       		.uleb128 0x11
 1509 013c 01       		.uleb128 0x1
 1510 013d 12       		.uleb128 0x12
 1511 013e 06       		.uleb128 0x6
 1512 013f 40       		.uleb128 0x40
 1513 0140 18       		.uleb128 0x18
 1514 0141 9742     		.uleb128 0x2117
 1515 0143 19       		.uleb128 0x19
 1516 0144 00       		.byte	0
 1517 0145 00       		.byte	0
 1518 0146 1A       		.uleb128 0x1a
 1519 0147 34       		.uleb128 0x34
 1520 0148 00       		.byte	0
 1521 0149 03       		.uleb128 0x3
ARM GAS  /var/folders/c6/c789hm653lg9vtl73krp73tm0000gn/T//ccQJyXoN.s 			page 35


 1522 014a 0E       		.uleb128 0xe
 1523 014b 3A       		.uleb128 0x3a
 1524 014c 0B       		.uleb128 0xb
 1525 014d 3B       		.uleb128 0x3b
 1526 014e 05       		.uleb128 0x5
 1527 014f 49       		.uleb128 0x49
 1528 0150 13       		.uleb128 0x13
 1529 0151 3F       		.uleb128 0x3f
 1530 0152 19       		.uleb128 0x19
 1531 0153 3C       		.uleb128 0x3c
 1532 0154 19       		.uleb128 0x19
 1533 0155 00       		.byte	0
 1534 0156 00       		.byte	0
 1535 0157 1B       		.uleb128 0x1b
 1536 0158 34       		.uleb128 0x34
 1537 0159 00       		.byte	0
 1538 015a 03       		.uleb128 0x3
 1539 015b 08       		.uleb128 0x8
 1540 015c 3A       		.uleb128 0x3a
 1541 015d 0B       		.uleb128 0xb
 1542 015e 3B       		.uleb128 0x3b
 1543 015f 05       		.uleb128 0x5
 1544 0160 49       		.uleb128 0x49
 1545 0161 13       		.uleb128 0x13
 1546 0162 3F       		.uleb128 0x3f
 1547 0163 19       		.uleb128 0x19
 1548 0164 3C       		.uleb128 0x3c
 1549 0165 19       		.uleb128 0x19
 1550 0166 00       		.byte	0
 1551 0167 00       		.byte	0
 1552 0168 1C       		.uleb128 0x1c
 1553 0169 34       		.uleb128 0x34
 1554 016a 00       		.byte	0
 1555 016b 03       		.uleb128 0x3
 1556 016c 0E       		.uleb128 0xe
 1557 016d 3A       		.uleb128 0x3a
 1558 016e 0B       		.uleb128 0xb
 1559 016f 3B       		.uleb128 0x3b
 1560 0170 0B       		.uleb128 0xb
 1561 0171 49       		.uleb128 0x49
 1562 0172 13       		.uleb128 0x13
 1563 0173 3F       		.uleb128 0x3f
 1564 0174 19       		.uleb128 0x19
 1565 0175 02       		.uleb128 0x2
 1566 0176 18       		.uleb128 0x18
 1567 0177 00       		.byte	0
 1568 0178 00       		.byte	0
 1569 0179 1D       		.uleb128 0x1d
 1570 017a 2E       		.uleb128 0x2e
 1571 017b 00       		.byte	0
 1572 017c 3F       		.uleb128 0x3f
 1573 017d 19       		.uleb128 0x19
 1574 017e 03       		.uleb128 0x3
 1575 017f 0E       		.uleb128 0xe
 1576 0180 3A       		.uleb128 0x3a
 1577 0181 0B       		.uleb128 0xb
 1578 0182 3B       		.uleb128 0x3b
ARM GAS  /var/folders/c6/c789hm653lg9vtl73krp73tm0000gn/T//ccQJyXoN.s 			page 36


 1579 0183 05       		.uleb128 0x5
 1580 0184 27       		.uleb128 0x27
 1581 0185 19       		.uleb128 0x19
 1582 0186 3C       		.uleb128 0x3c
 1583 0187 19       		.uleb128 0x19
 1584 0188 00       		.byte	0
 1585 0189 00       		.byte	0
 1586 018a 00       		.byte	0
 1587              		.section	.debug_aranges,"",%progbits
 1588 0000 24000000 		.4byte	0x24
 1589 0004 0200     		.2byte	0x2
 1590 0006 00000000 		.4byte	.Ldebug_info0
 1591 000a 04       		.byte	0x4
 1592 000b 00       		.byte	0
 1593 000c 0000     		.2byte	0
 1594 000e 0000     		.2byte	0
 1595 0010 00000000 		.4byte	.LFB260
 1596 0014 04000000 		.4byte	.LFE260-.LFB260
 1597 0018 00000000 		.4byte	.LFB261
 1598 001c 02000000 		.4byte	.LFE261-.LFB261
 1599 0020 00000000 		.4byte	0
 1600 0024 00000000 		.4byte	0
 1601              		.section	.debug_ranges,"",%progbits
 1602              	.Ldebug_ranges0:
 1603 0000 00000000 		.4byte	.LFB260
 1604 0004 04000000 		.4byte	.LFE260
 1605 0008 00000000 		.4byte	.LFB261
 1606 000c 02000000 		.4byte	.LFE261
 1607 0010 00000000 		.4byte	0
 1608 0014 00000000 		.4byte	0
 1609              		.section	.debug_line,"",%progbits
 1610              	.Ldebug_line0:
 1611 0000 D1020000 		.section	.debug_str,"MS",%progbits,1
 1611      0200AA02 
 1611      00000201 
 1611      FB0E0D00 
 1611      01010101 
 1612              	.LASF109:
 1613 0000 73746D33 		.ascii	"stm32_gpio_setup_t\000"
 1613      325F6770 
 1613      696F5F73 
 1613      65747570 
 1613      5F7400
 1614              	.LASF51:
 1615 0013 72656164 		.ascii	"ready_list_t\000"
 1615      795F6C69 
 1615      73745F74 
 1615      00
 1616              	.LASF2:
 1617 0020 73697A65 		.ascii	"size_t\000"
 1617      5F7400
 1618              	.LASF123:
 1619 0027 2E2E2F2E 		.ascii	"../../../os/hal/boards/ST_STM32F4_DISCOVERY/board.c"
 1619      2E2F2E2E 
 1619      2F6F732F 
 1619      68616C2F 
 1619      626F6172 
ARM GAS  /var/folders/c6/c789hm653lg9vtl73krp73tm0000gn/T//ccQJyXoN.s 			page 37


 1620 005a 00       		.ascii	"\000"
 1621              	.LASF17:
 1622 005b 75696E74 		.ascii	"uint64_t\000"
 1622      36345F74 
 1622      00
 1623              	.LASF3:
 1624 0064 5F5F7569 		.ascii	"__uint8_t\000"
 1624      6E74385F 
 1624      7400
 1625              	.LASF83:
 1626 006e 706F7274 		.ascii	"port_intctx\000"
 1626      5F696E74 
 1626      63747800 
 1627              	.LASF70:
 1628 007a 73797374 		.ascii	"system_debug_t\000"
 1628      656D5F64 
 1628      65627567 
 1628      5F7400
 1629              	.LASF117:
 1630 0089 50484461 		.ascii	"PHData\000"
 1630      746100
 1631              	.LASF13:
 1632 0090 6C6F6E67 		.ascii	"long long unsigned int\000"
 1632      206C6F6E 
 1632      6720756E 
 1632      7369676E 
 1632      65642069 
 1633              	.LASF106:
 1634 00a7 70757064 		.ascii	"pupdr\000"
 1634      7200
 1635              	.LASF87:
 1636 00ad 65786974 		.ascii	"exitcode\000"
 1636      636F6465 
 1636      00
 1637              	.LASF77:
 1638 00b6 6D61696E 		.ascii	"mainthread\000"
 1638      74687265 
 1638      616400
 1639              	.LASF67:
 1640 00c1 76697274 		.ascii	"virtual_timers_list_t\000"
 1640      75616C5F 
 1640      74696D65 
 1640      72735F6C 
 1640      6973745F 
 1641              	.LASF120:
 1642 00d7 49544D5F 		.ascii	"ITM_RxBuffer\000"
 1642      52784275 
 1642      66666572 
 1642      00
 1643              	.LASF50:
 1644 00e4 63685F74 		.ascii	"ch_threads_queue\000"
 1644      68726561 
 1644      64735F71 
 1644      75657565 
 1644      00
 1645              	.LASF30:
 1646 00f5 705F7072 		.ascii	"p_prio\000"
ARM GAS  /var/folders/c6/c789hm653lg9vtl73krp73tm0000gn/T//ccQJyXoN.s 			page 38


 1646      696F00
 1647              	.LASF11:
 1648 00fc 6C6F6E67 		.ascii	"long long int\000"
 1648      206C6F6E 
 1648      6720696E 
 1648      7400
 1649              	.LASF1:
 1650 010a 7369676E 		.ascii	"signed char\000"
 1650      65642063 
 1650      68617200 
 1651              	.LASF44:
 1652 0116 705F6D70 		.ascii	"p_mpool\000"
 1652      6F6F6C00 
 1653              	.LASF97:
 1654 011e 6D5F7175 		.ascii	"m_queue\000"
 1654      65756500 
 1655              	.LASF103:
 1656 0126 6D6F6465 		.ascii	"moder\000"
 1656      7200
 1657              	.LASF89:
 1658 012c 77747472 		.ascii	"wttrp\000"
 1658      7000
 1659              	.LASF74:
 1660 0132 63685F73 		.ascii	"ch_system\000"
 1660      79737465 
 1660      6D00
 1661              	.LASF8:
 1662 013c 6C6F6E67 		.ascii	"long int\000"
 1662      20696E74 
 1662      00
 1663              	.LASF114:
 1664 0145 50454461 		.ascii	"PEData\000"
 1664      746100
 1665              	.LASF20:
 1666 014c 74737461 		.ascii	"tstate_t\000"
 1666      74655F74 
 1666      00
 1667              	.LASF32:
 1668 0155 705F6E65 		.ascii	"p_newer\000"
 1668      77657200 
 1669              	.LASF94:
 1670 015d 735F7175 		.ascii	"s_queue\000"
 1670      65756500 
 1671              	.LASF56:
 1672 0165 725F6E65 		.ascii	"r_newer\000"
 1672      77657200 
 1673              	.LASF80:
 1674 016d 72656761 		.ascii	"regarm_t\000"
 1674      726D5F74 
 1674      00
 1675              	.LASF63:
 1676 0176 76745F70 		.ascii	"vt_prev\000"
 1676      72657600 
 1677              	.LASF76:
 1678 017e 76746C69 		.ascii	"vtlist\000"
 1678      737400
 1679              	.LASF127:
ARM GAS  /var/folders/c6/c789hm653lg9vtl73krp73tm0000gn/T//ccQJyXoN.s 			page 39


 1680 0185 73746D33 		.ascii	"stm32_clock_init\000"
 1680      325F636C 
 1680      6F636B5F 
 1680      696E6974 
 1680      00
 1681              	.LASF101:
 1682 0196 6D757465 		.ascii	"mutex_t\000"
 1682      785F7400 
 1683              	.LASF111:
 1684 019e 50424461 		.ascii	"PBData\000"
 1684      746100
 1685              	.LASF78:
 1686 01a5 69646C65 		.ascii	"idle_thread_wa\000"
 1686      5F746872 
 1686      6561645F 
 1686      776100
 1687              	.LASF25:
 1688 01b4 636E745F 		.ascii	"cnt_t\000"
 1688      7400
 1689              	.LASF0:
 1690 01ba 756E7369 		.ascii	"unsigned int\000"
 1690      676E6564 
 1690      20696E74 
 1690      00
 1691              	.LASF62:
 1692 01c7 76745F6E 		.ascii	"vt_next\000"
 1692      65787400 
 1693              	.LASF90:
 1694 01cf 77747365 		.ascii	"wtsemp\000"
 1694      6D7000
 1695              	.LASF39:
 1696 01d6 705F6D73 		.ascii	"p_msgqueue\000"
 1696      67717565 
 1696      756500
 1697              	.LASF105:
 1698 01e1 6F737065 		.ascii	"ospeedr\000"
 1698      65647200 
 1699              	.LASF104:
 1700 01e9 6F747970 		.ascii	"otyper\000"
 1700      657200
 1701              	.LASF125:
 1702 01f0 5F5F6561 		.ascii	"__early_init\000"
 1702      726C795F 
 1702      696E6974 
 1702      00
 1703              	.LASF6:
 1704 01fd 73686F72 		.ascii	"short unsigned int\000"
 1704      7420756E 
 1704      7369676E 
 1704      65642069 
 1704      6E7400
 1705              	.LASF115:
 1706 0210 50464461 		.ascii	"PFData\000"
 1706      746100
 1707              	.LASF47:
 1708 0217 63685F74 		.ascii	"ch_thread\000"
 1708      68726561 
ARM GAS  /var/folders/c6/c789hm653lg9vtl73krp73tm0000gn/T//ccQJyXoN.s 			page 40


 1708      6400
 1709              	.LASF23:
 1710 0221 6D73675F 		.ascii	"msg_t\000"
 1710      7400
 1711              	.LASF73:
 1712 0227 63685F73 		.ascii	"ch_system_t\000"
 1712      79737465 
 1712      6D5F7400 
 1713              	.LASF19:
 1714 0233 746D6F64 		.ascii	"tmode_t\000"
 1714      655F7400 
 1715              	.LASF52:
 1716 023b 63685F72 		.ascii	"ch_ready_list\000"
 1716      65616479 
 1716      5F6C6973 
 1716      7400
 1717              	.LASF24:
 1718 0249 6576656E 		.ascii	"eventmask_t\000"
 1718      746D6173 
 1718      6B5F7400 
 1719              	.LASF7:
 1720 0255 5F5F696E 		.ascii	"__int32_t\000"
 1720      7433325F 
 1720      7400
 1721              	.LASF116:
 1722 025f 50474461 		.ascii	"PGData\000"
 1722      746100
 1723              	.LASF81:
 1724 0266 73746B61 		.ascii	"stkalign_t\000"
 1724      6C69676E 
 1724      5F7400
 1725              	.LASF38:
 1726 0271 705F7761 		.ascii	"p_waiting\000"
 1726      6974696E 
 1726      6700
 1727              	.LASF79:
 1728 027b 73697A65 		.ascii	"sizetype\000"
 1728      74797065 
 1728      00
 1729              	.LASF45:
 1730 0284 74687265 		.ascii	"thread_reference_t\000"
 1730      61645F72 
 1730      65666572 
 1730      656E6365 
 1730      5F7400
 1731              	.LASF68:
 1732 0297 63685F76 		.ascii	"ch_virtual_timers_list\000"
 1732      69727475 
 1732      616C5F74 
 1732      696D6572 
 1732      735F6C69 
 1733              	.LASF69:
 1734 02ae 76745F6C 		.ascii	"vt_lasttime\000"
 1734      61737474 
 1734      696D6500 
 1735              	.LASF33:
 1736 02ba 705F6F6C 		.ascii	"p_older\000"
ARM GAS  /var/folders/c6/c789hm653lg9vtl73krp73tm0000gn/T//ccQJyXoN.s 			page 41


 1736      64657200 
 1737              	.LASF55:
 1738 02c2 725F6374 		.ascii	"r_ctx\000"
 1738      7800
 1739              	.LASF85:
 1740 02c8 746D5F63 		.ascii	"tm_calibration_t\000"
 1740      616C6962 
 1740      72617469 
 1740      6F6E5F74 
 1740      00
 1741              	.LASF108:
 1742 02d9 61667268 		.ascii	"afrh\000"
 1742      00
 1743              	.LASF113:
 1744 02de 50444461 		.ascii	"PDData\000"
 1744      746100
 1745              	.LASF58:
 1746 02e5 725F6375 		.ascii	"r_current\000"
 1746      7272656E 
 1746      7400
 1747              	.LASF57:
 1748 02ef 725F6F6C 		.ascii	"r_older\000"
 1748      64657200 
 1749              	.LASF12:
 1750 02f7 5F5F7569 		.ascii	"__uint64_t\000"
 1750      6E743634 
 1750      5F7400
 1751              	.LASF21:
 1752 0302 74726566 		.ascii	"trefs_t\000"
 1752      735F7400 
 1753              	.LASF60:
 1754 030a 76697274 		.ascii	"virtual_timer_t\000"
 1754      75616C5F 
 1754      74696D65 
 1754      725F7400 
 1755              	.LASF29:
 1756 031a 705F7072 		.ascii	"p_prev\000"
 1756      657600
 1757              	.LASF22:
 1758 0321 74707269 		.ascii	"tprio_t\000"
 1758      6F5F7400 
 1759              	.LASF71:
 1760 0329 63685F73 		.ascii	"ch_system_debug\000"
 1760      79737465 
 1760      6D5F6465 
 1760      62756700 
 1761              	.LASF102:
 1762 0339 5F426F6F 		.ascii	"_Bool\000"
 1762      6C00
 1763              	.LASF15:
 1764 033f 696E7433 		.ascii	"int32_t\000"
 1764      325F7400 
 1765              	.LASF4:
 1766 0347 756E7369 		.ascii	"unsigned char\000"
 1766      676E6564 
 1766      20636861 
 1766      7200
ARM GAS  /var/folders/c6/c789hm653lg9vtl73krp73tm0000gn/T//ccQJyXoN.s 			page 42


 1767              	.LASF107:
 1768 0355 6166726C 		.ascii	"afrl\000"
 1768      00
 1769              	.LASF95:
 1770 035a 735F636E 		.ascii	"s_cnt\000"
 1770      7400
 1771              	.LASF42:
 1772 0360 705F6D74 		.ascii	"p_mtxlist\000"
 1772      786C6973 
 1772      7400
 1773              	.LASF5:
 1774 036a 73686F72 		.ascii	"short int\000"
 1774      7420696E 
 1774      7400
 1775              	.LASF35:
 1776 0374 705F7374 		.ascii	"p_state\000"
 1776      61746500 
 1777              	.LASF126:
 1778 037c 626F6172 		.ascii	"boardInit\000"
 1778      64496E69 
 1778      7400
 1779              	.LASF54:
 1780 0386 725F7072 		.ascii	"r_prio\000"
 1780      696F00
 1781              	.LASF110:
 1782 038d 50414461 		.ascii	"PAData\000"
 1782      746100
 1783              	.LASF92:
 1784 0394 65776D61 		.ascii	"ewmask\000"
 1784      736B00
 1785              	.LASF28:
 1786 039b 705F6E65 		.ascii	"p_next\000"
 1786      787400
 1787              	.LASF36:
 1788 03a2 705F666C 		.ascii	"p_flags\000"
 1788      61677300 
 1789              	.LASF86:
 1790 03aa 7264796D 		.ascii	"rdymsg\000"
 1790      736700
 1791              	.LASF118:
 1792 03b1 50494461 		.ascii	"PIData\000"
 1792      746100
 1793              	.LASF61:
 1794 03b8 63685F76 		.ascii	"ch_virtual_timer\000"
 1794      69727475 
 1794      616C5F74 
 1794      696D6572 
 1794      00
 1795              	.LASF93:
 1796 03c9 63685F73 		.ascii	"ch_semaphore\000"
 1796      656D6170 
 1796      686F7265 
 1796      00
 1797              	.LASF41:
 1798 03d6 705F6570 		.ascii	"p_epending\000"
 1798      656E6469 
 1798      6E6700
ARM GAS  /var/folders/c6/c789hm653lg9vtl73krp73tm0000gn/T//ccQJyXoN.s 			page 43


 1799              	.LASF16:
 1800 03e1 75696E74 		.ascii	"uint32_t\000"
 1800      33325F74 
 1800      00
 1801              	.LASF91:
 1802 03ea 77746D74 		.ascii	"wtmtxp\000"
 1802      787000
 1803              	.LASF53:
 1804 03f1 725F7175 		.ascii	"r_queue\000"
 1804      65756500 
 1805              	.LASF64:
 1806 03f9 76745F64 		.ascii	"vt_delta\000"
 1806      656C7461 
 1806      00
 1807              	.LASF48:
 1808 0402 63685F74 		.ascii	"ch_threads_list\000"
 1808      68726561 
 1808      64735F6C 
 1808      69737400 
 1809              	.LASF10:
 1810 0412 6C6F6E67 		.ascii	"long unsigned int\000"
 1810      20756E73 
 1810      69676E65 
 1810      6420696E 
 1810      7400
 1811              	.LASF124:
 1812 0424 2F557365 		.ascii	"/Users/savonetj/Downloads/ChibiOS_3.0.2/demos/STM32"
 1812      72732F73 
 1812      61766F6E 
 1812      65746A2F 
 1812      446F776E 
 1813 0457 2F52542D 		.ascii	"/RT-STM32F407-DISCOVERY\000"
 1813      53544D33 
 1813      32463430 
 1813      372D4449 
 1813      53434F56 
 1814              	.LASF100:
 1815 046f 63686172 		.ascii	"char\000"
 1815      00
 1816              	.LASF27:
 1817 0474 74687265 		.ascii	"thread_t\000"
 1817      61645F74 
 1817      00
 1818              	.LASF99:
 1819 047d 6D5F6E65 		.ascii	"m_next\000"
 1819      787400
 1820              	.LASF26:
 1821 0484 73797374 		.ascii	"systime_t\000"
 1821      696D655F 
 1821      7400
 1822              	.LASF43:
 1823 048e 705F7265 		.ascii	"p_realprio\000"
 1823      616C7072 
 1823      696F00
 1824              	.LASF59:
 1825 0499 76746675 		.ascii	"vtfunc_t\000"
 1825      6E635F74 
ARM GAS  /var/folders/c6/c789hm653lg9vtl73krp73tm0000gn/T//ccQJyXoN.s 			page 44


 1825      00
 1826              	.LASF9:
 1827 04a2 5F5F7569 		.ascii	"__uint32_t\000"
 1827      6E743332 
 1827      5F7400
 1828              	.LASF72:
 1829 04ad 70616E69 		.ascii	"panic_msg\000"
 1829      635F6D73 
 1829      6700
 1830              	.LASF84:
 1831 04b7 6F666673 		.ascii	"offset\000"
 1831      657400
 1832              	.LASF82:
 1833 04be 636F6E74 		.ascii	"context\000"
 1833      65787400 
 1834              	.LASF18:
 1835 04c6 7274636E 		.ascii	"rtcnt_t\000"
 1835      745F7400 
 1836              	.LASF66:
 1837 04ce 76745F70 		.ascii	"vt_par\000"
 1837      617200
 1838              	.LASF49:
 1839 04d5 74687265 		.ascii	"threads_queue_t\000"
 1839      6164735F 
 1839      71756575 
 1839      655F7400 
 1840              	.LASF96:
 1841 04e5 63685F6D 		.ascii	"ch_mutex\000"
 1841      75746578 
 1841      00
 1842              	.LASF37:
 1843 04ee 705F7265 		.ascii	"p_refs\000"
 1843      667300
 1844              	.LASF75:
 1845 04f5 726C6973 		.ascii	"rlist\000"
 1845      7400
 1846              	.LASF14:
 1847 04fb 75696E74 		.ascii	"uint8_t\000"
 1847      385F7400 
 1848              	.LASF88:
 1849 0503 77746F62 		.ascii	"wtobjp\000"
 1849      6A7000
 1850              	.LASF34:
 1851 050a 705F6E61 		.ascii	"p_name\000"
 1851      6D6500
 1852              	.LASF112:
 1853 0511 50434461 		.ascii	"PCData\000"
 1853      746100
 1854              	.LASF46:
 1855 0518 74687265 		.ascii	"threads_list_t\000"
 1855      6164735F 
 1855      6C697374 
 1855      5F7400
 1856              	.LASF122:
 1857 0527 474E5520 		.ascii	"GNU C 4.8.4 20140725 (release) [ARM/embedded-4_8-br"
 1857      4320342E 
 1857      382E3420 
ARM GAS  /var/folders/c6/c789hm653lg9vtl73krp73tm0000gn/T//ccQJyXoN.s 			page 45


 1857      32303134 
 1857      30373235 
 1858 055a 616E6368 		.ascii	"anch revision 213147] -mcpu=cortex-m4 -mno-thumb-in"
 1858      20726576 
 1858      6973696F 
 1858      6E203231 
 1858      33313437 
 1859 058d 74657277 		.ascii	"terwork -mthumb -ggdb -O2 -fomit-frame-pointer -fal"
 1859      6F726B20 
 1859      2D6D7468 
 1859      756D6220 
 1859      2D676764 
 1860 05c0 69676E2D 		.ascii	"ign-functions=16 -ffunction-sections -fdata-section"
 1860      66756E63 
 1860      74696F6E 
 1860      733D3136 
 1860      202D6666 
 1861 05f3 73202D66 		.ascii	"s -fno-common -flto\000"
 1861      6E6F2D63 
 1861      6F6D6D6F 
 1861      6E202D66 
 1861      6C746F00 
 1862              	.LASF40:
 1863 0607 705F6D73 		.ascii	"p_msg\000"
 1863      6700
 1864              	.LASF119:
 1865 060d 50414C43 		.ascii	"PALConfig\000"
 1865      6F6E6669 
 1865      6700
 1866              	.LASF98:
 1867 0617 6D5F6F77 		.ascii	"m_owner\000"
 1867      6E657200 
 1868              	.LASF121:
 1869 061f 70616C5F 		.ascii	"pal_default_config\000"
 1869      64656661 
 1869      756C745F 
 1869      636F6E66 
 1869      696700
 1870              	.LASF31:
 1871 0632 705F6374 		.ascii	"p_ctx\000"
 1871      7800
 1872              	.LASF65:
 1873 0638 76745F66 		.ascii	"vt_func\000"
 1873      756E6300 
 1874              		.comm	__gnu_lto_v1,1,1
 1875              		.ident	"GCC: (GNU Tools for ARM Embedded Processors) 4.8.4 20140725 (release) [ARM/embedded-4_8-br
ARM GAS  /var/folders/c6/c789hm653lg9vtl73krp73tm0000gn/T//ccQJyXoN.s 			page 46


DEFINED SYMBOLS
                            *ABS*:0000000000000000 board.c
/var/folders/c6/c789hm653lg9vtl73krp73tm0000gn/T//ccQJyXoN.s:150    .text.__early_init:0000000000000000 $t
/var/folders/c6/c789hm653lg9vtl73krp73tm0000gn/T//ccQJyXoN.s:156    .text.__early_init:0000000000000000 __early_init
/var/folders/c6/c789hm653lg9vtl73krp73tm0000gn/T//ccQJyXoN.s:171    .text.boardInit:0000000000000000 $t
/var/folders/c6/c789hm653lg9vtl73krp73tm0000gn/T//ccQJyXoN.s:177    .text.boardInit:0000000000000000 boardInit
/var/folders/c6/c789hm653lg9vtl73krp73tm0000gn/T//ccQJyXoN.s:193    .rodata.pal_default_config:0000000000000000 pal_default_config
/var/folders/c6/c789hm653lg9vtl73krp73tm0000gn/T//ccQJyXoN.s:190    .rodata.pal_default_config:0000000000000000 $d
                            *COM*:0000000000000001 __gnu_lto_v1
                     .debug_frame:0000000000000010 $d

UNDEFINED SYMBOLS
stm32_clock_init
