ARM GAS  /var/folders/c6/c789hm653lg9vtl73krp73tm0000gn/T//ccwSNrCT.s 			page 1


   1              		.syntax unified
   2              		.cpu cortex-m4
   3              		.fpu softvfp
   4              		.eabi_attribute 20, 1
   5              		.eabi_attribute 21, 1
   6              		.eabi_attribute 23, 3
   7              		.eabi_attribute 24, 1
   8              		.eabi_attribute 25, 1
   9              		.eabi_attribute 26, 1
  10              		.eabi_attribute 30, 2
  11              		.eabi_attribute 34, 1
  12              		.eabi_attribute 18, 4
  13              		.thumb
  14              		.file	"crt1.c"
  15              		.text
  16              	.Ltext0:
  17              		.section	.gnu.lto_.jmpfuncs.d23b1b95f32aba29,"",%progbits
  18 0000 789C6362 		.ascii	"x\234cb`b\300\006\270\2404\013\003\003#P\0113\003\003"
  18      6062C006 
  18      B8A0340B 
  18      03032350 
  18      09330303 
  19 0014 0001C400 		.ascii	"\000\001\304\000\031"
  19      19
  20              		.text
  21              		.section	.gnu.lto_.inline.d23b1b95f32aba29,"",%progbits
  22 0000 789C6362 		.ascii	"x\234cb`b\300\006<\2414\013\003\0033\023#X\021\333\002"
  22      6062C006 
  22      3CA1340B 
  22      03033313 
  22      235811DB 
  23 0015 79B05A46 		.ascii	"y\260ZF\014\021&\014\021f \017\"\302\002\265\000\000"
  23      0C11260C 
  23      1166200F 
  23      22C202B5 
  23      0000
  24 0027 841802D0 		.ascii	"\204\030\002\320"
  25              		.text
  26              		.section	.gnu.lto_.pureconst.d23b1b95f32aba29,"",%progbits
  27 0000 789C6362 		.ascii	"x\234cb`b\340d\200\000\026\006\011F\011&\011f\023\000"
  27      6062E064 
  27      80001606 
  27      09460926 
  27      09661300 
  28 0014 02D20094 		.ascii	"\002\322\000\224"
  29              		.text
  30              		.section	.gnu.lto___core_init.d23b1b95f32aba29,"",%progbits
  31 0000 789C6362 		.ascii	"x\234cb`b@\007\222@\034\010\304\346@\314\310\314\300"
  31      60624007 
  31      92401C08 
  31      C4E640CC 
  31      C8CCC0
  32 0013 C834E11C 		.ascii	"\3104\341\034\003C#\007\023##\210\301\300\310P\317\304"
  32      03432307 
  32      13232388 
  32      C1C0C850 
  32      CFC4
ARM GAS  /var/folders/c6/c789hm653lg9vtl73krp73tm0000gn/T//ccwSNrCT.s 			page 2


  33 0025 581FC908 		.ascii	"X\037\311\010V\273\236\351\300\203\377\377\327my\370"
  33      56BB9EE9 
  33      C083FFFF 
  33      D76D79F8 
  34 0035 30831164 		.ascii	"0\203\021d\022+CKC\303\004\005\006\206d\260|\010\220"
  34      122B434B 
  34      43C30405 
  34      068664B0 
  34      7C0890
  35 0048 04690A05 		.ascii	"\004i\012\005J\002i\346\213\014\214\211\214\013\031"
  35      4A0269E6 
  35      8B0C8C89 
  35      8C0B19
  36 0057 59E17685 		.ascii	"Y\341v\20502\202$@ZM\365\364\364!(\277X?9?77?O\277 "
  36      30328224 
  36      405A4DF5 
  36      F4F42128 
  36      BF583F39 
  37 0072 BFA8A458 		.ascii	"\277\250\244X\3371\310\327\331\267\002$V\220\231\223"
  37      DF31C8D7 
  37      D9B70224 
  37      56909993 
  38 0082 5A54ACEF 		.ascii	"ZT\254\357\356\354\254\237\\Tb\250\227\314\000\000\000"
  38      EEECAC9F 
  38      5C5462A8 
  38      97CC0000 
  38      00
  39 0093 7227EB   		.ascii	"r'\353"
  40              		.text
  41              		.section	.gnu.lto___early_init.d23b1b95f32aba29,"",%progbits
  42 0000 789C6362 		.ascii	"x\234cb`b@\007\222@\034\000\304\346@\314\310\314\300"
  42      60624007 
  42      92401C00 
  42      C4E640CC 
  42      C8CCC0
  43 0013 C834E11C 		.ascii	"\3104\341\034\003C#\007\023##\210\301\300\310P\317\304"
  43      03432307 
  43      13232388 
  43      C1C0C850 
  43      CFC4
  44 0025 581FC908 		.ascii	"X\037\311\010V\273\236\351\300\203\377\377\327\375z"
  44      56BB9EE9 
  44      C083FFFF 
  44      D7FD7A
  45 0034 7A901164 		.ascii	"z\220\021d\020+CKC\303\004\005\006\206d\260t\010\220"
  45      102B434B 
  45      43C30405 
  45      068664B0 
  45      740890
  46 0047 04E90905 		.ascii	"\004\351\011\005J\002i\346\213\014\214\211\214\013\031"
  46      4A0269E6 
  46      8B0C8C89 
  46      8C0B19
  47 0056 59E15685 		.ascii	"Y\341V\20502\202$@ZM\365\364\364!(\277X?9?77?O\277 "
  47      30328224 
  47      405A4DF5 
  47      F4F42128 
ARM GAS  /var/folders/c6/c789hm653lg9vtl73krp73tm0000gn/T//ccwSNrCT.s 			page 3


  47      BF583F39 
  48 0071 BFA8A458 		.ascii	"\277\250\244X\3371\310\327\331\267\002$V\220\231\223"
  48      DF31C8D7 
  48      D9B70224 
  48      56909993 
  49 0081 5A54ACEF 		.ascii	"ZT\254\357\356\354\254\237\\Tb\250\227\314\000\000\326"
  49      EEECAC9F 
  49      5C5462A8 
  49      97CC0000 
  49      D6
  50 0092 B427AC   		.ascii	"\264'\254"
  51              		.text
  52              		.section	.gnu.lto___late_init.d23b1b95f32aba29,"",%progbits
  53 0000 789C6362 		.ascii	"x\234cb`b@\007\222@\034\000\304\346@\314\310\314\300"
  53      60624007 
  53      92401C00 
  53      C4E640CC 
  53      C8CCC0
  54 0013 C834E11C 		.ascii	"\3104\341\034\003C#\007\023##\210\301\300\310P\317\304"
  54      03432307 
  54      13232388 
  54      C1C0C850 
  54      CFC4
  55 0025 581FC908 		.ascii	"X\037\311\010V\273\236\351\300\203\377\377\327mk\233"
  55      56BB9EE9 
  55      C083FFFF 
  55      D76D6B9B 
  56 0035 23013288 		.ascii	"#\0012\210\225\241\245\241a\202\002\003C2X:\004H\202"
  56      95A1A5A1 
  56      61820203 
  56      4332583A 
  56      044882
  57 0048 F4843232 		.ascii	"\364\20422\201h\346\213\014\214\211\214\013\031Y\341"
  57      8168E68B 
  57      0C8C898C 
  57      0B1959E1 
  58 0058 56853032 		.ascii	"V\20502\202$@ZM\365\364\364!(\277X?9?77?O\277 \277\250"
  58      8224405A 
  58      4DF5F4F4 
  58      2128BF58 
  58      3F393F37 
  59 0073 A458DF31 		.ascii	"\244X\3371\310\327\331\267\002$V\220\231\223ZT\254\357"
  59      C8D7D9B7 
  59      02245690 
  59      99935A54 
  59      ACEF
  60 0085 EEECAC9F 		.ascii	"\356\354\254\237\\Tb\250\227\314\000\000\203o&\373"
  60      5C5462A8 
  60      97CC0000 
  60      836F26FB 
  61              		.text
  62              		.section	.gnu.lto___default_exit.d23b1b95f32aba29,"",%progbits
  63 0000 789C6362 		.ascii	"x\234cb`b@\007:@\354\003\304\346@\314\310\312\300\310"
  63      60624007 
  63      3A40EC03 
  63      C4E640CC 
  63      C8CAC0C8 
ARM GAS  /var/folders/c6/c789hm653lg9vtl73krp73tm0000gn/T//ccwSNrCT.s 			page 4


  64 0014 34E11C03 		.ascii	"4\341\034\003C#\007\023#3\210\301\310\314\310\002\021"
  64      43230713 
  64      233388C1 
  64      C8CCC802 
  64      11
  65 0025 60810838 		.ascii	"`\201\010822\32431\2630\326G2\202\265\257g:\360\340"
  65      3232D433 
  65      31B330D6 
  65      473282B5 
  65      AF673AF0 
  66 003a FFFF751F 		.ascii	"\377\377u\037\216\315\275\3038\233\011$\306\312\320"
  66      8ECDBDC3 
  66      389B0924 
  66      C6CAD0
  67 0049 D2D03041 		.ascii	"\322\3200A\201\201!\031\254\"\004H2\002I&\240Y!\214"
  67      81812119 
  67      AC220448 
  67      32024926 
  67      A059218C 
  68 005d CC0C4043 		.ascii	"\314\014@C\030C\030Y\2404\304\020\006S==}\010\312/\326"
  68      18431859 
  68      A034C410 
  68      06533D3D 
  68      7D08CA2F 
  69 0072 4FCECFCD 		.ascii	"O\316\317\315\315\317\323/\310/*)\326w\014\362u\366"
  69      CDCFD32F 
  69      C82F2A29 
  69      D6770CF2 
  69      75F6
  70 0084 AD008915 		.ascii	"\255\000\211\025d\346\244\026\025\353\273;;\353'\027"
  70      64E6A416 
  70      15EBBB3B 
  70      3BEB2717 
  71 0094 9518EA25 		.ascii	"\225\030\352%3\000\000\230\232*\001"
  71      33000098 
  71      9A2A01
  72              		.text
  73              		.section	.gnu.lto_.symbol_nodes.d23b1b95f32aba29,"",%progbits
  74 0000 789C6362 		.ascii	"x\234cb`b\260e\200\002\246\017\014\365\014\014\023\316"
  74      6062B065 
  74      8002A60F 
  74      0CF50C0C 
  74      13CE
  75 0012 3130D4D7 		.ascii	"10\324\327\317\353`d\372\310P\317\210\304\375\304P\317"
  75      CFEB6064 
  75      FAC850CF 
  75      88C4FDC4 
  75      50CF
  76 0024 84C4FDCC 		.ascii	"\204\304\375\314P\317\014\343z0\000\000h\235\023\335"
  76      50CF0CE3 
  76      7A300000 
  76      689D13DD 
  77              		.text
  78              		.section	.gnu.lto_.refs.d23b1b95f32aba29,"",%progbits
  79 0000 789C6362 		.ascii	"x\234cb`b`d\200\002\000\000F\000\006"
  79      60626064 
  79      80020000 
ARM GAS  /var/folders/c6/c789hm653lg9vtl73krp73tm0000gn/T//ccwSNrCT.s 			page 5


  79      460006
  80              		.text
  81              		.section	.gnu.lto_.decls.d23b1b95f32aba29,"",%progbits
  82 0000 789C9590 		.ascii	"x\234\225\220?K\303@\030\306\337KZ\261X\352\244k\013"
  82      3F4BC340 
  82      18C6DF4B 
  82      5AB158EA 
  82      A46B0B
  83 0013 82438706 		.ascii	"\202C\207\006\007\301\251 \031:HE\204\202\213\034G\214"
  83      07C1A920 
  83      193A4845 
  83      84828B1C 
  83      478C
  84 0025 104C9392 		.ascii	"\020L\223\222^\261n\207\2038\026AGi\375G\012\021\352"
  84      5EB16E87 
  84      83381641 
  84      4769FD47 
  84      0A11EA
  85 0038 E2DC828A 		.ascii	"\342\334\202\212\340\227\350G\350,B\274&\255\255\327"
  85      E097E847 
  85      E82C42BC 
  85      26ADADD7 
  86 0048 38F8700F 		.ascii	"8\370p\017\274\227{\336\373\2759\011$x\001\000\237+"
  86      BC977BDE 
  86      FBBD3909 
  86      24780100 
  86      9F2B
  87 005a 2E01305E 		.ascii	".\0010^\307\271\3630Q\214\273\305\355r{\334\035\230"
  87      C7B9F330 
  87      518CBBC5 
  87      ED727BDC 
  87      1D98
  88 006c 556BAA46 		.ascii	"Uk\252F\302~,W\310\270\021\031O\310x\021\231\216\220"
  88      C27E2C57 
  88      C8B81119 
  88      4FC87811 
  88      998E90
  89 007f 899A270D 		.ascii	"\211\232'\015\327\254\331\355\277^} vq\376\345\3732"
  89      D7ACD9ED 
  89      BF5E7D20 
  89      7671FEE5 
  89      FB32
  90 0091 2CC325E3 		.ascii	",\303%\343j\2361\206(A\371%\330C\004\245\022\220\011"
  90      6A9E3186 
  90      2841F925 
  90      D84304A5 
  90      129009
  91 00a4 8A6422F8 		.ascii	"\212d\"\370Q\000\202n\320\362\250*\311\341u\022l \310"
  91      5100826E 
  91      D0F2A82A 
  91      C9E17512 
  91      6C20C8
  92 00b7 429BF737 		.ascii	"B\233\3677\030;]A3@\231g\370\332\3729Y\205\373!\216"
  92      183B5D41 
  92      33409967 
  92      F8DAFA39 
  92      5985FB21 
ARM GAS  /var/folders/c6/c789hm653lg9vtl73krp73tm0000gn/T//ccwSNrCT.s 			page 6


  93 00cc B94C0E60 		.ascii	"\271L\016`\303\353Z(=\335C\320-\222f\247\356~\352\357"
  93      C3EB5A28 
  93      3DDD43D0 
  93      2D9266A7 
  93      EE7EEAEF 
  94 00e0 CD81EF2F 		.ascii	"\315\201\357/\206\223H\260\203x\364\016e' \202\036&"
  94      869348B0 
  94      8378F40E 
  94      65272082 
  94      1E26
  95 00f2 9D512457 		.ascii	"\235Q$W$\265#I\317o\311F\257\357\373\3511j\377\377("
  95      24B52349 
  95      CF6FC946 
  95      AFEFFBE9 
  95      316AFFFF 
  96 0107 4F443D46 		.ascii	"OD=F\240z\335\201\2102\376D\215\336\262>\375\312Q\344"
  96      A07ADD81 
  96      8832FE44 
  96      8DDEB23E 
  96      FDCA51E4 
  97 011b 8E487EFA 		.ascii	"\216H~\372M\206\365\\N\011\227]U4\273\\\266-\245b;\264"
  97      4D86F55C 
  97      4E09975D 
  97      5534BB5C 
  97      B62DA562 
  98 0131 AA6CEE16 		.ascii	"\252l\356\026\325b}\370\255b\230\272SU\012\252\252h"
  98      D5627DF8 
  98      AD6298BA 
  98      53550AAA 
  98      AA68
  99 0143 0E5DCB69 		.ascii	"\016]\313i\260\200\261f;:6,\203\316\025\266K\031\025"
  99      B080B166 
  99      3B3A362C 
  99      83CE15B6 
  99      4B1915
 100 0156 62C73A39 		.ascii	"b\307:9Jb\254\023\307<\011\016x\310$4\014\2450>\320"
 100      4A62AC13 
 100      C73C090E 
 100      78C82434 
 100      0CA5303E 
 101 016b 0F49CDA4 		.ascii	"\017I\315\244X\257\033t\336\342\335\264\346X\337\352"
 101      58AF1B74 
 101      DEE2DDB4 
 101      E658DFEA 
 102 017b 0A96EA   		.ascii	"\012\226\352"
 103              		.text
 104              		.section	.gnu.lto_.symtab.d23b1b95f32aba29,"",%progbits
 105 0000 5F5F636F 		.ascii	"__core_init\000\000\001\000\000\000\000\000\000\000"
 105      72655F69 
 105      6E697400 
 105      00010000 
 105      00000000 
 106 0015 0000A100 		.ascii	"\000\000\241\000\000\000__early_init\000\000\001\000"
 106      00005F5F 
 106      6561726C 
 106      795F696E 
 106      69740000 
ARM GAS  /var/folders/c6/c789hm653lg9vtl73krp73tm0000gn/T//ccwSNrCT.s 			page 7


 107 002b 00000000 		.ascii	"\000\000\000\000\000\000\000\000\250\000\000\000__l"
 107      00000000 
 107      A8000000 
 107      5F5F6C
 108 003a 6174655F 		.ascii	"ate_init\000\000\001\000\000\000\000\000\000\000\000"
 108      696E6974 
 108      00000100 
 108      00000000 
 108      000000
 109 004d 00AC0000 		.ascii	"\000\254\000\000\000__default_exit\000\000\001\000\000"
 109      005F5F64 
 109      65666175 
 109      6C745F65 
 109      78697400 
 110 0065 00000000 		.ascii	"\000\000\000\000\000\000\000\260\000\000\000"
 110      000000B0 
 110      000000
 111              		.text
 112              		.section	.gnu.lto_.opts,"",%progbits
 113 0000 272D6D63 		.ascii	"'-mcpu=cortex-m4' '-mno-thumb-interwork' '-mthumb' "
 113      70753D63 
 113      6F727465 
 113      782D6D34 
 113      2720272D 
 114 0033 272D6767 		.ascii	"'-ggdb' '-O2' '-fomit-frame-pointer' '-falign-funct"
 114      64622720 
 114      272D4F32 
 114      2720272D 
 114      666F6D69 
 115 0066 696F6E73 		.ascii	"ions=16' '-ffunction-sections' '-fdata-sections' '-"
 115      3D313627 
 115      20272D66 
 115      66756E63 
 115      74696F6E 
 116 0099 666E6F2D 		.ascii	"fno-common' '-flto'\000"
 116      636F6D6D 
 116      6F6E2720 
 116      272D666C 
 116      746F2700 
 117              		.text
 118              		.cfi_sections	.debug_frame
 119              		.section	.text.__core_init,"ax",%progbits
 120              		.align	2
 121              		.p2align 4,,15
 122              		.weak	__core_init
 123              		.thumb
 124              		.thumb_func
 125              		.type	__core_init, %function
 126              	__core_init:
 127              	.LFB112:
 128              		.file 1 "../../../os/common/ports/ARMCMx/compilers/GCC/crt1.c"
 129              		.loc 1 42 0
 130              		.cfi_startproc
 131              		@ args = 0, pretend = 0, frame = 0
 132              		@ frame_needed = 0, uses_anonymous_args = 0
 133              		@ link register save eliminated.
 134 0000 7047     		bx	lr
ARM GAS  /var/folders/c6/c789hm653lg9vtl73krp73tm0000gn/T//ccwSNrCT.s 			page 8


 135              		.cfi_endproc
 136              	.LFE112:
 137              		.size	__core_init, .-__core_init
 138 0002 00BFAFF3 		.section	.text.__early_init,"ax",%progbits
 138      0080AFF3 
 138      0080AFF3 
 138      0080
 139              		.align	2
 140              		.p2align 4,,15
 141              		.weak	__early_init
 142              		.thumb
 143              		.thumb_func
 144              		.type	__early_init, %function
 145              	__early_init:
 146              	.LFB113:
 147              		.loc 1 61 0
 148              		.cfi_startproc
 149              		@ args = 0, pretend = 0, frame = 0
 150              		@ frame_needed = 0, uses_anonymous_args = 0
 151              		@ link register save eliminated.
 152 0000 7047     		bx	lr
 153              		.cfi_endproc
 154              	.LFE113:
 155              		.size	__early_init, .-__early_init
 156 0002 00BFAFF3 		.section	.text.__late_init,"ax",%progbits
 156      0080AFF3 
 156      0080AFF3 
 156      0080
 157              		.align	2
 158              		.p2align 4,,15
 159              		.weak	__late_init
 160              		.thumb
 161              		.thumb_func
 162              		.type	__late_init, %function
 163              	__late_init:
 164              	.LFB114:
 165              		.loc 1 75 0
 166              		.cfi_startproc
 167              		@ args = 0, pretend = 0, frame = 0
 168              		@ frame_needed = 0, uses_anonymous_args = 0
 169              		@ link register save eliminated.
 170 0000 7047     		bx	lr
 171              		.cfi_endproc
 172              	.LFE114:
 173              		.size	__late_init, .-__late_init
 174 0002 00BFAFF3 		.section	.text.__default_exit,"ax",%progbits
 174      0080AFF3 
 174      0080AFF3 
 174      0080
 175              		.align	2
 176              		.p2align 4,,15
 177              		.weak	__default_exit
 178              		.thumb
 179              		.thumb_func
 180              		.type	__default_exit, %function
 181              	__default_exit:
 182              	.LFB115:
ARM GAS  /var/folders/c6/c789hm653lg9vtl73krp73tm0000gn/T//ccwSNrCT.s 			page 9


 183              		.loc 1 88 0
 184              		.cfi_startproc
 185              		@ Volatile: function does not return.
 186              		@ args = 0, pretend = 0, frame = 0
 187              		@ frame_needed = 0, uses_anonymous_args = 0
 188              		@ link register save eliminated.
 189              	.L5:
 190 0000 FEE7     		b	.L5
 191              		.cfi_endproc
 192              	.LFE115:
 193              		.size	__default_exit, .-__default_exit
 194 0002 00BFAFF3 		.text
 194      0080AFF3 
 194      0080AFF3 
 194      0080
 195              	.Letext0:
 196              		.file 2 "/usr/local/Cellar/gcc-arm-none-eabi/20140805/arm-none-eabi/include/machine/_default_types
 197              		.file 3 "/usr/local/Cellar/gcc-arm-none-eabi/20140805/arm-none-eabi/include/stdint.h"
 198              		.file 4 "../../../os/ext/CMSIS/include/core_cm4.h"
 199              		.section	.debug_info,"",%progbits
 200              	.Ldebug_info0:
 201 0000 DA000000 		.4byte	0xda
 202 0004 0400     		.2byte	0x4
 203 0006 00000000 		.4byte	.Ldebug_abbrev0
 204 000a 04       		.byte	0x4
 205 000b 01       		.uleb128 0x1
 206 000c 8D000000 		.4byte	.LASF16
 207 0010 01       		.byte	0x1
 208 0011 85010000 		.4byte	.LASF17
 209 0015 D0010000 		.4byte	.LASF18
 210 0019 00000000 		.4byte	.Ldebug_ranges0+0
 211 001d 00000000 		.4byte	0
 212 0021 00000000 		.4byte	.Ldebug_line0
 213 0025 02       		.uleb128 0x2
 214 0026 01       		.byte	0x1
 215 0027 06       		.byte	0x6
 216 0028 3C000000 		.4byte	.LASF0
 217 002c 02       		.uleb128 0x2
 218 002d 01       		.byte	0x1
 219 002e 08       		.byte	0x8
 220 002f 2E000000 		.4byte	.LASF1
 221 0033 02       		.uleb128 0x2
 222 0034 02       		.byte	0x2
 223 0035 05       		.byte	0x5
 224 0036 25020000 		.4byte	.LASF2
 225 003a 02       		.uleb128 0x2
 226 003b 02       		.byte	0x2
 227 003c 07       		.byte	0x7
 228 003d 0E000000 		.4byte	.LASF3
 229 0041 03       		.uleb128 0x3
 230 0042 1B020000 		.4byte	.LASF9
 231 0046 02       		.byte	0x2
 232 0047 37       		.byte	0x37
 233 0048 4C000000 		.4byte	0x4c
 234 004c 02       		.uleb128 0x2
 235 004d 04       		.byte	0x4
 236 004e 05       		.byte	0x5
ARM GAS  /var/folders/c6/c789hm653lg9vtl73krp73tm0000gn/T//ccwSNrCT.s 			page 10


 237 004f BA010000 		.4byte	.LASF4
 238 0053 02       		.uleb128 0x2
 239 0054 04       		.byte	0x4
 240 0055 07       		.byte	0x7
 241 0056 55000000 		.4byte	.LASF5
 242 005a 02       		.uleb128 0x2
 243 005b 08       		.byte	0x8
 244 005c 05       		.byte	0x5
 245 005d 00000000 		.4byte	.LASF6
 246 0061 02       		.uleb128 0x2
 247 0062 08       		.byte	0x8
 248 0063 07       		.byte	0x7
 249 0064 76000000 		.4byte	.LASF7
 250 0068 04       		.uleb128 0x4
 251 0069 04       		.byte	0x4
 252 006a 05       		.byte	0x5
 253 006b 696E7400 		.ascii	"int\000"
 254 006f 02       		.uleb128 0x2
 255 0070 04       		.byte	0x4
 256 0071 07       		.byte	0x7
 257 0072 21000000 		.4byte	.LASF8
 258 0076 03       		.uleb128 0x3
 259 0077 2F020000 		.4byte	.LASF10
 260 007b 03       		.byte	0x3
 261 007c 41       		.byte	0x41
 262 007d 41000000 		.4byte	0x41
 263 0081 02       		.uleb128 0x2
 264 0082 04       		.byte	0x4
 265 0083 07       		.byte	0x7
 266 0084 37020000 		.4byte	.LASF11
 267 0088 05       		.uleb128 0x5
 268 0089 79010000 		.4byte	.LASF12
 269 008d 01       		.byte	0x1
 270 008e 2A       		.byte	0x2a
 271 008f 00000000 		.4byte	.LFB112
 272 0093 02000000 		.4byte	.LFE112-.LFB112
 273 0097 01       		.uleb128 0x1
 274 0098 9C       		.byte	0x9c
 275 0099 05       		.uleb128 0x5
 276 009a 48000000 		.4byte	.LASF13
 277 009e 01       		.byte	0x1
 278 009f 3D       		.byte	0x3d
 279 00a0 00000000 		.4byte	.LFB113
 280 00a4 02000000 		.4byte	.LFE113-.LFB113
 281 00a8 01       		.uleb128 0x1
 282 00a9 9C       		.byte	0x9c
 283 00aa 05       		.uleb128 0x5
 284 00ab 6D010000 		.4byte	.LASF14
 285 00af 01       		.byte	0x1
 286 00b0 4B       		.byte	0x4b
 287 00b1 00000000 		.4byte	.LFB114
 288 00b5 02000000 		.4byte	.LFE114-.LFB114
 289 00b9 01       		.uleb128 0x1
 290 00ba 9C       		.byte	0x9c
 291 00bb 05       		.uleb128 0x5
 292 00bc 67000000 		.4byte	.LASF15
 293 00c0 01       		.byte	0x1
ARM GAS  /var/folders/c6/c789hm653lg9vtl73krp73tm0000gn/T//ccwSNrCT.s 			page 11


 294 00c1 58       		.byte	0x58
 295 00c2 00000000 		.4byte	.LFB115
 296 00c6 02000000 		.4byte	.LFE115-.LFB115
 297 00ca 01       		.uleb128 0x1
 298 00cb 9C       		.byte	0x9c
 299 00cc 06       		.uleb128 0x6
 300 00cd C3010000 		.4byte	.LASF19
 301 00d1 04       		.byte	0x4
 302 00d2 A706     		.2byte	0x6a7
 303 00d4 D8000000 		.4byte	0xd8
 304 00d8 07       		.uleb128 0x7
 305 00d9 76000000 		.4byte	0x76
 306 00dd 00       		.byte	0
 307              		.section	.debug_abbrev,"",%progbits
 308              	.Ldebug_abbrev0:
 309 0000 01       		.uleb128 0x1
 310 0001 11       		.uleb128 0x11
 311 0002 01       		.byte	0x1
 312 0003 25       		.uleb128 0x25
 313 0004 0E       		.uleb128 0xe
 314 0005 13       		.uleb128 0x13
 315 0006 0B       		.uleb128 0xb
 316 0007 03       		.uleb128 0x3
 317 0008 0E       		.uleb128 0xe
 318 0009 1B       		.uleb128 0x1b
 319 000a 0E       		.uleb128 0xe
 320 000b 55       		.uleb128 0x55
 321 000c 17       		.uleb128 0x17
 322 000d 11       		.uleb128 0x11
 323 000e 01       		.uleb128 0x1
 324 000f 10       		.uleb128 0x10
 325 0010 17       		.uleb128 0x17
 326 0011 00       		.byte	0
 327 0012 00       		.byte	0
 328 0013 02       		.uleb128 0x2
 329 0014 24       		.uleb128 0x24
 330 0015 00       		.byte	0
 331 0016 0B       		.uleb128 0xb
 332 0017 0B       		.uleb128 0xb
 333 0018 3E       		.uleb128 0x3e
 334 0019 0B       		.uleb128 0xb
 335 001a 03       		.uleb128 0x3
 336 001b 0E       		.uleb128 0xe
 337 001c 00       		.byte	0
 338 001d 00       		.byte	0
 339 001e 03       		.uleb128 0x3
 340 001f 16       		.uleb128 0x16
 341 0020 00       		.byte	0
 342 0021 03       		.uleb128 0x3
 343 0022 0E       		.uleb128 0xe
 344 0023 3A       		.uleb128 0x3a
 345 0024 0B       		.uleb128 0xb
 346 0025 3B       		.uleb128 0x3b
 347 0026 0B       		.uleb128 0xb
 348 0027 49       		.uleb128 0x49
 349 0028 13       		.uleb128 0x13
 350 0029 00       		.byte	0
ARM GAS  /var/folders/c6/c789hm653lg9vtl73krp73tm0000gn/T//ccwSNrCT.s 			page 12


 351 002a 00       		.byte	0
 352 002b 04       		.uleb128 0x4
 353 002c 24       		.uleb128 0x24
 354 002d 00       		.byte	0
 355 002e 0B       		.uleb128 0xb
 356 002f 0B       		.uleb128 0xb
 357 0030 3E       		.uleb128 0x3e
 358 0031 0B       		.uleb128 0xb
 359 0032 03       		.uleb128 0x3
 360 0033 08       		.uleb128 0x8
 361 0034 00       		.byte	0
 362 0035 00       		.byte	0
 363 0036 05       		.uleb128 0x5
 364 0037 2E       		.uleb128 0x2e
 365 0038 00       		.byte	0
 366 0039 3F       		.uleb128 0x3f
 367 003a 19       		.uleb128 0x19
 368 003b 03       		.uleb128 0x3
 369 003c 0E       		.uleb128 0xe
 370 003d 3A       		.uleb128 0x3a
 371 003e 0B       		.uleb128 0xb
 372 003f 3B       		.uleb128 0x3b
 373 0040 0B       		.uleb128 0xb
 374 0041 27       		.uleb128 0x27
 375 0042 19       		.uleb128 0x19
 376 0043 11       		.uleb128 0x11
 377 0044 01       		.uleb128 0x1
 378 0045 12       		.uleb128 0x12
 379 0046 06       		.uleb128 0x6
 380 0047 40       		.uleb128 0x40
 381 0048 18       		.uleb128 0x18
 382 0049 9742     		.uleb128 0x2117
 383 004b 19       		.uleb128 0x19
 384 004c 00       		.byte	0
 385 004d 00       		.byte	0
 386 004e 06       		.uleb128 0x6
 387 004f 34       		.uleb128 0x34
 388 0050 00       		.byte	0
 389 0051 03       		.uleb128 0x3
 390 0052 0E       		.uleb128 0xe
 391 0053 3A       		.uleb128 0x3a
 392 0054 0B       		.uleb128 0xb
 393 0055 3B       		.uleb128 0x3b
 394 0056 05       		.uleb128 0x5
 395 0057 49       		.uleb128 0x49
 396 0058 13       		.uleb128 0x13
 397 0059 3F       		.uleb128 0x3f
 398 005a 19       		.uleb128 0x19
 399 005b 3C       		.uleb128 0x3c
 400 005c 19       		.uleb128 0x19
 401 005d 00       		.byte	0
 402 005e 00       		.byte	0
 403 005f 07       		.uleb128 0x7
 404 0060 35       		.uleb128 0x35
 405 0061 00       		.byte	0
 406 0062 49       		.uleb128 0x49
 407 0063 13       		.uleb128 0x13
ARM GAS  /var/folders/c6/c789hm653lg9vtl73krp73tm0000gn/T//ccwSNrCT.s 			page 13


 408 0064 00       		.byte	0
 409 0065 00       		.byte	0
 410 0066 00       		.byte	0
 411              		.section	.debug_aranges,"",%progbits
 412 0000 34000000 		.4byte	0x34
 413 0004 0200     		.2byte	0x2
 414 0006 00000000 		.4byte	.Ldebug_info0
 415 000a 04       		.byte	0x4
 416 000b 00       		.byte	0
 417 000c 0000     		.2byte	0
 418 000e 0000     		.2byte	0
 419 0010 00000000 		.4byte	.LFB112
 420 0014 02000000 		.4byte	.LFE112-.LFB112
 421 0018 00000000 		.4byte	.LFB113
 422 001c 02000000 		.4byte	.LFE113-.LFB113
 423 0020 00000000 		.4byte	.LFB114
 424 0024 02000000 		.4byte	.LFE114-.LFB114
 425 0028 00000000 		.4byte	.LFB115
 426 002c 02000000 		.4byte	.LFE115-.LFB115
 427 0030 00000000 		.4byte	0
 428 0034 00000000 		.4byte	0
 429              		.section	.debug_ranges,"",%progbits
 430              	.Ldebug_ranges0:
 431 0000 00000000 		.4byte	.LFB112
 432 0004 02000000 		.4byte	.LFE112
 433 0008 00000000 		.4byte	.LFB113
 434 000c 02000000 		.4byte	.LFE113
 435 0010 00000000 		.4byte	.LFB114
 436 0014 02000000 		.4byte	.LFE114
 437 0018 00000000 		.4byte	.LFB115
 438 001c 02000000 		.4byte	.LFE115
 439 0020 00000000 		.4byte	0
 440 0024 00000000 		.4byte	0
 441              		.section	.debug_line,"",%progbits
 442              	.Ldebug_line0:
 443 0000 69010000 		.section	.debug_str,"MS",%progbits,1
 443      02002501 
 443      00000201 
 443      FB0E0D00 
 443      01010101 
 444              	.LASF6:
 445 0000 6C6F6E67 		.ascii	"long long int\000"
 445      206C6F6E 
 445      6720696E 
 445      7400
 446              	.LASF3:
 447 000e 73686F72 		.ascii	"short unsigned int\000"
 447      7420756E 
 447      7369676E 
 447      65642069 
 447      6E7400
 448              	.LASF8:
 449 0021 756E7369 		.ascii	"unsigned int\000"
 449      676E6564 
 449      20696E74 
 449      00
 450              	.LASF1:
ARM GAS  /var/folders/c6/c789hm653lg9vtl73krp73tm0000gn/T//ccwSNrCT.s 			page 14


 451 002e 756E7369 		.ascii	"unsigned char\000"
 451      676E6564 
 451      20636861 
 451      7200
 452              	.LASF0:
 453 003c 7369676E 		.ascii	"signed char\000"
 453      65642063 
 453      68617200 
 454              	.LASF13:
 455 0048 5F5F6561 		.ascii	"__early_init\000"
 455      726C795F 
 455      696E6974 
 455      00
 456              	.LASF5:
 457 0055 6C6F6E67 		.ascii	"long unsigned int\000"
 457      20756E73 
 457      69676E65 
 457      6420696E 
 457      7400
 458              	.LASF15:
 459 0067 5F5F6465 		.ascii	"__default_exit\000"
 459      6661756C 
 459      745F6578 
 459      697400
 460              	.LASF7:
 461 0076 6C6F6E67 		.ascii	"long long unsigned int\000"
 461      206C6F6E 
 461      6720756E 
 461      7369676E 
 461      65642069 
 462              	.LASF16:
 463 008d 474E5520 		.ascii	"GNU C 4.8.4 20140725 (release) [ARM/embedded-4_8-br"
 463      4320342E 
 463      382E3420 
 463      32303134 
 463      30373235 
 464 00c0 616E6368 		.ascii	"anch revision 213147] -mcpu=cortex-m4 -mno-thumb-in"
 464      20726576 
 464      6973696F 
 464      6E203231 
 464      33313437 
 465 00f3 74657277 		.ascii	"terwork -mthumb -ggdb -O2 -fomit-frame-pointer -fal"
 465      6F726B20 
 465      2D6D7468 
 465      756D6220 
 465      2D676764 
 466 0126 69676E2D 		.ascii	"ign-functions=16 -ffunction-sections -fdata-section"
 466      66756E63 
 466      74696F6E 
 466      733D3136 
 466      202D6666 
 467 0159 73202D66 		.ascii	"s -fno-common -flto\000"
 467      6E6F2D63 
 467      6F6D6D6F 
 467      6E202D66 
 467      6C746F00 
 468              	.LASF14:
ARM GAS  /var/folders/c6/c789hm653lg9vtl73krp73tm0000gn/T//ccwSNrCT.s 			page 15


 469 016d 5F5F6C61 		.ascii	"__late_init\000"
 469      74655F69 
 469      6E697400 
 470              	.LASF12:
 471 0179 5F5F636F 		.ascii	"__core_init\000"
 471      72655F69 
 471      6E697400 
 472              	.LASF17:
 473 0185 2E2E2F2E 		.ascii	"../../../os/common/ports/ARMCMx/compilers/GCC/crt1."
 473      2E2F2E2E 
 473      2F6F732F 
 473      636F6D6D 
 473      6F6E2F70 
 474 01b8 6300     		.ascii	"c\000"
 475              	.LASF4:
 476 01ba 6C6F6E67 		.ascii	"long int\000"
 476      20696E74 
 476      00
 477              	.LASF19:
 478 01c3 49544D5F 		.ascii	"ITM_RxBuffer\000"
 478      52784275 
 478      66666572 
 478      00
 479              	.LASF18:
 480 01d0 2F557365 		.ascii	"/Users/savonetj/Downloads/ChibiOS_3.0.2/demos/STM32"
 480      72732F73 
 480      61766F6E 
 480      65746A2F 
 480      446F776E 
 481 0203 2F52542D 		.ascii	"/RT-STM32F407-DISCOVERY\000"
 481      53544D33 
 481      32463430 
 481      372D4449 
 481      53434F56 
 482              	.LASF9:
 483 021b 5F5F696E 		.ascii	"__int32_t\000"
 483      7433325F 
 483      7400
 484              	.LASF2:
 485 0225 73686F72 		.ascii	"short int\000"
 485      7420696E 
 485      7400
 486              	.LASF10:
 487 022f 696E7433 		.ascii	"int32_t\000"
 487      325F7400 
 488              	.LASF11:
 489 0237 73697A65 		.ascii	"sizetype\000"
 489      74797065 
 489      00
 490              		.comm	__gnu_lto_v1,1,1
 491              		.ident	"GCC: (GNU Tools for ARM Embedded Processors) 4.8.4 20140725 (release) [ARM/embedded-4_8-br
ARM GAS  /var/folders/c6/c789hm653lg9vtl73krp73tm0000gn/T//ccwSNrCT.s 			page 16


DEFINED SYMBOLS
                            *ABS*:0000000000000000 crt1.c
/var/folders/c6/c789hm653lg9vtl73krp73tm0000gn/T//ccwSNrCT.s:120    .text.__core_init:0000000000000000 $t
/var/folders/c6/c789hm653lg9vtl73krp73tm0000gn/T//ccwSNrCT.s:126    .text.__core_init:0000000000000000 __core_init
/var/folders/c6/c789hm653lg9vtl73krp73tm0000gn/T//ccwSNrCT.s:139    .text.__early_init:0000000000000000 $t
/var/folders/c6/c789hm653lg9vtl73krp73tm0000gn/T//ccwSNrCT.s:145    .text.__early_init:0000000000000000 __early_init
/var/folders/c6/c789hm653lg9vtl73krp73tm0000gn/T//ccwSNrCT.s:157    .text.__late_init:0000000000000000 $t
/var/folders/c6/c789hm653lg9vtl73krp73tm0000gn/T//ccwSNrCT.s:163    .text.__late_init:0000000000000000 __late_init
/var/folders/c6/c789hm653lg9vtl73krp73tm0000gn/T//ccwSNrCT.s:175    .text.__default_exit:0000000000000000 $t
/var/folders/c6/c789hm653lg9vtl73krp73tm0000gn/T//ccwSNrCT.s:181    .text.__default_exit:0000000000000000 __default_exit
                            *COM*:0000000000000001 __gnu_lto_v1
                     .debug_frame:0000000000000010 $d

NO UNDEFINED SYMBOLS
