ARM GAS  /var/folders/c6/c789hm653lg9vtl73krp73tm0000gn/T//ccY26m8g.s 			page 1


   1              		.syntax unified
   2              		.cpu cortex-m4
   3              		.fpu softvfp
   4              		.eabi_attribute 20, 1
   5              		.eabi_attribute 21, 1
   6              		.eabi_attribute 23, 3
   7              		.eabi_attribute 24, 1
   8              		.eabi_attribute 25, 1
   9              		.eabi_attribute 26, 1
  10              		.eabi_attribute 30, 2
  11              		.eabi_attribute 34, 1
  12              		.eabi_attribute 18, 4
  13              		.thumb
  14              		.file	"hal_queues.c"
  15              		.text
  16              	.Ltext0:
  17              		.section	.gnu.lto_.inline.9cddb517c7239df4,"",%progbits
  18 0000 789C6362 		.ascii	"x\234cb`b\300\006\020\242\000\000\272\000\007"
  18      6062C006 
  18      10A20000 
  18      BA0007
  19              		.text
  20              		.section	.gnu.lto_.pureconst.9cddb517c7239df4,"",%progbits
  21 0000 789C6362 		.ascii	"x\234cb`b`d\200\002\000\000F\000\006"
  21      60626064 
  21      80020000 
  21      460006
  22              		.text
  23              		.section	.gnu.lto_.symbol_nodes.9cddb517c7239df4,"",%progbits
  24 0000 789C6362 		.ascii	"x\234cb`\002B\030\000\000\000V\000\007"
  24      60024218 
  24      00000056 
  24      0007
  25              		.text
  26              		.section	.gnu.lto_.refs.9cddb517c7239df4,"",%progbits
  27 0000 789C6362 		.ascii	"x\234cb`b`d\200\002\000\000F\000\006"
  27      60626064 
  27      80020000 
  27      460006
  28              		.text
  29              		.section	.gnu.lto_.decls.9cddb517c7239df4,"",%progbits
  30 0000 789C6362 		.ascii	"x\234cb`bPa``\370\017\004@\212\201\021\212\355\030\010"
  30      60625061 
  30      6060F80F 
  30      04408A81 
  30      118AED18 
  31 0015 0000CE1B 		.ascii	"\000\000\316\033\004e"
  31      0465
  32              		.text
  33              		.section	.gnu.lto_.symtab.9cddb517c7239df4,"",%progbits
  34              		.text
  35              		.section	.gnu.lto_.opts,"",%progbits
  36 0000 272D6D63 		.ascii	"'-mcpu=cortex-m4' '-mno-thumb-interwork' '-mthumb' "
  36      70753D63 
  36      6F727465 
  36      782D6D34 
  36      2720272D 
ARM GAS  /var/folders/c6/c789hm653lg9vtl73krp73tm0000gn/T//ccY26m8g.s 			page 2


  37 0033 272D6767 		.ascii	"'-ggdb' '-O2' '-fomit-frame-pointer' '-falign-funct"
  37      64622720 
  37      272D4F32 
  37      2720272D 
  37      666F6D69 
  38 0066 696F6E73 		.ascii	"ions=16' '-ffunction-sections' '-fdata-sections' '-"
  38      3D313627 
  38      20272D66 
  38      66756E63 
  38      74696F6E 
  39 0099 666E6F2D 		.ascii	"fno-common' '-flto'\000"
  39      636F6D6D 
  39      6F6E2720 
  39      272D666C 
  39      746F2700 
  40              		.text
  41              		.cfi_sections	.debug_frame
  42              	.Letext0:
  43              		.file 1 "/usr/local/Cellar/gcc-arm-none-eabi/20140805/arm-none-eabi/include/machine/_default_types
  44              		.file 2 "/usr/local/Cellar/gcc-arm-none-eabi/20140805/arm-none-eabi/include/stdint.h"
  45              		.file 3 "../../../os/rt/ports/ARMCMx/compilers/GCC/chtypes.h"
  46              		.file 4 "../../../os/rt/include/chsystypes.h"
  47              		.file 5 "../../../os/rt/include/chschd.h"
  48              		.file 6 "../../../os/rt/ports/ARMCMx/chcore.h"
  49              		.file 7 "../../../os/rt/ports/ARMCMx/chcore_v7m.h"
  50              		.file 8 "../../../os/rt/include/chtm.h"
  51              		.file 9 "../../../os/rt/include/chsem.h"
  52              		.file 10 "../../../os/rt/include/chmtx.h"
  53              		.file 11 "../../../os/ext/CMSIS/include/core_cm4.h"
  54              		.section	.debug_info,"",%progbits
  55              	.Ldebug_info0:
  56 0000 2E060000 		.4byte	0x62e
  57 0004 0400     		.2byte	0x4
  58 0006 00000000 		.4byte	.Ldebug_abbrev0
  59 000a 04       		.byte	0x4
  60 000b 01       		.uleb128 0x1
  61 000c 6C000000 		.4byte	.LASF103
  62 0010 01       		.byte	0x1
  63 0011 E5010000 		.4byte	.LASF104
  64 0015 12020000 		.4byte	.LASF105
  65 0019 00000000 		.4byte	.Ldebug_line0
  66 001d 02       		.uleb128 0x2
  67 001e 04       		.byte	0x4
  68 001f 05       		.byte	0x5
  69 0020 696E7400 		.ascii	"int\000"
  70 0024 03       		.uleb128 0x3
  71 0025 04       		.byte	0x4
  72 0026 07       		.byte	0x7
  73 0027 44030000 		.4byte	.LASF0
  74 002b 03       		.uleb128 0x3
  75 002c 01       		.byte	0x1
  76 002d 06       		.byte	0x6
  77 002e 10030000 		.4byte	.LASF1
  78 0032 04       		.uleb128 0x4
  79 0033 C3020000 		.4byte	.LASF5
  80 0037 01       		.byte	0x1
  81 0038 1C       		.byte	0x1c
ARM GAS  /var/folders/c6/c789hm653lg9vtl73krp73tm0000gn/T//ccY26m8g.s 			page 3


  82 0039 3D000000 		.4byte	0x3d
  83 003d 03       		.uleb128 0x3
  84 003e 01       		.byte	0x1
  85 003f 08       		.byte	0x8
  86 0040 FB020000 		.4byte	.LASF2
  87 0044 03       		.uleb128 0x3
  88 0045 02       		.byte	0x2
  89 0046 05       		.byte	0x5
  90 0047 3D000000 		.4byte	.LASF3
  91 004b 03       		.uleb128 0x3
  92 004c 02       		.byte	0x2
  93 004d 07       		.byte	0x7
  94 004e 64040000 		.4byte	.LASF4
  95 0052 04       		.uleb128 0x4
  96 0053 A9040000 		.4byte	.LASF6
  97 0057 01       		.byte	0x1
  98 0058 37       		.byte	0x37
  99 0059 5D000000 		.4byte	0x5d
 100 005d 03       		.uleb128 0x3
 101 005e 04       		.byte	0x4
 102 005f 05       		.byte	0x5
 103 0060 82020000 		.4byte	.LASF7
 104 0064 04       		.uleb128 0x4
 105 0065 77040000 		.4byte	.LASF8
 106 0069 01       		.byte	0x1
 107 006a 38       		.byte	0x38
 108 006b 6F000000 		.4byte	0x6f
 109 006f 03       		.uleb128 0x3
 110 0070 04       		.byte	0x4
 111 0071 07       		.byte	0x7
 112 0072 48040000 		.4byte	.LASF9
 113 0076 03       		.uleb128 0x3
 114 0077 08       		.byte	0x8
 115 0078 05       		.byte	0x5
 116 0079 65020000 		.4byte	.LASF10
 117 007d 04       		.uleb128 0x4
 118 007e 1D040000 		.4byte	.LASF11
 119 0082 01       		.byte	0x1
 120 0083 4E       		.byte	0x4e
 121 0084 88000000 		.4byte	0x88
 122 0088 03       		.uleb128 0x3
 123 0089 08       		.byte	0x8
 124 008a 07       		.byte	0x7
 125 008b 24030000 		.4byte	.LASF12
 126 008f 04       		.uleb128 0x4
 127 0090 A2010000 		.4byte	.LASF13
 128 0094 02       		.byte	0x2
 129 0095 2A       		.byte	0x2a
 130 0096 32000000 		.4byte	0x32
 131 009a 04       		.uleb128 0x4
 132 009b F0030000 		.4byte	.LASF14
 133 009f 02       		.byte	0x2
 134 00a0 41       		.byte	0x41
 135 00a1 52000000 		.4byte	0x52
 136 00a5 04       		.uleb128 0x4
 137 00a6 BB010000 		.4byte	.LASF15
 138 00aa 02       		.byte	0x2
ARM GAS  /var/folders/c6/c789hm653lg9vtl73krp73tm0000gn/T//ccY26m8g.s 			page 4


 139 00ab 42       		.byte	0x42
 140 00ac 64000000 		.4byte	0x64
 141 00b0 04       		.uleb128 0x4
 142 00b1 29000000 		.4byte	.LASF16
 143 00b5 02       		.byte	0x2
 144 00b6 4E       		.byte	0x4e
 145 00b7 7D000000 		.4byte	0x7d
 146 00bb 05       		.uleb128 0x5
 147 00bc 9A000000 		.4byte	0x9a
 148 00c0 04       		.uleb128 0x4
 149 00c1 71010000 		.4byte	.LASF17
 150 00c5 03       		.byte	0x3
 151 00c6 45       		.byte	0x45
 152 00c7 A5000000 		.4byte	0xa5
 153 00cb 04       		.uleb128 0x4
 154 00cc 5D020000 		.4byte	.LASF18
 155 00d0 03       		.byte	0x3
 156 00d1 48       		.byte	0x48
 157 00d2 8F000000 		.4byte	0x8f
 158 00d6 04       		.uleb128 0x4
 159 00d7 CD040000 		.4byte	.LASF19
 160 00db 03       		.byte	0x3
 161 00dc 49       		.byte	0x49
 162 00dd 8F000000 		.4byte	0x8f
 163 00e1 04       		.uleb128 0x4
 164 00e2 09000000 		.4byte	.LASF20
 165 00e6 03       		.byte	0x3
 166 00e7 4A       		.byte	0x4a
 167 00e8 8F000000 		.4byte	0x8f
 168 00ec 04       		.uleb128 0x4
 169 00ed 7A020000 		.4byte	.LASF21
 170 00f1 03       		.byte	0x3
 171 00f2 4C       		.byte	0x4c
 172 00f3 A5000000 		.4byte	0xa5
 173 00f7 04       		.uleb128 0x4
 174 00f8 4E050000 		.4byte	.LASF22
 175 00fc 03       		.byte	0x3
 176 00fd 4D       		.byte	0x4d
 177 00fe 9A000000 		.4byte	0x9a
 178 0102 04       		.uleb128 0x4
 179 0103 4C010000 		.4byte	.LASF23
 180 0107 03       		.byte	0x3
 181 0108 4F       		.byte	0x4f
 182 0109 A5000000 		.4byte	0xa5
 183 010d 04       		.uleb128 0x4
 184 010e FF030000 		.4byte	.LASF24
 185 0112 03       		.byte	0x3
 186 0113 51       		.byte	0x51
 187 0114 9A000000 		.4byte	0x9a
 188 0118 04       		.uleb128 0x4
 189 0119 C2030000 		.4byte	.LASF25
 190 011d 04       		.byte	0x4
 191 011e 33       		.byte	0x33
 192 011f A5000000 		.4byte	0xa5
 193 0123 04       		.uleb128 0x4
 194 0124 00000000 		.4byte	.LASF26
 195 0128 04       		.byte	0x4
ARM GAS  /var/folders/c6/c789hm653lg9vtl73krp73tm0000gn/T//ccY26m8g.s 			page 5


 196 0129 3F       		.byte	0x3f
 197 012a 2E010000 		.4byte	0x12e
 198 012e 06       		.uleb128 0x6
 199 012f C4010000 		.4byte	.LASF46
 200 0133 44       		.byte	0x44
 201 0134 05       		.byte	0x5
 202 0135 C2       		.byte	0xc2
 203 0136 1B020000 		.4byte	0x21b
 204 013a 07       		.uleb128 0x7
 205 013b 6A010000 		.4byte	.LASF27
 206 013f 05       		.byte	0x5
 207 0140 C3       		.byte	0xc3
 208 0141 26020000 		.4byte	0x226
 209 0145 00       		.byte	0
 210 0146 07       		.uleb128 0x7
 211 0147 5F000000 		.4byte	.LASF28
 212 014b 05       		.byte	0x5
 213 014c C5       		.byte	0xc5
 214 014d 26020000 		.4byte	0x226
 215 0151 04       		.byte	0x4
 216 0152 07       		.uleb128 0x7
 217 0153 63010000 		.4byte	.LASF29
 218 0157 05       		.byte	0x5
 219 0158 C7       		.byte	0xc7
 220 0159 EC000000 		.4byte	0xec
 221 015d 08       		.byte	0x8
 222 015e 07       		.uleb128 0x7
 223 015f 1D050000 		.4byte	.LASF30
 224 0163 05       		.byte	0x5
 225 0164 C8       		.byte	0xc8
 226 0165 56040000 		.4byte	0x456
 227 0169 0C       		.byte	0xc
 228 016a 07       		.uleb128 0x7
 229 016b 1C030000 		.4byte	.LASF31
 230 016f 05       		.byte	0x5
 231 0170 CA       		.byte	0xca
 232 0171 26020000 		.4byte	0x226
 233 0175 10       		.byte	0x10
 234 0176 07       		.uleb128 0x7
 235 0177 F3040000 		.4byte	.LASF32
 236 017b 05       		.byte	0x5
 237 017c CB       		.byte	0xcb
 238 017d 26020000 		.4byte	0x226
 239 0181 14       		.byte	0x14
 240 0182 07       		.uleb128 0x7
 241 0183 32040000 		.4byte	.LASF33
 242 0187 05       		.byte	0x5
 243 0188 D2       		.byte	0xd2
 244 0189 D5050000 		.4byte	0x5d5
 245 018d 18       		.byte	0x18
 246 018e 07       		.uleb128 0x7
 247 018f 05040000 		.4byte	.LASF34
 248 0193 05       		.byte	0x5
 249 0194 DD       		.byte	0xdd
 250 0195 D6000000 		.4byte	0xd6
 251 0199 1C       		.byte	0x1c
 252 019a 07       		.uleb128 0x7
ARM GAS  /var/folders/c6/c789hm653lg9vtl73krp73tm0000gn/T//ccY26m8g.s 			page 6


 253 019b A6030000 		.4byte	.LASF35
 254 019f 05       		.byte	0x5
 255 01a0 E1       		.byte	0xe1
 256 01a1 CB000000 		.4byte	0xcb
 257 01a5 1D       		.byte	0x1d
 258 01a6 07       		.uleb128 0x7
 259 01a7 08050000 		.4byte	.LASF36
 260 01ab 05       		.byte	0x5
 261 01ac E6       		.byte	0xe6
 262 01ad E1000000 		.4byte	0xe1
 263 01b1 1E       		.byte	0x1e
 264 01b2 08       		.uleb128 0x8
 265 01b3 705F7500 		.ascii	"p_u\000"
 266 01b7 05       		.byte	0x5
 267 01b8 3101     		.2byte	0x131
 268 01ba 10050000 		.4byte	0x510
 269 01be 20       		.byte	0x20
 270 01bf 09       		.uleb128 0x9
 271 01c0 13040000 		.4byte	.LASF37
 272 01c4 05       		.byte	0x5
 273 01c5 3601     		.2byte	0x136
 274 01c7 2C020000 		.4byte	0x22c
 275 01cb 24       		.byte	0x24
 276 01cc 09       		.uleb128 0x9
 277 01cd 58010000 		.4byte	.LASF38
 278 01d1 05       		.byte	0x5
 279 01d2 3C01     		.2byte	0x13c
 280 01d4 50020000 		.4byte	0x250
 281 01d8 28       		.byte	0x28
 282 01d9 09       		.uleb128 0x9
 283 01da EF020000 		.4byte	.LASF39
 284 01de 05       		.byte	0x5
 285 01df 4001     		.2byte	0x140
 286 01e1 F7000000 		.4byte	0xf7
 287 01e5 30       		.byte	0x30
 288 01e6 09       		.uleb128 0x9
 289 01e7 CE010000 		.4byte	.LASF40
 290 01eb 05       		.byte	0x5
 291 01ec 4601     		.2byte	0x146
 292 01ee 02010000 		.4byte	0x102
 293 01f2 34       		.byte	0x34
 294 01f3 09       		.uleb128 0x9
 295 01f4 28040000 		.4byte	.LASF41
 296 01f8 05       		.byte	0x5
 297 01f9 4D01     		.2byte	0x14d
 298 01fb CF050000 		.4byte	0x5cf
 299 01ff 38       		.byte	0x38
 300 0200 09       		.uleb128 0x9
 301 0201 B7030000 		.4byte	.LASF42
 302 0205 05       		.byte	0x5
 303 0206 5101     		.2byte	0x151
 304 0208 EC000000 		.4byte	0xec
 305 020c 3C       		.byte	0x3c
 306 020d 09       		.uleb128 0x9
 307 020e 38050000 		.4byte	.LASF43
 308 0212 05       		.byte	0x5
 309 0213 5801     		.2byte	0x158
ARM GAS  /var/folders/c6/c789hm653lg9vtl73krp73tm0000gn/T//ccY26m8g.s 			page 7


 310 0215 03030000 		.4byte	0x303
 311 0219 40       		.byte	0x40
 312 021a 00       		.byte	0
 313 021b 04       		.uleb128 0x4
 314 021c B3040000 		.4byte	.LASF44
 315 0220 04       		.byte	0x4
 316 0221 44       		.byte	0x44
 317 0222 26020000 		.4byte	0x226
 318 0226 0A       		.uleb128 0xa
 319 0227 04       		.byte	0x4
 320 0228 23010000 		.4byte	0x123
 321 022c 04       		.uleb128 0x4
 322 022d 5B050000 		.4byte	.LASF45
 323 0231 04       		.byte	0x4
 324 0232 49       		.byte	0x49
 325 0233 37020000 		.4byte	0x237
 326 0237 06       		.uleb128 0x6
 327 0238 D5020000 		.4byte	.LASF47
 328 023c 04       		.byte	0x4
 329 023d 05       		.byte	0x5
 330 023e B0       		.byte	0xb0
 331 023f 50020000 		.4byte	0x250
 332 0243 07       		.uleb128 0x7
 333 0244 6A010000 		.4byte	.LASF27
 334 0248 05       		.byte	0x5
 335 0249 B1       		.byte	0xb1
 336 024a 26020000 		.4byte	0x226
 337 024e 00       		.byte	0
 338 024f 00       		.byte	0
 339 0250 04       		.uleb128 0x4
 340 0251 8E030000 		.4byte	.LASF48
 341 0255 04       		.byte	0x4
 342 0256 50       		.byte	0x50
 343 0257 5B020000 		.4byte	0x25b
 344 025b 06       		.uleb128 0x6
 345 025c AA010000 		.4byte	.LASF49
 346 0260 08       		.byte	0x8
 347 0261 05       		.byte	0x5
 348 0262 B7       		.byte	0xb7
 349 0263 80020000 		.4byte	0x280
 350 0267 07       		.uleb128 0x7
 351 0268 6A010000 		.4byte	.LASF27
 352 026c 05       		.byte	0x5
 353 026d B8       		.byte	0xb8
 354 026e 26020000 		.4byte	0x226
 355 0272 00       		.byte	0
 356 0273 07       		.uleb128 0x7
 357 0274 5F000000 		.4byte	.LASF28
 358 0278 05       		.byte	0x5
 359 0279 B9       		.byte	0xb9
 360 027a 26020000 		.4byte	0x226
 361 027e 04       		.byte	0x4
 362 027f 00       		.byte	0
 363 0280 04       		.uleb128 0x4
 364 0281 FB040000 		.4byte	.LASF50
 365 0285 04       		.byte	0x4
 366 0286 57       		.byte	0x57
ARM GAS  /var/folders/c6/c789hm653lg9vtl73krp73tm0000gn/T//ccY26m8g.s 			page 8


 367 0287 8B020000 		.4byte	0x28b
 368 028b 0B       		.uleb128 0xb
 369 028c 0F050000 		.4byte	.LASF51
 370 0290 1C       		.byte	0x1c
 371 0291 05       		.byte	0x5
 372 0292 9001     		.2byte	0x190
 373 0294 E7020000 		.4byte	0x2e7
 374 0298 09       		.uleb128 0x9
 375 0299 47000000 		.4byte	.LASF52
 376 029d 05       		.byte	0x5
 377 029e 9101     		.2byte	0x191
 378 02a0 50020000 		.4byte	0x250
 379 02a4 00       		.byte	0
 380 02a5 09       		.uleb128 0x9
 381 02a6 F8030000 		.4byte	.LASF53
 382 02aa 05       		.byte	0x5
 383 02ab 9201     		.2byte	0x192
 384 02ad EC000000 		.4byte	0xec
 385 02b1 08       		.byte	0x8
 386 02b2 09       		.uleb128 0x9
 387 02b3 66000000 		.4byte	.LASF54
 388 02b7 05       		.byte	0x5
 389 02b8 9401     		.2byte	0x194
 390 02ba 56040000 		.4byte	0x456
 391 02be 0C       		.byte	0xc
 392 02bf 09       		.uleb128 0x9
 393 02c0 9E030000 		.4byte	.LASF55
 394 02c4 05       		.byte	0x5
 395 02c5 9701     		.2byte	0x197
 396 02c7 26020000 		.4byte	0x226
 397 02cb 10       		.byte	0x10
 398 02cc 09       		.uleb128 0x9
 399 02cd 11000000 		.4byte	.LASF56
 400 02d1 05       		.byte	0x5
 401 02d2 9801     		.2byte	0x198
 402 02d4 26020000 		.4byte	0x226
 403 02d8 14       		.byte	0x14
 404 02d9 09       		.uleb128 0x9
 405 02da E5020000 		.4byte	.LASF57
 406 02de 05       		.byte	0x5
 407 02df 9B01     		.2byte	0x19b
 408 02e1 26020000 		.4byte	0x226
 409 02e5 18       		.byte	0x18
 410 02e6 00       		.byte	0
 411 02e7 04       		.uleb128 0x4
 412 02e8 EA040000 		.4byte	.LASF58
 413 02ec 04       		.byte	0x4
 414 02ed 5C       		.byte	0x5c
 415 02ee F2020000 		.4byte	0x2f2
 416 02f2 0A       		.uleb128 0xa
 417 02f3 04       		.byte	0x4
 418 02f4 F8020000 		.4byte	0x2f8
 419 02f8 0C       		.uleb128 0xc
 420 02f9 03030000 		.4byte	0x303
 421 02fd 0D       		.uleb128 0xd
 422 02fe 03030000 		.4byte	0x303
 423 0302 00       		.byte	0
ARM GAS  /var/folders/c6/c789hm653lg9vtl73krp73tm0000gn/T//ccY26m8g.s 			page 9


 424 0303 0E       		.uleb128 0xe
 425 0304 04       		.byte	0x4
 426 0305 04       		.uleb128 0x4
 427 0306 9C020000 		.4byte	.LASF59
 428 030a 04       		.byte	0x4
 429 030b 61       		.byte	0x61
 430 030c 10030000 		.4byte	0x310
 431 0310 0B       		.uleb128 0xb
 432 0311 DF030000 		.4byte	.LASF60
 433 0315 14       		.byte	0x14
 434 0316 05       		.byte	0x5
 435 0317 6B01     		.2byte	0x16b
 436 0319 5F030000 		.4byte	0x35f
 437 031d 09       		.uleb128 0x9
 438 031e 70030000 		.4byte	.LASF61
 439 0322 05       		.byte	0x5
 440 0323 6C01     		.2byte	0x16c
 441 0325 E7050000 		.4byte	0x5e7
 442 0329 00       		.byte	0
 443 032a 09       		.uleb128 0x9
 444 032b A1040000 		.4byte	.LASF62
 445 032f 05       		.byte	0x5
 446 0330 6D01     		.2byte	0x16d
 447 0332 E7050000 		.4byte	0x5e7
 448 0336 04       		.byte	0x4
 449 0337 09       		.uleb128 0x9
 450 0338 AE030000 		.4byte	.LASF63
 451 033c 05       		.byte	0x5
 452 033d 6E01     		.2byte	0x16e
 453 033f 18010000 		.4byte	0x118
 454 0343 08       		.byte	0x8
 455 0344 09       		.uleb128 0x9
 456 0345 91010000 		.4byte	.LASF64
 457 0349 05       		.byte	0x5
 458 034a 6F01     		.2byte	0x16f
 459 034c E7020000 		.4byte	0x2e7
 460 0350 0C       		.byte	0xc
 461 0351 09       		.uleb128 0x9
 462 0352 8A010000 		.4byte	.LASF65
 463 0356 05       		.byte	0x5
 464 0357 7101     		.2byte	0x171
 465 0359 03030000 		.4byte	0x303
 466 035d 10       		.byte	0x10
 467 035e 00       		.byte	0
 468 035f 04       		.uleb128 0x4
 469 0360 78030000 		.4byte	.LASF66
 470 0364 04       		.byte	0x4
 471 0365 66       		.byte	0x66
 472 0366 6A030000 		.4byte	0x36a
 473 036a 0B       		.uleb128 0xb
 474 036b 51030000 		.4byte	.LASF67
 475 036f 10       		.byte	0x10
 476 0370 05       		.byte	0x5
 477 0371 7B01     		.2byte	0x17b
 478 0373 AC030000 		.4byte	0x3ac
 479 0377 09       		.uleb128 0x9
 480 0378 70030000 		.4byte	.LASF61
ARM GAS  /var/folders/c6/c789hm653lg9vtl73krp73tm0000gn/T//ccY26m8g.s 			page 10


 481 037c 05       		.byte	0x5
 482 037d 7C01     		.2byte	0x17c
 483 037f E7050000 		.4byte	0x5e7
 484 0383 00       		.byte	0
 485 0384 09       		.uleb128 0x9
 486 0385 A1040000 		.4byte	.LASF62
 487 0389 05       		.byte	0x5
 488 038a 7E01     		.2byte	0x17e
 489 038c E7050000 		.4byte	0x5e7
 490 0390 04       		.byte	0x4
 491 0391 09       		.uleb128 0x9
 492 0392 AE030000 		.4byte	.LASF63
 493 0396 05       		.byte	0x5
 494 0397 8001     		.2byte	0x180
 495 0399 18010000 		.4byte	0x118
 496 039d 08       		.byte	0x8
 497 039e 09       		.uleb128 0x9
 498 039f 06020000 		.4byte	.LASF68
 499 03a3 05       		.byte	0x5
 500 03a4 8801     		.2byte	0x188
 501 03a6 18010000 		.4byte	0x118
 502 03aa 0C       		.byte	0xc
 503 03ab 00       		.byte	0
 504 03ac 04       		.uleb128 0x4
 505 03ad AC020000 		.4byte	.LASF69
 506 03b1 04       		.byte	0x4
 507 03b2 6B       		.byte	0x6b
 508 03b3 B7030000 		.4byte	0x3b7
 509 03b7 0B       		.uleb128 0xb
 510 03b8 19000000 		.4byte	.LASF70
 511 03bc 04       		.byte	0x4
 512 03bd 05       		.byte	0x5
 513 03be A201     		.2byte	0x1a2
 514 03c0 D2030000 		.4byte	0x3d2
 515 03c4 09       		.uleb128 0x9
 516 03c5 5A040000 		.4byte	.LASF71
 517 03c9 05       		.byte	0x5
 518 03ca AA01     		.2byte	0x1aa
 519 03cc ED050000 		.4byte	0x5ed
 520 03d0 00       		.byte	0
 521 03d1 00       		.byte	0
 522 03d2 04       		.uleb128 0x4
 523 03d3 D9010000 		.4byte	.LASF72
 524 03d7 04       		.byte	0x4
 525 03d8 70       		.byte	0x70
 526 03d9 DD030000 		.4byte	0x3dd
 527 03dd 0F       		.uleb128 0xf
 528 03de 8B020000 		.4byte	.LASF73
 529 03e2 5001     		.2byte	0x150
 530 03e4 05       		.byte	0x5
 531 03e5 C201     		.2byte	0x1c2
 532 03e7 39040000 		.4byte	0x439
 533 03eb 09       		.uleb128 0x9
 534 03ec CC030000 		.4byte	.LASF74
 535 03f0 05       		.byte	0x5
 536 03f1 C601     		.2byte	0x1c6
 537 03f3 80020000 		.4byte	0x280
ARM GAS  /var/folders/c6/c789hm653lg9vtl73krp73tm0000gn/T//ccY26m8g.s 			page 11


 538 03f7 00       		.byte	0
 539 03f8 09       		.uleb128 0x9
 540 03f9 47050000 		.4byte	.LASF75
 541 03fd 05       		.byte	0x5
 542 03fe CA01     		.2byte	0x1ca
 543 0400 5F030000 		.4byte	0x35f
 544 0404 1C       		.byte	0x1c
 545 0405 08       		.uleb128 0x8
 546 0406 64626700 		.ascii	"dbg\000"
 547 040a 05       		.byte	0x5
 548 040b CE01     		.2byte	0x1ce
 549 040d AC030000 		.4byte	0x3ac
 550 0411 2C       		.byte	0x2c
 551 0412 09       		.uleb128 0x9
 552 0413 32000000 		.4byte	.LASF76
 553 0417 05       		.byte	0x5
 554 0418 D201     		.2byte	0x1d2
 555 041a 23010000 		.4byte	0x123
 556 041e 30       		.byte	0x30
 557 041f 08       		.uleb128 0x8
 558 0420 746D00   		.ascii	"tm\000"
 559 0423 05       		.byte	0x5
 560 0424 D701     		.2byte	0x1d7
 561 0426 05050000 		.4byte	0x505
 562 042a 74       		.byte	0x74
 563 042b 09       		.uleb128 0x9
 564 042c 39040000 		.4byte	.LASF77
 565 0430 05       		.byte	0x5
 566 0431 E301     		.2byte	0x1e3
 567 0433 F2050000 		.4byte	0x5f2
 568 0437 78       		.byte	0x78
 569 0438 00       		.byte	0
 570 0439 03       		.uleb128 0x3
 571 043a 04       		.byte	0x4
 572 043b 07       		.byte	0x7
 573 043c 56000000 		.4byte	.LASF78
 574 0440 04       		.uleb128 0x4
 575 0441 99010000 		.4byte	.LASF79
 576 0445 06       		.byte	0x6
 577 0446 65       		.byte	0x65
 578 0447 03030000 		.4byte	0x303
 579 044b 04       		.uleb128 0x4
 580 044c D6040000 		.4byte	.LASF80
 581 0450 06       		.byte	0x6
 582 0451 6D       		.byte	0x6d
 583 0452 B0000000 		.4byte	0xb0
 584 0456 06       		.uleb128 0x6
 585 0457 CD020000 		.4byte	.LASF81
 586 045b 04       		.byte	0x4
 587 045c 06       		.byte	0x6
 588 045d 89       		.byte	0x89
 589 045e 6F040000 		.4byte	0x46f
 590 0462 10       		.uleb128 0x10
 591 0463 72313300 		.ascii	"r13\000"
 592 0467 06       		.byte	0x6
 593 0468 8A       		.byte	0x8a
 594 0469 EA040000 		.4byte	0x4ea
ARM GAS  /var/folders/c6/c789hm653lg9vtl73krp73tm0000gn/T//ccY26m8g.s 			page 12


 595 046d 00       		.byte	0
 596 046e 00       		.byte	0
 597 046f 06       		.uleb128 0x6
 598 0470 95040000 		.4byte	.LASF82
 599 0474 24       		.byte	0x24
 600 0475 07       		.byte	0x7
 601 0476 F4       		.byte	0xf4
 602 0477 EA040000 		.4byte	0x4ea
 603 047b 08       		.uleb128 0x8
 604 047c 723400   		.ascii	"r4\000"
 605 047f 07       		.byte	0x7
 606 0480 0701     		.2byte	0x107
 607 0482 40040000 		.4byte	0x440
 608 0486 00       		.byte	0
 609 0487 08       		.uleb128 0x8
 610 0488 723500   		.ascii	"r5\000"
 611 048b 07       		.byte	0x7
 612 048c 0801     		.2byte	0x108
 613 048e 40040000 		.4byte	0x440
 614 0492 04       		.byte	0x4
 615 0493 08       		.uleb128 0x8
 616 0494 723600   		.ascii	"r6\000"
 617 0497 07       		.byte	0x7
 618 0498 0901     		.2byte	0x109
 619 049a 40040000 		.4byte	0x440
 620 049e 08       		.byte	0x8
 621 049f 08       		.uleb128 0x8
 622 04a0 723700   		.ascii	"r7\000"
 623 04a3 07       		.byte	0x7
 624 04a4 0A01     		.2byte	0x10a
 625 04a6 40040000 		.4byte	0x440
 626 04aa 0C       		.byte	0xc
 627 04ab 08       		.uleb128 0x8
 628 04ac 723800   		.ascii	"r8\000"
 629 04af 07       		.byte	0x7
 630 04b0 0B01     		.2byte	0x10b
 631 04b2 40040000 		.4byte	0x440
 632 04b6 10       		.byte	0x10
 633 04b7 08       		.uleb128 0x8
 634 04b8 723900   		.ascii	"r9\000"
 635 04bb 07       		.byte	0x7
 636 04bc 0C01     		.2byte	0x10c
 637 04be 40040000 		.4byte	0x440
 638 04c2 14       		.byte	0x14
 639 04c3 08       		.uleb128 0x8
 640 04c4 72313000 		.ascii	"r10\000"
 641 04c8 07       		.byte	0x7
 642 04c9 0D01     		.2byte	0x10d
 643 04cb 40040000 		.4byte	0x440
 644 04cf 18       		.byte	0x18
 645 04d0 08       		.uleb128 0x8
 646 04d1 72313100 		.ascii	"r11\000"
 647 04d5 07       		.byte	0x7
 648 04d6 0E01     		.2byte	0x10e
 649 04d8 40040000 		.4byte	0x440
 650 04dc 1C       		.byte	0x1c
 651 04dd 08       		.uleb128 0x8
ARM GAS  /var/folders/c6/c789hm653lg9vtl73krp73tm0000gn/T//ccY26m8g.s 			page 13


 652 04de 6C7200   		.ascii	"lr\000"
 653 04e1 07       		.byte	0x7
 654 04e2 0F01     		.2byte	0x10f
 655 04e4 40040000 		.4byte	0x440
 656 04e8 20       		.byte	0x20
 657 04e9 00       		.byte	0
 658 04ea 0A       		.uleb128 0xa
 659 04eb 04       		.byte	0x4
 660 04ec 6F040000 		.4byte	0x46f
 661 04f0 11       		.uleb128 0x11
 662 04f1 04       		.byte	0x4
 663 04f2 08       		.byte	0x8
 664 04f3 38       		.byte	0x38
 665 04f4 05050000 		.4byte	0x505
 666 04f8 07       		.uleb128 0x7
 667 04f9 95020000 		.4byte	.LASF83
 668 04fd 08       		.byte	0x8
 669 04fe 3C       		.byte	0x3c
 670 04ff C0000000 		.4byte	0xc0
 671 0503 00       		.byte	0
 672 0504 00       		.byte	0
 673 0505 04       		.uleb128 0x4
 674 0506 79010000 		.4byte	.LASF84
 675 050a 08       		.byte	0x8
 676 050b 3D       		.byte	0x3d
 677 050c F0040000 		.4byte	0x4f0
 678 0510 12       		.uleb128 0x12
 679 0511 04       		.byte	0x4
 680 0512 05       		.byte	0x5
 681 0513 FA       		.byte	0xfa
 682 0514 6D050000 		.4byte	0x56d
 683 0518 13       		.uleb128 0x13
 684 0519 40050000 		.4byte	.LASF85
 685 051d 05       		.byte	0x5
 686 051e 0101     		.2byte	0x101
 687 0520 F7000000 		.4byte	0xf7
 688 0524 13       		.uleb128 0x13
 689 0525 E1040000 		.4byte	.LASF86
 690 0529 05       		.byte	0x5
 691 052a 0801     		.2byte	0x108
 692 052c F7000000 		.4byte	0xf7
 693 0530 13       		.uleb128 0x13
 694 0531 C6040000 		.4byte	.LASF87
 695 0535 05       		.byte	0x5
 696 0536 0F01     		.2byte	0x10f
 697 0538 03030000 		.4byte	0x303
 698 053c 13       		.uleb128 0x13
 699 053d 82040000 		.4byte	.LASF88
 700 0541 05       		.byte	0x5
 701 0542 1601     		.2byte	0x116
 702 0544 6D050000 		.4byte	0x56d
 703 0548 13       		.uleb128 0x13
 704 0549 73020000 		.4byte	.LASF89
 705 054d 05       		.byte	0x5
 706 054e 1E01     		.2byte	0x11e
 707 0550 98050000 		.4byte	0x598
 708 0554 13       		.uleb128 0x13
ARM GAS  /var/folders/c6/c789hm653lg9vtl73krp73tm0000gn/T//ccY26m8g.s 			page 14


 709 0555 54050000 		.4byte	.LASF90
 710 0559 05       		.byte	0x5
 711 055a 2701     		.2byte	0x127
 712 055c CF050000 		.4byte	0x5cf
 713 0560 13       		.uleb128 0x13
 714 0561 09030000 		.4byte	.LASF91
 715 0565 05       		.byte	0x5
 716 0566 2F01     		.2byte	0x12f
 717 0568 02010000 		.4byte	0x102
 718 056c 00       		.byte	0
 719 056d 0A       		.uleb128 0xa
 720 056e 04       		.byte	0x4
 721 056f 1B020000 		.4byte	0x21b
 722 0573 06       		.uleb128 0x6
 723 0574 88040000 		.4byte	.LASF92
 724 0578 0C       		.byte	0xc
 725 0579 09       		.byte	0x9
 726 057a 34       		.byte	0x34
 727 057b 98050000 		.4byte	0x598
 728 057f 07       		.uleb128 0x7
 729 0580 D7030000 		.4byte	.LASF93
 730 0584 09       		.byte	0x9
 731 0585 35       		.byte	0x35
 732 0586 50020000 		.4byte	0x250
 733 058a 00       		.byte	0
 734 058b 07       		.uleb128 0x7
 735 058c F5020000 		.4byte	.LASF94
 736 0590 09       		.byte	0x9
 737 0591 37       		.byte	0x37
 738 0592 0D010000 		.4byte	0x10d
 739 0596 08       		.byte	0x8
 740 0597 00       		.byte	0
 741 0598 0A       		.uleb128 0xa
 742 0599 04       		.byte	0x4
 743 059a 73050000 		.4byte	0x573
 744 059e 06       		.uleb128 0x6
 745 059f 3B030000 		.4byte	.LASF95
 746 05a3 10       		.byte	0x10
 747 05a4 0A       		.byte	0xa
 748 05a5 39       		.byte	0x39
 749 05a6 CF050000 		.4byte	0x5cf
 750 05aa 07       		.uleb128 0x7
 751 05ab BB020000 		.4byte	.LASF96
 752 05af 0A       		.byte	0xa
 753 05b0 3A       		.byte	0x3a
 754 05b1 50020000 		.4byte	0x250
 755 05b5 00       		.byte	0
 756 05b6 07       		.uleb128 0x7
 757 05b7 30050000 		.4byte	.LASF97
 758 05bb 0A       		.byte	0xa
 759 05bc 3C       		.byte	0x3c
 760 05bd 26020000 		.4byte	0x226
 761 05c1 08       		.byte	0x8
 762 05c2 07       		.uleb128 0x7
 763 05c3 4F000000 		.4byte	.LASF98
 764 05c7 0A       		.byte	0xa
 765 05c8 3E       		.byte	0x3e
ARM GAS  /var/folders/c6/c789hm653lg9vtl73krp73tm0000gn/T//ccY26m8g.s 			page 15


 766 05c9 0D060000 		.4byte	0x60d
 767 05cd 0C       		.byte	0xc
 768 05ce 00       		.byte	0
 769 05cf 0A       		.uleb128 0xa
 770 05d0 04       		.byte	0x4
 771 05d1 9E050000 		.4byte	0x59e
 772 05d5 0A       		.uleb128 0xa
 773 05d6 04       		.byte	0x4
 774 05d7 DB050000 		.4byte	0x5db
 775 05db 14       		.uleb128 0x14
 776 05dc E0050000 		.4byte	0x5e0
 777 05e0 03       		.uleb128 0x3
 778 05e1 01       		.byte	0x1
 779 05e2 08       		.byte	0x8
 780 05e3 D2030000 		.4byte	.LASF99
 781 05e7 0A       		.uleb128 0xa
 782 05e8 04       		.byte	0x4
 783 05e9 05030000 		.4byte	0x305
 784 05ed 05       		.uleb128 0x5
 785 05ee D5050000 		.4byte	0x5d5
 786 05f2 15       		.uleb128 0x15
 787 05f3 4B040000 		.4byte	0x44b
 788 05f7 02060000 		.4byte	0x602
 789 05fb 16       		.uleb128 0x16
 790 05fc 39040000 		.4byte	0x439
 791 0600 1A       		.byte	0x1a
 792 0601 00       		.byte	0
 793 0602 04       		.uleb128 0x4
 794 0603 68030000 		.4byte	.LASF100
 795 0607 0A       		.byte	0xa
 796 0608 34       		.byte	0x34
 797 0609 9E050000 		.4byte	0x59e
 798 060d 0A       		.uleb128 0xa
 799 060e 04       		.byte	0x4
 800 060f 02060000 		.4byte	0x602
 801 0613 03       		.uleb128 0x3
 802 0614 01       		.byte	0x1
 803 0615 02       		.byte	0x2
 804 0616 0D040000 		.4byte	.LASF101
 805 061a 17       		.uleb128 0x17
 806 061b 23050000 		.4byte	.LASF102
 807 061f 0B       		.byte	0xb
 808 0620 A706     		.2byte	0x6a7
 809 0622 BB000000 		.4byte	0xbb
 810 0626 18       		.uleb128 0x18
 811 0627 636800   		.ascii	"ch\000"
 812 062a 05       		.byte	0x5
 813 062b 0902     		.2byte	0x209
 814 062d D2030000 		.4byte	0x3d2
 815 0631 00       		.byte	0
 816              		.section	.debug_abbrev,"",%progbits
 817              	.Ldebug_abbrev0:
 818 0000 01       		.uleb128 0x1
 819 0001 11       		.uleb128 0x11
 820 0002 01       		.byte	0x1
 821 0003 25       		.uleb128 0x25
 822 0004 0E       		.uleb128 0xe
ARM GAS  /var/folders/c6/c789hm653lg9vtl73krp73tm0000gn/T//ccY26m8g.s 			page 16


 823 0005 13       		.uleb128 0x13
 824 0006 0B       		.uleb128 0xb
 825 0007 03       		.uleb128 0x3
 826 0008 0E       		.uleb128 0xe
 827 0009 1B       		.uleb128 0x1b
 828 000a 0E       		.uleb128 0xe
 829 000b 10       		.uleb128 0x10
 830 000c 17       		.uleb128 0x17
 831 000d 00       		.byte	0
 832 000e 00       		.byte	0
 833 000f 02       		.uleb128 0x2
 834 0010 24       		.uleb128 0x24
 835 0011 00       		.byte	0
 836 0012 0B       		.uleb128 0xb
 837 0013 0B       		.uleb128 0xb
 838 0014 3E       		.uleb128 0x3e
 839 0015 0B       		.uleb128 0xb
 840 0016 03       		.uleb128 0x3
 841 0017 08       		.uleb128 0x8
 842 0018 00       		.byte	0
 843 0019 00       		.byte	0
 844 001a 03       		.uleb128 0x3
 845 001b 24       		.uleb128 0x24
 846 001c 00       		.byte	0
 847 001d 0B       		.uleb128 0xb
 848 001e 0B       		.uleb128 0xb
 849 001f 3E       		.uleb128 0x3e
 850 0020 0B       		.uleb128 0xb
 851 0021 03       		.uleb128 0x3
 852 0022 0E       		.uleb128 0xe
 853 0023 00       		.byte	0
 854 0024 00       		.byte	0
 855 0025 04       		.uleb128 0x4
 856 0026 16       		.uleb128 0x16
 857 0027 00       		.byte	0
 858 0028 03       		.uleb128 0x3
 859 0029 0E       		.uleb128 0xe
 860 002a 3A       		.uleb128 0x3a
 861 002b 0B       		.uleb128 0xb
 862 002c 3B       		.uleb128 0x3b
 863 002d 0B       		.uleb128 0xb
 864 002e 49       		.uleb128 0x49
 865 002f 13       		.uleb128 0x13
 866 0030 00       		.byte	0
 867 0031 00       		.byte	0
 868 0032 05       		.uleb128 0x5
 869 0033 35       		.uleb128 0x35
 870 0034 00       		.byte	0
 871 0035 49       		.uleb128 0x49
 872 0036 13       		.uleb128 0x13
 873 0037 00       		.byte	0
 874 0038 00       		.byte	0
 875 0039 06       		.uleb128 0x6
 876 003a 13       		.uleb128 0x13
 877 003b 01       		.byte	0x1
 878 003c 03       		.uleb128 0x3
 879 003d 0E       		.uleb128 0xe
ARM GAS  /var/folders/c6/c789hm653lg9vtl73krp73tm0000gn/T//ccY26m8g.s 			page 17


 880 003e 0B       		.uleb128 0xb
 881 003f 0B       		.uleb128 0xb
 882 0040 3A       		.uleb128 0x3a
 883 0041 0B       		.uleb128 0xb
 884 0042 3B       		.uleb128 0x3b
 885 0043 0B       		.uleb128 0xb
 886 0044 01       		.uleb128 0x1
 887 0045 13       		.uleb128 0x13
 888 0046 00       		.byte	0
 889 0047 00       		.byte	0
 890 0048 07       		.uleb128 0x7
 891 0049 0D       		.uleb128 0xd
 892 004a 00       		.byte	0
 893 004b 03       		.uleb128 0x3
 894 004c 0E       		.uleb128 0xe
 895 004d 3A       		.uleb128 0x3a
 896 004e 0B       		.uleb128 0xb
 897 004f 3B       		.uleb128 0x3b
 898 0050 0B       		.uleb128 0xb
 899 0051 49       		.uleb128 0x49
 900 0052 13       		.uleb128 0x13
 901 0053 38       		.uleb128 0x38
 902 0054 0B       		.uleb128 0xb
 903 0055 00       		.byte	0
 904 0056 00       		.byte	0
 905 0057 08       		.uleb128 0x8
 906 0058 0D       		.uleb128 0xd
 907 0059 00       		.byte	0
 908 005a 03       		.uleb128 0x3
 909 005b 08       		.uleb128 0x8
 910 005c 3A       		.uleb128 0x3a
 911 005d 0B       		.uleb128 0xb
 912 005e 3B       		.uleb128 0x3b
 913 005f 05       		.uleb128 0x5
 914 0060 49       		.uleb128 0x49
 915 0061 13       		.uleb128 0x13
 916 0062 38       		.uleb128 0x38
 917 0063 0B       		.uleb128 0xb
 918 0064 00       		.byte	0
 919 0065 00       		.byte	0
 920 0066 09       		.uleb128 0x9
 921 0067 0D       		.uleb128 0xd
 922 0068 00       		.byte	0
 923 0069 03       		.uleb128 0x3
 924 006a 0E       		.uleb128 0xe
 925 006b 3A       		.uleb128 0x3a
 926 006c 0B       		.uleb128 0xb
 927 006d 3B       		.uleb128 0x3b
 928 006e 05       		.uleb128 0x5
 929 006f 49       		.uleb128 0x49
 930 0070 13       		.uleb128 0x13
 931 0071 38       		.uleb128 0x38
 932 0072 0B       		.uleb128 0xb
 933 0073 00       		.byte	0
 934 0074 00       		.byte	0
 935 0075 0A       		.uleb128 0xa
 936 0076 0F       		.uleb128 0xf
ARM GAS  /var/folders/c6/c789hm653lg9vtl73krp73tm0000gn/T//ccY26m8g.s 			page 18


 937 0077 00       		.byte	0
 938 0078 0B       		.uleb128 0xb
 939 0079 0B       		.uleb128 0xb
 940 007a 49       		.uleb128 0x49
 941 007b 13       		.uleb128 0x13
 942 007c 00       		.byte	0
 943 007d 00       		.byte	0
 944 007e 0B       		.uleb128 0xb
 945 007f 13       		.uleb128 0x13
 946 0080 01       		.byte	0x1
 947 0081 03       		.uleb128 0x3
 948 0082 0E       		.uleb128 0xe
 949 0083 0B       		.uleb128 0xb
 950 0084 0B       		.uleb128 0xb
 951 0085 3A       		.uleb128 0x3a
 952 0086 0B       		.uleb128 0xb
 953 0087 3B       		.uleb128 0x3b
 954 0088 05       		.uleb128 0x5
 955 0089 01       		.uleb128 0x1
 956 008a 13       		.uleb128 0x13
 957 008b 00       		.byte	0
 958 008c 00       		.byte	0
 959 008d 0C       		.uleb128 0xc
 960 008e 15       		.uleb128 0x15
 961 008f 01       		.byte	0x1
 962 0090 27       		.uleb128 0x27
 963 0091 19       		.uleb128 0x19
 964 0092 01       		.uleb128 0x1
 965 0093 13       		.uleb128 0x13
 966 0094 00       		.byte	0
 967 0095 00       		.byte	0
 968 0096 0D       		.uleb128 0xd
 969 0097 05       		.uleb128 0x5
 970 0098 00       		.byte	0
 971 0099 49       		.uleb128 0x49
 972 009a 13       		.uleb128 0x13
 973 009b 00       		.byte	0
 974 009c 00       		.byte	0
 975 009d 0E       		.uleb128 0xe
 976 009e 0F       		.uleb128 0xf
 977 009f 00       		.byte	0
 978 00a0 0B       		.uleb128 0xb
 979 00a1 0B       		.uleb128 0xb
 980 00a2 00       		.byte	0
 981 00a3 00       		.byte	0
 982 00a4 0F       		.uleb128 0xf
 983 00a5 13       		.uleb128 0x13
 984 00a6 01       		.byte	0x1
 985 00a7 03       		.uleb128 0x3
 986 00a8 0E       		.uleb128 0xe
 987 00a9 0B       		.uleb128 0xb
 988 00aa 05       		.uleb128 0x5
 989 00ab 3A       		.uleb128 0x3a
 990 00ac 0B       		.uleb128 0xb
 991 00ad 3B       		.uleb128 0x3b
 992 00ae 05       		.uleb128 0x5
 993 00af 01       		.uleb128 0x1
ARM GAS  /var/folders/c6/c789hm653lg9vtl73krp73tm0000gn/T//ccY26m8g.s 			page 19


 994 00b0 13       		.uleb128 0x13
 995 00b1 00       		.byte	0
 996 00b2 00       		.byte	0
 997 00b3 10       		.uleb128 0x10
 998 00b4 0D       		.uleb128 0xd
 999 00b5 00       		.byte	0
 1000 00b6 03       		.uleb128 0x3
 1001 00b7 08       		.uleb128 0x8
 1002 00b8 3A       		.uleb128 0x3a
 1003 00b9 0B       		.uleb128 0xb
 1004 00ba 3B       		.uleb128 0x3b
 1005 00bb 0B       		.uleb128 0xb
 1006 00bc 49       		.uleb128 0x49
 1007 00bd 13       		.uleb128 0x13
 1008 00be 38       		.uleb128 0x38
 1009 00bf 0B       		.uleb128 0xb
 1010 00c0 00       		.byte	0
 1011 00c1 00       		.byte	0
 1012 00c2 11       		.uleb128 0x11
 1013 00c3 13       		.uleb128 0x13
 1014 00c4 01       		.byte	0x1
 1015 00c5 0B       		.uleb128 0xb
 1016 00c6 0B       		.uleb128 0xb
 1017 00c7 3A       		.uleb128 0x3a
 1018 00c8 0B       		.uleb128 0xb
 1019 00c9 3B       		.uleb128 0x3b
 1020 00ca 0B       		.uleb128 0xb
 1021 00cb 01       		.uleb128 0x1
 1022 00cc 13       		.uleb128 0x13
 1023 00cd 00       		.byte	0
 1024 00ce 00       		.byte	0
 1025 00cf 12       		.uleb128 0x12
 1026 00d0 17       		.uleb128 0x17
 1027 00d1 01       		.byte	0x1
 1028 00d2 0B       		.uleb128 0xb
 1029 00d3 0B       		.uleb128 0xb
 1030 00d4 3A       		.uleb128 0x3a
 1031 00d5 0B       		.uleb128 0xb
 1032 00d6 3B       		.uleb128 0x3b
 1033 00d7 0B       		.uleb128 0xb
 1034 00d8 01       		.uleb128 0x1
 1035 00d9 13       		.uleb128 0x13
 1036 00da 00       		.byte	0
 1037 00db 00       		.byte	0
 1038 00dc 13       		.uleb128 0x13
 1039 00dd 0D       		.uleb128 0xd
 1040 00de 00       		.byte	0
 1041 00df 03       		.uleb128 0x3
 1042 00e0 0E       		.uleb128 0xe
 1043 00e1 3A       		.uleb128 0x3a
 1044 00e2 0B       		.uleb128 0xb
 1045 00e3 3B       		.uleb128 0x3b
 1046 00e4 05       		.uleb128 0x5
 1047 00e5 49       		.uleb128 0x49
 1048 00e6 13       		.uleb128 0x13
 1049 00e7 00       		.byte	0
 1050 00e8 00       		.byte	0
ARM GAS  /var/folders/c6/c789hm653lg9vtl73krp73tm0000gn/T//ccY26m8g.s 			page 20


 1051 00e9 14       		.uleb128 0x14
 1052 00ea 26       		.uleb128 0x26
 1053 00eb 00       		.byte	0
 1054 00ec 49       		.uleb128 0x49
 1055 00ed 13       		.uleb128 0x13
 1056 00ee 00       		.byte	0
 1057 00ef 00       		.byte	0
 1058 00f0 15       		.uleb128 0x15
 1059 00f1 01       		.uleb128 0x1
 1060 00f2 01       		.byte	0x1
 1061 00f3 49       		.uleb128 0x49
 1062 00f4 13       		.uleb128 0x13
 1063 00f5 01       		.uleb128 0x1
 1064 00f6 13       		.uleb128 0x13
 1065 00f7 00       		.byte	0
 1066 00f8 00       		.byte	0
 1067 00f9 16       		.uleb128 0x16
 1068 00fa 21       		.uleb128 0x21
 1069 00fb 00       		.byte	0
 1070 00fc 49       		.uleb128 0x49
 1071 00fd 13       		.uleb128 0x13
 1072 00fe 2F       		.uleb128 0x2f
 1073 00ff 0B       		.uleb128 0xb
 1074 0100 00       		.byte	0
 1075 0101 00       		.byte	0
 1076 0102 17       		.uleb128 0x17
 1077 0103 34       		.uleb128 0x34
 1078 0104 00       		.byte	0
 1079 0105 03       		.uleb128 0x3
 1080 0106 0E       		.uleb128 0xe
 1081 0107 3A       		.uleb128 0x3a
 1082 0108 0B       		.uleb128 0xb
 1083 0109 3B       		.uleb128 0x3b
 1084 010a 05       		.uleb128 0x5
 1085 010b 49       		.uleb128 0x49
 1086 010c 13       		.uleb128 0x13
 1087 010d 3F       		.uleb128 0x3f
 1088 010e 19       		.uleb128 0x19
 1089 010f 3C       		.uleb128 0x3c
 1090 0110 19       		.uleb128 0x19
 1091 0111 00       		.byte	0
 1092 0112 00       		.byte	0
 1093 0113 18       		.uleb128 0x18
 1094 0114 34       		.uleb128 0x34
 1095 0115 00       		.byte	0
 1096 0116 03       		.uleb128 0x3
 1097 0117 08       		.uleb128 0x8
 1098 0118 3A       		.uleb128 0x3a
 1099 0119 0B       		.uleb128 0xb
 1100 011a 3B       		.uleb128 0x3b
 1101 011b 05       		.uleb128 0x5
 1102 011c 49       		.uleb128 0x49
 1103 011d 13       		.uleb128 0x13
 1104 011e 3F       		.uleb128 0x3f
 1105 011f 19       		.uleb128 0x19
 1106 0120 3C       		.uleb128 0x3c
 1107 0121 19       		.uleb128 0x19
ARM GAS  /var/folders/c6/c789hm653lg9vtl73krp73tm0000gn/T//ccY26m8g.s 			page 21


 1108 0122 00       		.byte	0
 1109 0123 00       		.byte	0
 1110 0124 00       		.byte	0
 1111              		.section	.debug_aranges,"",%progbits
 1112 0000 14000000 		.4byte	0x14
 1113 0004 0200     		.2byte	0x2
 1114 0006 00000000 		.4byte	.Ldebug_info0
 1115 000a 04       		.byte	0x4
 1116 000b 00       		.byte	0
 1117 000c 0000     		.2byte	0
 1118 000e 0000     		.2byte	0
 1119 0010 00000000 		.4byte	0
 1120 0014 00000000 		.4byte	0
 1121              		.section	.debug_line,"",%progbits
 1122              	.Ldebug_line0:
 1123 0000 B5010000 		.section	.debug_str,"MS",%progbits,1
 1123      0200AF01 
 1123      00000201 
 1123      FB0E0D00 
 1123      01010101 
 1124              	.LASF26:
 1125 0000 74687265 		.ascii	"thread_t\000"
 1125      61645F74 
 1125      00
 1126              	.LASF20:
 1127 0009 74726566 		.ascii	"trefs_t\000"
 1127      735F7400 
 1128              	.LASF56:
 1129 0011 725F6F6C 		.ascii	"r_older\000"
 1129      64657200 
 1130              	.LASF70:
 1131 0019 63685F73 		.ascii	"ch_system_debug\000"
 1131      79737465 
 1131      6D5F6465 
 1131      62756700 
 1132              	.LASF16:
 1133 0029 75696E74 		.ascii	"uint64_t\000"
 1133      36345F74 
 1133      00
 1134              	.LASF76:
 1135 0032 6D61696E 		.ascii	"mainthread\000"
 1135      74687265 
 1135      616400
 1136              	.LASF3:
 1137 003d 73686F72 		.ascii	"short int\000"
 1137      7420696E 
 1137      7400
 1138              	.LASF52:
 1139 0047 725F7175 		.ascii	"r_queue\000"
 1139      65756500 
 1140              	.LASF98:
 1141 004f 6D5F6E65 		.ascii	"m_next\000"
 1141      787400
 1142              	.LASF78:
 1143 0056 73697A65 		.ascii	"sizetype\000"
 1143      74797065 
 1143      00
ARM GAS  /var/folders/c6/c789hm653lg9vtl73krp73tm0000gn/T//ccY26m8g.s 			page 22


 1144              	.LASF28:
 1145 005f 705F7072 		.ascii	"p_prev\000"
 1145      657600
 1146              	.LASF54:
 1147 0066 725F6374 		.ascii	"r_ctx\000"
 1147      7800
 1148              	.LASF103:
 1149 006c 474E5520 		.ascii	"GNU C 4.8.4 20140725 (release) [ARM/embedded-4_8-br"
 1149      4320342E 
 1149      382E3420 
 1149      32303134 
 1149      30373235 
 1150 009f 616E6368 		.ascii	"anch revision 213147] -mcpu=cortex-m4 -mno-thumb-in"
 1150      20726576 
 1150      6973696F 
 1150      6E203231 
 1150      33313437 
 1151 00d2 74657277 		.ascii	"terwork -mthumb -ggdb -O2 -fomit-frame-pointer -fal"
 1151      6F726B20 
 1151      2D6D7468 
 1151      756D6220 
 1151      2D676764 
 1152 0105 69676E2D 		.ascii	"ign-functions=16 -ffunction-sections -fdata-section"
 1152      66756E63 
 1152      74696F6E 
 1152      733D3136 
 1152      202D6666 
 1153 0138 73202D66 		.ascii	"s -fno-common -flto\000"
 1153      6E6F2D63 
 1153      6F6D6D6F 
 1153      6E202D66 
 1153      6C746F00 
 1154              	.LASF23:
 1155 014c 6576656E 		.ascii	"eventmask_t\000"
 1155      746D6173 
 1155      6B5F7400 
 1156              	.LASF38:
 1157 0158 705F6D73 		.ascii	"p_msgqueue\000"
 1157      67717565 
 1157      756500
 1158              	.LASF29:
 1159 0163 705F7072 		.ascii	"p_prio\000"
 1159      696F00
 1160              	.LASF27:
 1161 016a 705F6E65 		.ascii	"p_next\000"
 1161      787400
 1162              	.LASF17:
 1163 0171 7274636E 		.ascii	"rtcnt_t\000"
 1163      745F7400 
 1164              	.LASF84:
 1165 0179 746D5F63 		.ascii	"tm_calibration_t\000"
 1165      616C6962 
 1165      72617469 
 1165      6F6E5F74 
 1165      00
 1166              	.LASF65:
 1167 018a 76745F70 		.ascii	"vt_par\000"
ARM GAS  /var/folders/c6/c789hm653lg9vtl73krp73tm0000gn/T//ccY26m8g.s 			page 23


 1167      617200
 1168              	.LASF64:
 1169 0191 76745F66 		.ascii	"vt_func\000"
 1169      756E6300 
 1170              	.LASF79:
 1171 0199 72656761 		.ascii	"regarm_t\000"
 1171      726D5F74 
 1171      00
 1172              	.LASF13:
 1173 01a2 75696E74 		.ascii	"uint8_t\000"
 1173      385F7400 
 1174              	.LASF49:
 1175 01aa 63685F74 		.ascii	"ch_threads_queue\000"
 1175      68726561 
 1175      64735F71 
 1175      75657565 
 1175      00
 1176              	.LASF15:
 1177 01bb 75696E74 		.ascii	"uint32_t\000"
 1177      33325F74 
 1177      00
 1178              	.LASF46:
 1179 01c4 63685F74 		.ascii	"ch_thread\000"
 1179      68726561 
 1179      6400
 1180              	.LASF40:
 1181 01ce 705F6570 		.ascii	"p_epending\000"
 1181      656E6469 
 1181      6E6700
 1182              	.LASF72:
 1183 01d9 63685F73 		.ascii	"ch_system_t\000"
 1183      79737465 
 1183      6D5F7400 
 1184              	.LASF104:
 1185 01e5 2E2E2F2E 		.ascii	"../../../os/hal/src/hal_queues.c\000"
 1185      2E2F2E2E 
 1185      2F6F732F 
 1185      68616C2F 
 1185      7372632F 
 1186              	.LASF68:
 1187 0206 76745F6C 		.ascii	"vt_lasttime\000"
 1187      61737474 
 1187      696D6500 
 1188              	.LASF105:
 1189 0212 2F557365 		.ascii	"/Users/savonetj/Downloads/ChibiOS_3.0.2/demos/STM32"
 1189      72732F73 
 1189      61766F6E 
 1189      65746A2F 
 1189      446F776E 
 1190 0245 2F52542D 		.ascii	"/RT-STM32F407-DISCOVERY\000"
 1190      53544D33 
 1190      32463430 
 1190      372D4449 
 1190      53434F56 
 1191              	.LASF18:
 1192 025d 746D6F64 		.ascii	"tmode_t\000"
 1192      655F7400 
ARM GAS  /var/folders/c6/c789hm653lg9vtl73krp73tm0000gn/T//ccY26m8g.s 			page 24


 1193              	.LASF10:
 1194 0265 6C6F6E67 		.ascii	"long long int\000"
 1194      206C6F6E 
 1194      6720696E 
 1194      7400
 1195              	.LASF89:
 1196 0273 77747365 		.ascii	"wtsemp\000"
 1196      6D7000
 1197              	.LASF21:
 1198 027a 74707269 		.ascii	"tprio_t\000"
 1198      6F5F7400 
 1199              	.LASF7:
 1200 0282 6C6F6E67 		.ascii	"long int\000"
 1200      20696E74 
 1200      00
 1201              	.LASF73:
 1202 028b 63685F73 		.ascii	"ch_system\000"
 1202      79737465 
 1202      6D00
 1203              	.LASF83:
 1204 0295 6F666673 		.ascii	"offset\000"
 1204      657400
 1205              	.LASF59:
 1206 029c 76697274 		.ascii	"virtual_timer_t\000"
 1206      75616C5F 
 1206      74696D65 
 1206      725F7400 
 1207              	.LASF69:
 1208 02ac 73797374 		.ascii	"system_debug_t\000"
 1208      656D5F64 
 1208      65627567 
 1208      5F7400
 1209              	.LASF96:
 1210 02bb 6D5F7175 		.ascii	"m_queue\000"
 1210      65756500 
 1211              	.LASF5:
 1212 02c3 5F5F7569 		.ascii	"__uint8_t\000"
 1212      6E74385F 
 1212      7400
 1213              	.LASF81:
 1214 02cd 636F6E74 		.ascii	"context\000"
 1214      65787400 
 1215              	.LASF47:
 1216 02d5 63685F74 		.ascii	"ch_threads_list\000"
 1216      68726561 
 1216      64735F6C 
 1216      69737400 
 1217              	.LASF57:
 1218 02e5 725F6375 		.ascii	"r_current\000"
 1218      7272656E 
 1218      7400
 1219              	.LASF39:
 1220 02ef 705F6D73 		.ascii	"p_msg\000"
 1220      6700
 1221              	.LASF94:
 1222 02f5 735F636E 		.ascii	"s_cnt\000"
 1222      7400
ARM GAS  /var/folders/c6/c789hm653lg9vtl73krp73tm0000gn/T//ccY26m8g.s 			page 25


 1223              	.LASF2:
 1224 02fb 756E7369 		.ascii	"unsigned char\000"
 1224      676E6564 
 1224      20636861 
 1224      7200
 1225              	.LASF91:
 1226 0309 65776D61 		.ascii	"ewmask\000"
 1226      736B00
 1227              	.LASF1:
 1228 0310 7369676E 		.ascii	"signed char\000"
 1228      65642063 
 1228      68617200 
 1229              	.LASF31:
 1230 031c 705F6E65 		.ascii	"p_newer\000"
 1230      77657200 
 1231              	.LASF12:
 1232 0324 6C6F6E67 		.ascii	"long long unsigned int\000"
 1232      206C6F6E 
 1232      6720756E 
 1232      7369676E 
 1232      65642069 
 1233              	.LASF95:
 1234 033b 63685F6D 		.ascii	"ch_mutex\000"
 1234      75746578 
 1234      00
 1235              	.LASF0:
 1236 0344 756E7369 		.ascii	"unsigned int\000"
 1236      676E6564 
 1236      20696E74 
 1236      00
 1237              	.LASF67:
 1238 0351 63685F76 		.ascii	"ch_virtual_timers_list\000"
 1238      69727475 
 1238      616C5F74 
 1238      696D6572 
 1238      735F6C69 
 1239              	.LASF100:
 1240 0368 6D757465 		.ascii	"mutex_t\000"
 1240      785F7400 
 1241              	.LASF61:
 1242 0370 76745F6E 		.ascii	"vt_next\000"
 1242      65787400 
 1243              	.LASF66:
 1244 0378 76697274 		.ascii	"virtual_timers_list_t\000"
 1244      75616C5F 
 1244      74696D65 
 1244      72735F6C 
 1244      6973745F 
 1245              	.LASF48:
 1246 038e 74687265 		.ascii	"threads_queue_t\000"
 1246      6164735F 
 1246      71756575 
 1246      655F7400 
 1247              	.LASF55:
 1248 039e 725F6E65 		.ascii	"r_newer\000"
 1248      77657200 
 1249              	.LASF35:
ARM GAS  /var/folders/c6/c789hm653lg9vtl73krp73tm0000gn/T//ccY26m8g.s 			page 26


 1250 03a6 705F666C 		.ascii	"p_flags\000"
 1250      61677300 
 1251              	.LASF63:
 1252 03ae 76745F64 		.ascii	"vt_delta\000"
 1252      656C7461 
 1252      00
 1253              	.LASF42:
 1254 03b7 705F7265 		.ascii	"p_realprio\000"
 1254      616C7072 
 1254      696F00
 1255              	.LASF25:
 1256 03c2 73797374 		.ascii	"systime_t\000"
 1256      696D655F 
 1256      7400
 1257              	.LASF74:
 1258 03cc 726C6973 		.ascii	"rlist\000"
 1258      7400
 1259              	.LASF99:
 1260 03d2 63686172 		.ascii	"char\000"
 1260      00
 1261              	.LASF93:
 1262 03d7 735F7175 		.ascii	"s_queue\000"
 1262      65756500 
 1263              	.LASF60:
 1264 03df 63685F76 		.ascii	"ch_virtual_timer\000"
 1264      69727475 
 1264      616C5F74 
 1264      696D6572 
 1264      00
 1265              	.LASF14:
 1266 03f0 696E7433 		.ascii	"int32_t\000"
 1266      325F7400 
 1267              	.LASF53:
 1268 03f8 725F7072 		.ascii	"r_prio\000"
 1268      696F00
 1269              	.LASF24:
 1270 03ff 636E745F 		.ascii	"cnt_t\000"
 1270      7400
 1271              	.LASF34:
 1272 0405 705F7374 		.ascii	"p_state\000"
 1272      61746500 
 1273              	.LASF101:
 1274 040d 5F426F6F 		.ascii	"_Bool\000"
 1274      6C00
 1275              	.LASF37:
 1276 0413 705F7761 		.ascii	"p_waiting\000"
 1276      6974696E 
 1276      6700
 1277              	.LASF11:
 1278 041d 5F5F7569 		.ascii	"__uint64_t\000"
 1278      6E743634 
 1278      5F7400
 1279              	.LASF41:
 1280 0428 705F6D74 		.ascii	"p_mtxlist\000"
 1280      786C6973 
 1280      7400
 1281              	.LASF33:
ARM GAS  /var/folders/c6/c789hm653lg9vtl73krp73tm0000gn/T//ccY26m8g.s 			page 27


 1282 0432 705F6E61 		.ascii	"p_name\000"
 1282      6D6500
 1283              	.LASF77:
 1284 0439 69646C65 		.ascii	"idle_thread_wa\000"
 1284      5F746872 
 1284      6561645F 
 1284      776100
 1285              	.LASF9:
 1286 0448 6C6F6E67 		.ascii	"long unsigned int\000"
 1286      20756E73 
 1286      69676E65 
 1286      6420696E 
 1286      7400
 1287              	.LASF71:
 1288 045a 70616E69 		.ascii	"panic_msg\000"
 1288      635F6D73 
 1288      6700
 1289              	.LASF4:
 1290 0464 73686F72 		.ascii	"short unsigned int\000"
 1290      7420756E 
 1290      7369676E 
 1290      65642069 
 1290      6E7400
 1291              	.LASF8:
 1292 0477 5F5F7569 		.ascii	"__uint32_t\000"
 1292      6E743332 
 1292      5F7400
 1293              	.LASF88:
 1294 0482 77747472 		.ascii	"wttrp\000"
 1294      7000
 1295              	.LASF92:
 1296 0488 63685F73 		.ascii	"ch_semaphore\000"
 1296      656D6170 
 1296      686F7265 
 1296      00
 1297              	.LASF82:
 1298 0495 706F7274 		.ascii	"port_intctx\000"
 1298      5F696E74 
 1298      63747800 
 1299              	.LASF62:
 1300 04a1 76745F70 		.ascii	"vt_prev\000"
 1300      72657600 
 1301              	.LASF6:
 1302 04a9 5F5F696E 		.ascii	"__int32_t\000"
 1302      7433325F 
 1302      7400
 1303              	.LASF44:
 1304 04b3 74687265 		.ascii	"thread_reference_t\000"
 1304      61645F72 
 1304      65666572 
 1304      656E6365 
 1304      5F7400
 1305              	.LASF87:
 1306 04c6 77746F62 		.ascii	"wtobjp\000"
 1306      6A7000
 1307              	.LASF19:
 1308 04cd 74737461 		.ascii	"tstate_t\000"
ARM GAS  /var/folders/c6/c789hm653lg9vtl73krp73tm0000gn/T//ccY26m8g.s 			page 28


 1308      74655F74 
 1308      00
 1309              	.LASF80:
 1310 04d6 73746B61 		.ascii	"stkalign_t\000"
 1310      6C69676E 
 1310      5F7400
 1311              	.LASF86:
 1312 04e1 65786974 		.ascii	"exitcode\000"
 1312      636F6465 
 1312      00
 1313              	.LASF58:
 1314 04ea 76746675 		.ascii	"vtfunc_t\000"
 1314      6E635F74 
 1314      00
 1315              	.LASF32:
 1316 04f3 705F6F6C 		.ascii	"p_older\000"
 1316      64657200 
 1317              	.LASF50:
 1318 04fb 72656164 		.ascii	"ready_list_t\000"
 1318      795F6C69 
 1318      73745F74 
 1318      00
 1319              	.LASF36:
 1320 0508 705F7265 		.ascii	"p_refs\000"
 1320      667300
 1321              	.LASF51:
 1322 050f 63685F72 		.ascii	"ch_ready_list\000"
 1322      65616479 
 1322      5F6C6973 
 1322      7400
 1323              	.LASF30:
 1324 051d 705F6374 		.ascii	"p_ctx\000"
 1324      7800
 1325              	.LASF102:
 1326 0523 49544D5F 		.ascii	"ITM_RxBuffer\000"
 1326      52784275 
 1326      66666572 
 1326      00
 1327              	.LASF97:
 1328 0530 6D5F6F77 		.ascii	"m_owner\000"
 1328      6E657200 
 1329              	.LASF43:
 1330 0538 705F6D70 		.ascii	"p_mpool\000"
 1330      6F6F6C00 
 1331              	.LASF85:
 1332 0540 7264796D 		.ascii	"rdymsg\000"
 1332      736700
 1333              	.LASF75:
 1334 0547 76746C69 		.ascii	"vtlist\000"
 1334      737400
 1335              	.LASF22:
 1336 054e 6D73675F 		.ascii	"msg_t\000"
 1336      7400
 1337              	.LASF90:
 1338 0554 77746D74 		.ascii	"wtmtxp\000"
 1338      787000
 1339              	.LASF45:
ARM GAS  /var/folders/c6/c789hm653lg9vtl73krp73tm0000gn/T//ccY26m8g.s 			page 29


 1340 055b 74687265 		.ascii	"threads_list_t\000"
 1340      6164735F 
 1340      6C697374 
 1340      5F7400
 1341              		.comm	__gnu_lto_v1,1,1
 1342              		.ident	"GCC: (GNU Tools for ARM Embedded Processors) 4.8.4 20140725 (release) [ARM/embedded-4_8-br
ARM GAS  /var/folders/c6/c789hm653lg9vtl73krp73tm0000gn/T//ccY26m8g.s 			page 30


DEFINED SYMBOLS
                            *ABS*:0000000000000000 hal_queues.c
                            *COM*:0000000000000001 __gnu_lto_v1

NO UNDEFINED SYMBOLS
