Removed Pin From Net: NetName=A\D\X\L\_\C\S\ Pin=IC1-9
Removed Pin From Net: NetName=ADXL_MISO Pin=IC1-10
Removed Pin From Net: NetName=M\C\L\R\ Pin=IC1-13
Removed Pin From Net: NetName=PIC_RG9 Pin=IC1-14
Removed Pin From Net: NetName=PIC_RA0 Pin=IC1-17
Removed Pin From Net: NetName=PIC_RE8 Pin=IC1-18
Removed Pin From Net: NetName=PIC_RE9 Pin=IC1-19
Removed Pin From Net: NetName=PIC_RB5 Pin=IC1-20
Removed Pin From Net: NetName=PIC_RB4 Pin=IC1-21
Removed Pin From Net: NetName=PIC_RB3 Pin=IC1-22
Removed Pin From Net: NetName=PIC_RB2 Pin=IC1-23
Removed Pin From Net: NetName=PIC_RB6 Pin=IC1-26
Removed Pin From Net: NetName=PIC_RB7 Pin=IC1-27
Removed Pin From Net: NetName=PIC_RA9 Pin=IC1-28
Removed Pin From Net: NetName=PIC_RA10 Pin=IC1-29
Removed Pin From Net: NetName=PIC_RB8 Pin=IC1-32
Removed Pin From Net: NetName=PIC_RB9 Pin=IC1-33
Removed Pin From Net: NetName=PIC_RB10 Pin=IC1-34
Removed Pin From Net: NetName=PIC_RB11 Pin=IC1-35
Removed Pin From Net: NetName=PIC_RA1 Pin=IC1-38
Removed Pin From Net: NetName=PIC_RF13 Pin=IC1-39
Removed Pin From Net: NetName=PIC_RF12 Pin=IC1-40
Removed Pin From Net: NetName=PIC_RB12 Pin=IC1-41
Removed Pin From Net: NetName=PIC_RB13 Pin=IC1-42
Removed Pin From Net: NetName=PIC_RB14 Pin=IC1-43
Removed Pin From Net: NetName=PIC_RB15 Pin=IC1-44
Removed Pin From Net: NetName=PIC_RD14 Pin=IC1-47
Removed Pin From Net: NetName=PIC_RF2 Pin=IC1-48
Removed Pin From Net: NetName=PIC_RF8 Pin=IC1-49
Removed Pin From Net: NetName=PIC_RG3 Pin=IC1-50
Removed Pin From Net: NetName=PIC_RG2 Pin=IC1-51
Removed Pin From Net: NetName=PIC_RA2 Pin=IC1-52
Removed Pin From Net: NetName=PIC_RA3 Pin=IC1-53
Removed Pin From Net: NetName=PIC_RA4 Pin=IC1-56
Removed Pin From Net: NetName=PIC_RA5 Pin=IC1-57
Removed Pin From Net: NetName=Z\B\_\R\E\S\E\T\ Pin=IC1-58
Removed Pin From Net: NetName=Z\B\_\I\N\T\ Pin=IC1-59
Removed Pin From Net: NetName=NetIC1_11 Pin=R20-2
Added Pin To Net: NetName=A\D\X\L\_\C\S\ Pin=IC1-8
Added Pin To Net: NetName=ADXL_MISO Pin=IC1-9
Added Pin To Net: NetName=M\C\L\R\ Pin=IC1-12
Added Pin To Net: NetName=PIC_RG9 Pin=IC1-13
Added Pin To Net: NetName=PIC_RA0 Pin=IC1-14
Added Pin To Net: NetName=PIC_RE8 Pin=IC1-17
Added Pin To Net: NetName=PIC_RE9 Pin=IC1-18
Added Pin To Net: NetName=PIC_RB5 Pin=IC1-19
Added Pin To Net: NetName=PIC_RB4 Pin=IC1-20
Added Pin To Net: NetName=PIC_RB3 Pin=IC1-21
Added Pin To Net: NetName=PIC_RB2 Pin=IC1-22
Added Pin To Net: NetName=PIC_RB6 Pin=IC1-23
Added Pin To Net: NetName=PIC_RB7 Pin=IC1-26
Added Pin To Net: NetName=PIC_RA9 Pin=IC1-27
Added Pin To Net: NetName=PIC_RA10 Pin=IC1-28
Added Pin To Net: NetName=PIC_RB8 Pin=IC1-29
Added Pin To Net: NetName=PIC_RB9 Pin=IC1-32
Added Pin To Net: NetName=PIC_RB10 Pin=IC1-33
Added Pin To Net: NetName=PIC_RB11 Pin=IC1-34
Added Pin To Net: NetName=PIC_RA1 Pin=IC1-35
Added Pin To Net: NetName=PIC_RF13 Pin=IC1-38
Added Pin To Net: NetName=PIC_RF12 Pin=IC1-39
Added Pin To Net: NetName=PIC_RB12 Pin=IC1-40
Added Pin To Net: NetName=PIC_RB13 Pin=IC1-41
Added Pin To Net: NetName=PIC_RB14 Pin=IC1-42
Added Pin To Net: NetName=PIC_RB15 Pin=IC1-43
Added Pin To Net: NetName=PIC_RD14 Pin=IC1-44
Added Pin To Net: NetName=PIC_RF2 Pin=IC1-47
Added Pin To Net: NetName=PIC_RF8 Pin=IC1-48
Added Pin To Net: NetName=PIC_RG3 Pin=IC1-49
Added Pin To Net: NetName=PIC_RG2 Pin=IC1-50
Added Pin To Net: NetName=PIC_RA2 Pin=IC1-51
Added Pin To Net: NetName=PIC_RA3 Pin=IC1-52
Added Pin To Net: NetName=PIC_RA4 Pin=IC1-53
Added Pin To Net: NetName=PIC_RA5 Pin=IC1-54
Added Pin To Net: NetName=Z\B\_\R\E\S\E\T\ Pin=IC1-57
Added Pin To Net: NetName=Z\B\_\I\N\T\ Pin=IC1-58
Added Pin To Net: NetName=ZB_WAKE Pin=IC1-59
Added Pin To Net: NetName=NetIC1_11 Pin=R21-2
Added Pin To Net: NetName=NetIC1_10 Pin=IC1-10
Added Pin To Net: NetName=NetIC1_10 Pin=R20-2
Added Net: Name=NetIC1_10
