Removed Pin From Net: NetName=GND Pin=C1-1
Removed Pin From Net: NetName=VDD_RADIO Pin=C3-1
Removed Pin From Net: NetName=GND Pin=C3-2
Removed Pin From Net: NetName=VDD_RADIO Pin=C4-1
Removed Pin From Net: NetName=GND Pin=C4-2
Removed Pin From Net: NetName=GND Pin=C5-1
Removed Pin From Net: NetName=VDD_RADIO Pin=C6-2
Removed Pin From Net: NetName=GND Pin=C8-2
Removed Pin From Net: NetName=GND Pin=C9-1
Removed Pin From Net: NetName=GND Pin=C11-1
Removed Pin From Net: NetName=GND Pin=C12-2
Removed Pin From Net: NetName=PIC_RA3 Pin=C13-1
Removed Pin From Net: NetName=GND Pin=C13-2
Removed Pin From Net: NetName=PIC_RA3 Pin=C14-1
Removed Pin From Net: NetName=GND Pin=C14-2
Removed Pin From Net: NetName=GND Pin=C15-2
Removed Pin From Net: NetName=PIC_RA3 Pin=C16-1
Removed Pin From Net: NetName=GND Pin=C16-2
Removed Pin From Net: NetName=GND Pin=C17-1
Removed Pin From Net: NetName=GND Pin=C18-1
Removed Pin From Net: NetName=V+ Pin=C19-1
Removed Pin From Net: NetName=GND Pin=C19-2
Removed Pin From Net: NetName=V+ Pin=C20-1
Removed Pin From Net: NetName=GND Pin=C20-2
Removed Pin From Net: NetName=V+ Pin=C21-1
Removed Pin From Net: NetName=GND Pin=C21-2
Removed Pin From Net: NetName=V+ Pin=C22-1
Removed Pin From Net: NetName=GND Pin=C22-2
Removed Pin From Net: NetName=V+ Pin=C23-1
Removed Pin From Net: NetName=GND Pin=C23-2
Removed Pin From Net: NetName=GND Pin=LED2-K
Removed Pin From Net: NetName=GND Pin=LED3-K
Removed Pin From Net: NetName=VDD_RADIO Pin=M3-3
Removed Pin From Net: NetName=GND Pin=R1-1
Removed Pin From Net: NetName=Z\B\_\R\E\S\E\T\ Pin=R1-2
Removed Pin From Net: NetName=Z\B\_\C\S\ Pin=R2-1
Removed Pin From Net: NetName=VDD_RADIO Pin=R2-2
Removed Pin From Net: NetName=Z\B\_\I\N\T\ Pin=R3-1
Removed Pin From Net: NetName=VDD_RADIO Pin=R3-2
Removed Pin From Net: NetName=ZB_SPI_MISO Pin=R4-2
Removed Pin From Net: NetName=Z\B\_\3\V\3\_\E\N\ Pin=R5-2
Removed Pin From Net: NetName=PGEC/RX Pin=R6-2
Removed Pin From Net: NetName=PGEC/RX Pin=R7-2
Removed Pin From Net: NetName=Z\B\_\3\V\3\_\E\N\ Pin=R8-2
Removed Pin From Net: NetName=PIC_RA3 Pin=R9-2
Removed Pin From Net: NetName=GND Pin=R10-2
Removed Pin From Net: NetName=PIC_RA3 Pin=R11-1
Removed Pin From Net: NetName=PIC_RA3 Pin=R12-1
Removed Pin From Net: NetName=3V3_ADXL_EN Pin=R13-1
Removed Pin From Net: NetName=A\D\X\L\_\C\S\ Pin=R14-2
Removed Pin From Net: NetName=ADXL_MISO Pin=R15-1
Removed Pin From Net: NetName=PIC_RA3 Pin=R16-2
Removed Pin From Net: NetName=PIC_RA3 Pin=R17-1
Removed Pin From Net: NetName=V+ Pin=R17-2
Removed Pin From Net: NetName=ZB_SPI_SCK Pin=R18-1
Removed Pin From Net: NetName=NetIC1_71 Pin=R18-2
Removed Pin From Net: NetName=ZB_SPI_MOSI Pin=R19-1
Removed Pin From Net: NetName=NetIC1_70 Pin=R19-2
Removed Pin From Net: NetName=NetIC1_11 Pin=R21-1
Removed Pin From Net: NetName=ADXL_MOSI Pin=R21-2
Removed Pin From Net: NetName=+12V Pin=R22-1
Removed Pin From Net: NetName=M\C\L\R\ Pin=R23-1
Removed Pin From Net: NetName=VPIC Pin=R23-2
Removed Pin From Net: NetName=NetIC1_12 Pin=R24-1
Removed Pin From Net: NetName=ADXL_SCLK Pin=R24-2
Removed Pin From Net: NetName=GND Pin=U$26-2
Removed Member From Class: ClassName=carte_balise_v100 Member=C1
Removed Member From Class: ClassName=carte_balise_v100 Member=C2
Removed Member From Class: ClassName=carte_balise_v100 Member=C3
Removed Member From Class: ClassName=carte_balise_v100 Member=C4
Removed Member From Class: ClassName=carte_balise_v100 Member=C5
Removed Member From Class: ClassName=carte_balise_v100 Member=C6
Removed Member From Class: ClassName=carte_balise_v100 Member=C7
Removed Member From Class: ClassName=carte_balise_v100 Member=C8
Removed Member From Class: ClassName=carte_balise_v100 Member=C9
Removed Member From Class: ClassName=carte_balise_v100 Member=C10
Removed Member From Class: ClassName=carte_balise_v100 Member=C11
Removed Member From Class: ClassName=carte_balise_v100 Member=C12
Removed Member From Class: ClassName=carte_balise_v100 Member=C13
Removed Member From Class: ClassName=carte_balise_v100 Member=C14
Removed Member From Class: ClassName=carte_balise_v100 Member=C15
Removed Member From Class: ClassName=carte_balise_v100 Member=C16
Removed Member From Class: ClassName=carte_balise_v100 Member=C17
Removed Member From Class: ClassName=carte_balise_v100 Member=C18
Removed Member From Class: ClassName=carte_balise_v100 Member=C19
Removed Member From Class: ClassName=carte_balise_v100 Member=C20
Removed Member From Class: ClassName=carte_balise_v100 Member=C21
Removed Member From Class: ClassName=carte_balise_v100 Member=C22
Removed Member From Class: ClassName=carte_balise_v100 Member=C23
Removed Member From Class: ClassName=carte_balise_v100 Member=LED2
Removed Member From Class: ClassName=carte_balise_v100 Member=LED3
Removed Member From Class: ClassName=carte_balise_v100 Member=M3
Removed Member From Class: ClassName=carte_balise_v100 Member=R1
Removed Member From Class: ClassName=carte_balise_v100 Member=R2
Removed Member From Class: ClassName=carte_balise_v100 Member=R3
Removed Member From Class: ClassName=carte_balise_v100 Member=R4
Removed Member From Class: ClassName=carte_balise_v100 Member=R5
Removed Member From Class: ClassName=carte_balise_v100 Member=R6
Removed Member From Class: ClassName=carte_balise_v100 Member=R7
Removed Member From Class: ClassName=carte_balise_v100 Member=R8
Removed Member From Class: ClassName=carte_balise_v100 Member=R9
Removed Member From Class: ClassName=carte_balise_v100 Member=R10
Removed Member From Class: ClassName=carte_balise_v100 Member=R11
Removed Member From Class: ClassName=carte_balise_v100 Member=R12
Removed Member From Class: ClassName=carte_balise_v100 Member=R13
Removed Member From Class: ClassName=carte_balise_v100 Member=R14
Removed Member From Class: ClassName=carte_balise_v100 Member=R15
Removed Member From Class: ClassName=carte_balise_v100 Member=R16
Removed Member From Class: ClassName=carte_balise_v100 Member=R17
Removed Member From Class: ClassName=carte_balise_v100 Member=R18
Removed Member From Class: ClassName=carte_balise_v100 Member=R19
Removed Member From Class: ClassName=carte_balise_v100 Member=R21
Removed Member From Class: ClassName=carte_balise_v100 Member=R22
Removed Member From Class: ClassName=carte_balise_v100 Member=R23
Removed Member From Class: ClassName=carte_balise_v100 Member=R24
Removed Member From Class: ClassName=carte_balise_v100 Member=U$10
Removed Member From Class: ClassName=carte_balise_v100 Member=U$26
Added Component: Designator=C?(SMD_CA_0402_HD)
Added Component: Designator=C?(SMD_CA_0402_HD)
Added Component: Designator=C?(SMD_CA_0402_HD)
Added Component: Designator=C?(SMD_CA_0402_HD)
Added Component: Designator=C?(SMD_CA_0402_HD)
Added Component: Designator=C?(SMD_CA_0402_HD)
Added Component: Designator=C?(SMD_CA_0402_HD)
Added Component: Designator=C?(SMD_CA_0603_HD)
Added Component: Designator=C?(SMD_CA_0603_HD)
Added Component: Designator=C?(SMD_CA_0603_HD)
Added Component: Designator=C?(SMD_CA_0402_HD)
Added Component: Designator=C?(SMD_CA_0603_HD)
Added Component: Designator=C?(SMD_CA_0402_HD)
Added Component: Designator=C?(SMD_CA_0402_HD)
Added Component: Designator=C?(SMD_CA_0603_HD)
Added Component: Designator=C?(SMD_CA_0402_HD)
Added Component: Designator=C?(SMD_CA_0402_HD)
Added Component: Designator=C?(SMD_CA_0402_HD)
Added Component: Designator=C?(SMD_CA_0402_HD)
Added Component: Designator=C?(SMD_CA_0402_HD)
Added Component: Designator=C?(SMD_CA_0402_HD)
Added Component: Designator=C?(SMD_CA_0402_HD)
Added Component: Designator=C?(SMD_CA_0603_HD)
Added Component: Designator=LED?(SDM_LED_0603)
Added Component: Designator=LED?(SDM_LED_0603)
Added Component: Designator=LED?(SDM_LED_0603)
Added Component: Designator=Q?(SMD_TR_SOT23-3)
Added Component: Designator=R?(SMD_RE_0402_HD)
Added Component: Designator=R?(SMD_RE_0402_HD)
Added Component: Designator=R?(SMD_RE_0402_HD)
Added Component: Designator=R?(SMD_RE_0402_HD)
Added Component: Designator=R?(SMD_RE_0402_HD)
Added Component: Designator=R?(SMD_RE_0402_HD)
Added Component: Designator=R?(SMD_RE_0402_HD)
Added Component: Designator=R?(SMD_RE_0402_HD)
Added Component: Designator=R?(SMD_RE_0402_HD)
Added Component: Designator=R?(SMD_RE_0402_HD)
Added Component: Designator=R?(SMD_RE_0402_HD)
Added Component: Designator=R?(SMD_RE_0402_HD)
Added Component: Designator=R?(SMD_RE_0402_HD)
Added Component: Designator=R?(SMD_RE_0603_HD)
Added Component: Designator=R?(SMD_RE_0402_HD)
Added Component: Designator=R?(SMD_RE_0402_HD)
Added Component: Designator=R?(SMD_RE_0402_HD)
Added Component: Designator=R?(SMD_RE_0402_HD)
Added Component: Designator=R?(SMD_RE_0402_HD)
Added Component: Designator=R?(SMD_RE_0402_HD)
Added Component: Designator=R?(SMD_RE_0603_HD)
Added Component: Designator=R?(SMD_RE_0603_HD)
Added Component: Designator=R?(SMD_RE_0603_HD)
Added Component: Designator=Y?(SMD_OSC_5X3.2_2PINS)
Added Pin To Net: NetName=GND Pin=C?-1
Added Pin To Net: NetName=GND Pin=C?-1
Added Pin To Net: NetName=GND Pin=C?-1
Added Pin To Net: NetName=GND Pin=C?-1
Added Pin To Net: NetName=GND Pin=C?-1
Added Pin To Net: NetName=GND Pin=C?-1
Added Pin To Net: NetName=GND Pin=C?-1
Added Pin To Net: NetName=GND Pin=C?-1
Added Pin To Net: NetName=GND Pin=C?-1
Added Pin To Net: NetName=GND Pin=C?-1
Added Pin To Net: NetName=GND Pin=C?-1
Added Pin To Net: NetName=GND Pin=C?-1
Added Pin To Net: NetName=GND Pin=C?-1
Added Pin To Net: NetName=PIC_RA3 Pin=C?-1
Added Pin To Net: NetName=VDD_RADIO Pin=C?-1
Added Pin To Net: NetName=VDD_RADIO Pin=C?-1
Added Pin To Net: NetName=GND Pin=C?-2
Added Pin To Net: NetName=GND Pin=C?-2
Added Pin To Net: NetName=GND Pin=C?-2
Added Pin To Net: NetName=GND Pin=C?-2
Added Pin To Net: NetName=GND Pin=C?-2
Added Pin To Net: NetName=GND Pin=C?-2
Added Pin To Net: NetName=PIC_RA3 Pin=C?-2
Added Pin To Net: NetName=PIC_RA3 Pin=C?-2
Added Pin To Net: NetName=V+ Pin=C?-2
Added Pin To Net: NetName=V+ Pin=C?-2
Added Pin To Net: NetName=V+ Pin=C?-2
Added Pin To Net: NetName=V+ Pin=C?-2
Added Pin To Net: NetName=V+ Pin=C?-2
Added Pin To Net: NetName=VDD_RADIO Pin=C?-2
Added Pin To Net: NetName=GND Pin=LED?-2
Added Pin To Net: NetName=GND Pin=LED?-2
Added Pin To Net: NetName=GND Pin=LED?-2
Added Pin To Net: NetName=VDD_RADIO Pin=Q?-3
Added Pin To Net: NetName=A\D\X\L\_\C\S\ Pin=R?-1
Added Pin To Net: NetName=ADXL_MISO Pin=R?-1
Added Pin To Net: NetName=ADXL_MOSI Pin=R?-1
Added Pin To Net: NetName=ADXL_SCLK Pin=R?-1
Added Pin To Net: NetName=GND Pin=R?-1
Added Pin To Net: NetName=GND Pin=R?-1
Added Pin To Net: NetName=M\C\L\R\ Pin=R?-1
Added Pin To Net: NetName=NetIC1_70 Pin=R?-1
Added Pin To Net: NetName=NetIC1_71 Pin=R?-1
Added Pin To Net: NetName=V+ Pin=R?-1
Added Pin To Net: NetName=Z\B\_\C\S\ Pin=R?-1
Added Pin To Net: NetName=Z\B\_\I\N\T\ Pin=R?-1
Added Pin To Net: NetName=ZB_SPI_MISO Pin=R?-1
Added Pin To Net: NetName=3V3_ADXL_EN Pin=R?-2
Added Pin To Net: NetName=+12V Pin=R?-2
Added Pin To Net: NetName=NetIC1_11 Pin=R?-2
Added Pin To Net: NetName=NetIC1_12 Pin=R?-2
Added Pin To Net: NetName=PGEC/RX Pin=R?-2
Added Pin To Net: NetName=PGEC/RX Pin=R?-2
Added Pin To Net: NetName=PIC_RA3 Pin=R?-2
Added Pin To Net: NetName=PIC_RA3 Pin=R?-2
Added Pin To Net: NetName=PIC_RA3 Pin=R?-2
Added Pin To Net: NetName=PIC_RA3 Pin=R?-2
Added Pin To Net: NetName=PIC_RA3 Pin=R?-2
Added Pin To Net: NetName=VDD_RADIO Pin=R?-2
Added Pin To Net: NetName=VDD_RADIO Pin=R?-2
Added Pin To Net: NetName=VPIC Pin=R?-2
Added Pin To Net: NetName=Z\B\_\3\V\3\_\E\N\ Pin=R?-2
Added Pin To Net: NetName=Z\B\_\3\V\3\_\E\N\ Pin=R?-2
Added Pin To Net: NetName=Z\B\_\R\E\S\E\T\ Pin=R?-2
Added Pin To Net: NetName=ZB_SPI_MOSI Pin=R?-2
Added Pin To Net: NetName=ZB_SPI_SCK Pin=R?-2
Added Pin To Net: NetName=NetC?_1 Pin=C?-1
Added Pin To Net: NetName=NetC?_1 Pin=U$2-P$5
Added Net: Name=NetC?_1
Added Pin To Net: NetName=NetC?_2 Pin=C?-2
Added Pin To Net: NetName=NetC?_2 Pin=U$2-P$4
Added Net: Name=NetC?_2
Added Pin To Net: NetName=NetLED?_1 Pin=LED?-1
Added Pin To Net: NetName=NetLED?_1 Pin=R?-1
Added Net: Name=NetLED?_1
Added Pin To Net: NetName=NetR?_1 Pin=R?-1
Added Pin To Net: NetName=NetR?_1 Pin=U$3-1
Added Net: Name=NetR?_1
Added Pin To Net: NetName=NetR?_2 Pin=R?-2
Added Pin To Net: NetName=NetR?_2 Pin=U?-7
Added Net: Name=NetR?_2
Added Member To Class: ClassName=carte_balise_v100 Member=Component C? 100n/0402
Added Member To Class: ClassName=carte_balise_v100 Member=Component LED? NE
Added Member To Class: ClassName=carte_balise_v100 Member=Component Q? DMP2035
Added Member To Class: ClassName=carte_balise_v100 Member=Component R? 79K3/0402
Added Member To Class: ClassName=carte_balise_v100 Member=Component Y? TXC-7A-12MHz
