Change Component Designator: OldDesignator=C? NewDesignator=C1
Change Component Designator: OldDesignator=C? NewDesignator=C2
Change Component Designator: OldDesignator=C? NewDesignator=C3
Change Component Designator: OldDesignator=C? NewDesignator=C4
Change Component Designator: OldDesignator=C? NewDesignator=C5
Change Component Designator: OldDesignator=C? NewDesignator=C6
Change Component Designator: OldDesignator=C? NewDesignator=C7
Change Component Designator: OldDesignator=C? NewDesignator=C8
Change Component Designator: OldDesignator=C? NewDesignator=C9
Change Component Designator: OldDesignator=C? NewDesignator=C10
Change Component Designator: OldDesignator=C? NewDesignator=C11
Change Component Designator: OldDesignator=C? NewDesignator=C12
Change Component Designator: OldDesignator=C? NewDesignator=C13
Change Component Designator: OldDesignator=C? NewDesignator=C14
Change Component Designator: OldDesignator=C? NewDesignator=C15
Change Component Designator: OldDesignator=C? NewDesignator=C16
Change Component Designator: OldDesignator=C? NewDesignator=C17
Change Component Designator: OldDesignator=C? NewDesignator=C18
Change Component Designator: OldDesignator=C? NewDesignator=C19
Change Component Designator: OldDesignator=C? NewDesignator=C20
Change Component Designator: OldDesignator=C? NewDesignator=C21
Change Component Designator: OldDesignator=C? NewDesignator=C22
Change Component Designator: OldDesignator=C? NewDesignator=C23
Change Component Designator: OldDesignator=LED? NewDesignator=LED1
Change Component Designator: OldDesignator=LED? NewDesignator=LED2
Change Component Designator: OldDesignator=LED? NewDesignator=LED3
Change Component Designator: OldDesignator=Q? NewDesignator=Q1
Change Component Designator: OldDesignator=R? NewDesignator=R1
Change Component Designator: OldDesignator=R? NewDesignator=R2
Change Component Designator: OldDesignator=R? NewDesignator=R3
Change Component Designator: OldDesignator=R? NewDesignator=R4
Change Component Designator: OldDesignator=R? NewDesignator=R5
Change Component Designator: OldDesignator=R? NewDesignator=R6
Change Component Designator: OldDesignator=R? NewDesignator=R7
Change Component Designator: OldDesignator=R? NewDesignator=R8
Change Component Designator: OldDesignator=R? NewDesignator=R9
Change Component Designator: OldDesignator=R? NewDesignator=R10
Change Component Designator: OldDesignator=R? NewDesignator=R11
Change Component Designator: OldDesignator=R? NewDesignator=R12
Change Component Designator: OldDesignator=R? NewDesignator=R13
Change Component Designator: OldDesignator=R? NewDesignator=R14
Change Component Designator: OldDesignator=R? NewDesignator=R15
Change Component Designator: OldDesignator=R? NewDesignator=R16
Change Component Designator: OldDesignator=R? NewDesignator=R17
Change Component Designator: OldDesignator=R? NewDesignator=R18
Change Component Designator: OldDesignator=R? NewDesignator=R19
Change Component Designator: OldDesignator=R? NewDesignator=R20
Change Component Designator: OldDesignator=R? NewDesignator=R21
Change Component Designator: OldDesignator=R? NewDesignator=R22
Change Component Designator: OldDesignator=R? NewDesignator=R23
Change Component Designator: OldDesignator=U? NewDesignator=U2
Change Component Designator: OldDesignator=Y? NewDesignator=Y1
Change Net Name : Old Net Name=NetC?_1 New Net Name=NetC17_1
Change Net Name : Old Net Name=NetC?_2 New Net Name=NetC17_2
Change Net Name : Old Net Name=NetLED?_1 New Net Name=NetLED1_1
Change Net Name : Old Net Name=NetR?_1 New Net Name=NetR14_1
Change Net Name : Old Net Name=NetR?_2 New Net Name=NetR10_2
Added Pin To Net: NetName=NetC1_1 Pin=C1-1
Added Pin To Net: NetName=NetC1_1 Pin=Q1-2
Added Pin To Net: NetName=NetC1_1 Pin=R5-1
Added Pin To Net: NetName=NetC1_1 Pin=R6-1
Added Net: Name=NetC1_1
Added Pin To Net: NetName=NetC1_2 Pin=C1-2
Added Pin To Net: NetName=NetC1_2 Pin=C7-2
Added Pin To Net: NetName=NetC1_2 Pin=Q1-1
Added Pin To Net: NetName=NetC1_2 Pin=R12-1
Added Net: Name=NetC1_2
Added Pin To Net: NetName=NetC2_1 Pin=C2-1
Added Pin To Net: NetName=NetC2_1 Pin=C3-1
Added Pin To Net: NetName=NetC2_1 Pin=C4-2
Added Pin To Net: NetName=NetC2_1 Pin=R2-2
Added Pin To Net: NetName=NetC2_1 Pin=R3-1
Added Pin To Net: NetName=NetC2_1 Pin=R4-1
Added Pin To Net: NetName=NetC2_1 Pin=U1-1
Added Pin To Net: NetName=NetC2_1 Pin=U1-14
Added Net: Name=NetC2_1
Added Pin To Net: NetName=NetC15_2 Pin=C15-2
Added Pin To Net: NetName=NetC15_2 Pin=U$2-P$16
Added Pin To Net: NetName=NetC15_2 Pin=U$3-2
Added Net: Name=NetC15_2
Added Pin To Net: NetName=NetC16_1 Pin=C16-1
Added Pin To Net: NetName=NetC16_1 Pin=U$2-P$3
Added Net: Name=NetC16_1
Added Pin To Net: NetName=NetC16_2 Pin=C16-2
Added Pin To Net: NetName=NetC16_2 Pin=U$2-P$1
Added Net: Name=NetC16_2
Added Pin To Net: NetName=NetC18_2 Pin=C18-2
Added Pin To Net: NetName=NetC18_2 Pin=U$2-P$6
Added Net: Name=NetC18_2
Added Pin To Net: NetName=NetC19_2 Pin=C19-2
Added Pin To Net: NetName=NetC19_2 Pin=U$2-P$2
Added Net: Name=NetC19_2
Added Pin To Net: NetName=NetC20_1 Pin=C20-1
Added Pin To Net: NetName=NetC20_1 Pin=IC1-64
Added Pin To Net: NetName=NetC20_1 Pin=Y1-2
Added Net: Name=NetC20_1
Added Pin To Net: NetName=NetC21_1 Pin=C21-1
Added Pin To Net: NetName=NetC21_1 Pin=IC1-63
Added Pin To Net: NetName=NetC21_1 Pin=Y1-1
Added Net: Name=NetC21_1
Added Pin To Net: NetName=NetC23_2 Pin=C23-2
Added Pin To Net: NetName=NetC23_2 Pin=U$27-P$1
Added Net: Name=NetC23_2
Added Pin To Net: NetName=NetLED2_1 Pin=LED2-1
Added Pin To Net: NetName=NetLED2_1 Pin=R16-1
Added Net: Name=NetLED2_1
Added Pin To Net: NetName=NetLED3_1 Pin=LED3-1
Added Pin To Net: NetName=NetLED3_1 Pin=R22-1
Added Net: Name=NetLED3_1
Added Pin To Net: NetName=NetR1_1 Pin=R1-1
Added Pin To Net: NetName=NetR1_1 Pin=X6-1
Added Net: Name=NetR1_1
Added Pin To Net: NetName=NetR9_2 Pin=R9-2
Added Pin To Net: NetName=NetR9_2 Pin=U1-7
Added Net: Name=NetR9_2
Added Pin To Net: NetName=NetR23_2 Pin=R23-2
Added Pin To Net: NetName=NetR23_2 Pin=U$27-P$5
Added Net: Name=NetR23_2
Added Member To Class: ClassName=carte_balise_v100 Member=Component C1 100n/0402
Added Member To Class: ClassName=carte_balise_v100 Member=Component C2 100n/0402
Added Member To Class: ClassName=carte_balise_v100 Member=Component C3 100n/0402
Added Member To Class: ClassName=carte_balise_v100 Member=Component C4 NE / 0603
Added Member To Class: ClassName=carte_balise_v100 Member=Component C5 100n/0402
Added Member To Class: ClassName=carte_balise_v100 Member=Component C7 470n/16V/0603
Added Member To Class: ClassName=carte_balise_v100 Member=Component C8 100n/0402
Added Member To Class: ClassName=carte_balise_v100 Member=Component C9 100n/0402
Added Member To Class: ClassName=carte_balise_v100 Member=Component C10 100n/0402
Added Member To Class: ClassName=carte_balise_v100 Member=Component C11 100n/0402
Added Member To Class: ClassName=carte_balise_v100 Member=Component C12 100n/0402
Added Member To Class: ClassName=carte_balise_v100 Member=Component C13 100n/0402
Added Member To Class: ClassName=carte_balise_v100 Member=Component C14 10u/6V3/0603
Added Member To Class: ClassName=carte_balise_v100 Member=Component C15 100n/0402
Added Member To Class: ClassName=carte_balise_v100 Member=Component C16 100n/0402
Added Member To Class: ClassName=carte_balise_v100 Member=Component C17 100n/0402
Added Member To Class: ClassName=carte_balise_v100 Member=Component C18 100n/0402
Added Member To Class: ClassName=carte_balise_v100 Member=Component C19 100n/0402
Added Member To Class: ClassName=carte_balise_v100 Member=Component C20 22p/0402
Added Member To Class: ClassName=carte_balise_v100 Member=Component C21 22p/0402
Added Member To Class: ClassName=carte_balise_v100 Member=Component C22 4.7u/16V/0603
Added Member To Class: ClassName=carte_balise_v100 Member=Component C23 4.7u/16V/0603
Added Member To Class: ClassName=carte_balise_v100 Member=Component LED1 NE
Added Member To Class: ClassName=carte_balise_v100 Member=Component LED3 NE
Added Member To Class: ClassName=carte_balise_v100 Member=Component R2 100k/0402
Added Member To Class: ClassName=carte_balise_v100 Member=Component R3 10R/0402
Added Member To Class: ClassName=carte_balise_v100 Member=Component R4 NE / 0603
Added Member To Class: ClassName=carte_balise_v100 Member=Component R5 0R/0603
Added Member To Class: ClassName=carte_balise_v100 Member=Component R6 10M/0402
Added Member To Class: ClassName=carte_balise_v100 Member=Component R7 100k/0402
Added Member To Class: ClassName=carte_balise_v100 Member=Component R8 100k/0402
Added Member To Class: ClassName=carte_balise_v100 Member=Component R9 33R/0402
Added Member To Class: ClassName=carte_balise_v100 Member=Component R10 33R/0402
Added Member To Class: ClassName=carte_balise_v100 Member=Component R11 10R/0402
Added Member To Class: ClassName=carte_balise_v100 Member=Component R12 100k/0402
Added Member To Class: ClassName=carte_balise_v100 Member=Component R13 10M/0402
Added Member To Class: ClassName=carte_balise_v100 Member=Component R14 0R/0603
Added Member To Class: ClassName=carte_balise_v100 Member=Component R15 10k/0402
Added Member To Class: ClassName=carte_balise_v100 Member=Component R16 100k/0402
Added Member To Class: ClassName=carte_balise_v100 Member=Component R17 100k/0402
Added Member To Class: ClassName=carte_balise_v100 Member=Component R18 33R/0402
Added Member To Class: ClassName=carte_balise_v100 Member=Component R19 33R/0402
Added Member To Class: ClassName=carte_balise_v100 Member=Component R20 33R/0402
Added Member To Class: ClassName=carte_balise_v100 Member=Component R21 33R/0402
Added Member To Class: ClassName=carte_balise_v100 Member=Component R22 330R/0402
Added Member To Class: ClassName=carte_balise_v100 Member=Component R23 79K3/0402
