Change Component Designator: OldDesignator=C1 NewDesignator=C4
Change Component Designator: OldDesignator=C2 NewDesignator=C1
Change Component Designator: OldDesignator=C3 NewDesignator=C2
Change Component Designator: OldDesignator=C4 NewDesignator=C3
Change Component Designator: OldDesignator=C8 NewDesignator=C15
Change Component Designator: OldDesignator=C9 NewDesignator=C8
Change Component Designator: OldDesignator=C9 NewDesignator=C10
Change Component Designator: OldDesignator=C10 NewDesignator=C11
Change Component Designator: OldDesignator=C11 NewDesignator=C12
Change Component Designator: OldDesignator=C12 NewDesignator=C13
Change Component Designator: OldDesignator=C13 NewDesignator=C14
Change Component Designator: OldDesignator=C14 NewDesignator=C16
Change Component Designator: OldDesignator=C15 NewDesignator=C17
Change Component Designator: OldDesignator=C16 NewDesignator=C19
Change Component Designator: OldDesignator=C17 NewDesignator=C18
Change Component Designator: OldDesignator=C18 NewDesignator=C20
Change Component Designator: OldDesignator=C19 NewDesignator=C21
Change Component Designator: OldDesignator=C20 NewDesignator=C22
Change Component Designator: OldDesignator=C21 NewDesignator=C23
Change Component Designator: OldDesignator=C22 NewDesignator=C24
Change Component Designator: OldDesignator=C23 NewDesignator=C25
Change Component Designator: OldDesignator=R1 NewDesignator=R2
Change Component Designator: OldDesignator=R2 NewDesignator=R1
Change Component Designator: OldDesignator=R3 NewDesignator=R5
Change Component Designator: OldDesignator=R4 NewDesignator=R6
Change Component Designator: OldDesignator=R5 NewDesignator=R7
Change Component Designator: OldDesignator=R6 NewDesignator=R8
Change Component Designator: OldDesignator=R7 NewDesignator=R3
Change Component Designator: OldDesignator=R8 NewDesignator=R4
Change Component Designator: OldDesignator=R18 NewDesignator=R20
Change Component Designator: OldDesignator=R19 NewDesignator=R21
Change Component Designator: OldDesignator=R20 NewDesignator=R18
Change Component Designator: OldDesignator=R21 NewDesignator=R19
Change Component Designator: OldDesignator=U1 NewDesignator=U2
Change Component Designator: OldDesignator=U2 NewDesignator=U1
Change Net Name : Old Net Name=NetC1_1 New Net Name=NetC4_1
Change Net Name : Old Net Name=NetC1_2 New Net Name=NetC4_2
Change Net Name : Old Net Name=NetC2_1 New Net Name=NetC1_1
Change Net Name : Old Net Name=NetC15_2 New Net Name=NetC17_2
Change Net Name : Old Net Name=NetC16_1 New Net Name=NetC19_1
Change Net Name : Old Net Name=NetC16_2 New Net Name=NetC19_2
Change Net Name : Old Net Name=NetC17_1 New Net Name=NetC18_1
Change Net Name : Old Net Name=NetC17_2 New Net Name=NetC18_2
Change Net Name : Old Net Name=NetC18_2 New Net Name=NetC20_2
Change Net Name : Old Net Name=NetC19_2 New Net Name=NetC21_2
Change Net Name : Old Net Name=NetC20_1 New Net Name=NetC22_1
Change Net Name : Old Net Name=NetC21_1 New Net Name=NetC23_1
Change Net Name : Old Net Name=NetC23_2 New Net Name=NetC25_2
Change Net Name : Old Net Name=NetR1_1 New Net Name=NetR2_1
Added Member To Class: ClassName=carte_balise_v100 Member=Component C24 4.7u/16V/0603
Added Member To Class: ClassName=carte_balise_v100 Member=Component C25 4.7u/16V/0603
