Added Member To Class: ClassName=carte_balise_v100 Member=Component C? 100n/0402
Added Member To Class: ClassName=carte_balise_v100 Member=Component CAN1 CONNECT_CAN
Added Member To Class: ClassName=carte_balise_v100 Member=Component CAN2 CONNECT_CAN
Added Member To Class: ClassName=carte_balise_v100 Member=Component H1 MOUNT-HOLE3.2
Added Member To Class: ClassName=carte_balise_v100 Member=Component H2 MOUNT-HOLE3.2
Added Member To Class: ClassName=carte_balise_v100 Member=Component H3 MOUNT-HOLE3.2
Added Member To Class: ClassName=carte_balise_v100 Member=Component H4 MOUNT-HOLE3.2
Added Member To Class: ClassName=carte_balise_v100 Member=Component I/OS2 PINHD-1X08_2.54
Added Member To Class: ClassName=carte_balise_v100 Member=Component IC1 DSPIC33EP512MU810-X_PF
Added Member To Class: ClassName=carte_balise_v100 Member=Component IC2 MCP2551/SN
Added Member To Class: ClassName=carte_balise_v100 Member=Component IC4 MCP2551/SN
Added Member To Class: ClassName=carte_balise_v100 Member=Component JP1 PINHD-2X3
Added Member To Class: ClassName=carte_balise_v100 Member=Component JP2 PINHD-2X3
Added Member To Class: ClassName=carte_balise_v100 Member=Component JP3 PINHD-2X3
Added Member To Class: ClassName=carte_balise_v100 Member=Component JP4 PINHD-2X3
Added Member To Class: ClassName=carte_balise_v100 Member=Component JP5 PINHD-2X3
Added Member To Class: ClassName=carte_balise_v100 Member=Component JP6 PINHD-2X3
Added Member To Class: ClassName=carte_balise_v100 Member=Component JP7 PINHD-2X3
Added Member To Class: ClassName=carte_balise_v100 Member=Component JP8 PINHD-2X3
Added Member To Class: ClassName=carte_balise_v100 Member=Component JP9 PINHD-2X3
Added Member To Class: ClassName=carte_balise_v100 Member=Component JP10 PINHD-2X3
Added Member To Class: ClassName=carte_balise_v100 Member=Component JP11 PINHD-2X3
Added Member To Class: ClassName=carte_balise_v100 Member=Component JP12 PINHD-2X3
Added Member To Class: ClassName=carte_balise_v100 Member=Component LED? NE
Added Member To Class: ClassName=carte_balise_v100 Member=Component PROG1 FE05-1
Added Member To Class: ClassName=carte_balise_v100 Member=Component PWM_CON PINHD-1X08_2.54
Added Member To Class: ClassName=carte_balise_v100 Member=Component Q? DMP2035
Added Member To Class: ClassName=carte_balise_v100 Member=Component R? 79K3/0402
Added Member To Class: ClassName=carte_balise_v100 Member=Component U1 ADXL362
Added Member To Class: ClassName=carte_balise_v100 Member=Component U$1 OSHW-LOGOS
Added Member To Class: ClassName=carte_balise_v100 Member=Component U$2 SN75C3232_PW
Added Member To Class: ClassName=carte_balise_v100 Member=Component U$3 L_603
Added Member To Class: ClassName=carte_balise_v100 Member=Component U$27 PTR08100W
Added Member To Class: ClassName=carte_balise_v100 Member=Component U? MRF24J40MAT-I/RM
Added Member To Class: ClassName=carte_balise_v100 Member=Component UART1 CONNECT_3PINS_CMS
Added Member To Class: ClassName=carte_balise_v100 Member=Component UART2 CONNECT_3PINS_CMS
Added Member To Class: ClassName=carte_balise_v100 Member=Component X6 +12V
Added Member To Class: ClassName=carte_balise_v100 Member=Component Y? TXC-7A-12MHz
Added Room: Name=carte_balise_v100
